<html>
<head>
<title>TestNG:  Test1</title>
<link href="../testng.css" rel="stylesheet" type="text/css" />
<link href="../my-testng.css" rel="stylesheet" type="text/css" />

<style type="text/css">
.log { display: none;} 
.stack-trace { display: none;} 
</style>
<script type="text/javascript">
<!--
function flip(e) {
  current = e.style.display;
  if (current == 'block') {
    e.style.display = 'none';
    return 0;
  }
  else {
    e.style.display = 'block';
    return 1;
  }
}

function toggleBox(szDivId, elem, msg1, msg2)
{
  var res = -1;  if (document.getElementById) {
    res = flip(document.getElementById(szDivId));
  }
  else if (document.all) {
    // this is the way old msie versions work
    res = flip(document.all[szDivId]);
  }
  if(elem) {
    if(res == 0) elem.innerHTML = msg1; else elem.innerHTML = msg2;
  }

}

function toggleAllBoxes() {
  if (document.getElementsByTagName) {
    d = document.getElementsByTagName('div');
    for (i = 0; i < d.length; i++) {
      if (d[i].className == 'log') {
        flip(d[i]);
      }
    }
  }
}

// -->
</script>

</head>
<body>
<h2 align='center'>Test1</h2><table border='1' align="center">
<tr>
<td>Tests passed/Failed/Skipped:</td><td>4/35/2</td>
</tr><tr>
<td>Started on:</td><td>Thu Aug 08 10:48:03 IST 2019</td>
</tr>
<tr><td>Total time:</td><td>5694 seconds (5694016 ms)</td>
</tr><tr>
<td>Included groups:</td><td></td>
</tr><tr>
<td>Excluded groups:</td><td></td>
</tr>
</table><p/>
<small><i>(Hover the method name to see the test class name)</i></small><p/>
<table width='100%' border='1' class='invocation-failed'>
<tr><td colspan='4' align='center'><b>FAILED TESTS</b></td></tr>
<tr><td><b>Test method</b></td>
<td width="30%"><b>Exception</b></td>
<td width="10%"><b>Time (seconds)</b></td>
<td><b>Instance</b></td>
</tr>
<tr>
<td title='com.viacom.audioplayer.VerifyAudioPlayerSettings.VerifyAudioPlayerSettings()'><b>VerifyAudioPlayerSettings</b><br>Test class: com.viacom.audioplayer.VerifyAudioPlayerSettings<br>Parameters: {Password=bhaskar, Runmode=Y, Email=9741039718}</td>
<td><div><pre>java.lang.AssertionError: Login Failed
	at com.viacom.pagesVersion2.BasePageV2.reportFail(BasePageV2.java:64)
	at com.viacom.pagesVersion2.HomePageV2.login(HomePageV2.java:1833)
	at com.viacom.audioplayer.VerifyAudioPlayerSettings.VerifyAudioPlayerSettings(VerifyAudioPlayerSettings.java:55)
... Removed 26 stack frames</pre></div><a href='#' onClick='toggleBox("stack-trace795631811", this, "Click to show all stack frames", "Click to hide stack frames")'>Click to show all stack frames</a>
<div class='stack-trace' id='stack-trace795631811'><pre>java.lang.AssertionError: Login Failed
	at org.testng.Assert.fail(Assert.java:96)
	at com.viacom.pagesVersion2.BasePageV2.reportFail(BasePageV2.java:64)
	at com.viacom.pagesVersion2.HomePageV2.login(HomePageV2.java:1833)
	at com.viacom.audioplayer.VerifyAudioPlayerSettings.VerifyAudioPlayerSettings(VerifyAudioPlayerSettings.java:55)
	at sun.reflect.NativeMethodAccessorImpl.invoke0(Native Method)
	at sun.reflect.NativeMethodAccessorImpl.invoke(Unknown Source)
	at sun.reflect.DelegatingMethodAccessorImpl.invoke(Unknown Source)
	at java.lang.reflect.Method.invoke(Unknown Source)
	at org.testng.internal.MethodInvocationHelper.invokeMethod(MethodInvocationHelper.java:124)
	at org.testng.internal.Invoker.invokeMethod(Invoker.java:580)
	at org.testng.internal.Invoker.invokeTestMethod(Invoker.java:716)
	at org.testng.internal.Invoker.invokeTestMethods(Invoker.java:988)
	at org.testng.internal.TestMethodWorker.invokeTestMethods(TestMethodWorker.java:125)
	at org.testng.internal.TestMethodWorker.run(TestMethodWorker.java:109)
	at org.testng.TestRunner.privateRun(TestRunner.java:648)
	at org.testng.TestRunner.run(TestRunner.java:505)
	at org.testng.SuiteRunner.runTest(SuiteRunner.java:455)
	at org.testng.SuiteRunner.runSequentially(SuiteRunner.java:450)
	at org.testng.SuiteRunner.privateRun(SuiteRunner.java:415)
	at org.testng.SuiteRunner.run(SuiteRunner.java:364)
	at org.testng.SuiteRunnerWorker.runSuite(SuiteRunnerWorker.java:52)
	at org.testng.SuiteRunnerWorker.run(SuiteRunnerWorker.java:84)
	at org.testng.TestNG.runSuitesSequentially(TestNG.java:1208)
	at org.testng.TestNG.runSuitesLocally(TestNG.java:1137)
	at org.testng.TestNG.runSuites(TestNG.java:1049)
	at org.testng.TestNG.run(TestNG.java:1017)
	at org.testng.remote.AbstractRemoteTestNG.run(AbstractRemoteTestNG.java:114)
	at org.testng.remote.RemoteTestNG.initAndRun(RemoteTestNG.java:251)
	at org.testng.remote.RemoteTestNG.main(RemoteTestNG.java:77)
</pre></div></td>
<td>131</td>
<td>com.viacom.audioplayer.VerifyAudioPlayerSettings@1b919693</td></tr>
<tr>
<td title='com.viacom.carousal.VerifyCarouselMetadataAndSwipeFeature.VerifyCarouselMetadataAndSwipeFeature()'><b>VerifyCarouselMetadataAndSwipeFeature</b><br>Test class: com.viacom.carousal.VerifyCarouselMetadataAndSwipeFeature<br>Parameters: {Password=tanisha19, Runmode=Y, Email=8792396107}</td>
<td><div><pre>java.lang.AssertionError: Login Failed
	at com.viacom.pagesVersion2.BasePageV2.reportFail(BasePageV2.java:64)
	at com.viacom.pagesVersion2.HomePageV2.login(HomePageV2.java:1833)
	at com.viacom.carousal.VerifyCarouselMetadataAndSwipeFeature.VerifyCarouselMetadataAndSwipeFeature(VerifyCarouselMetadataAndSwipeFeature.java:72)
... Removed 26 stack frames</pre></div><a href='#' onClick='toggleBox("stack-trace1901558635", this, "Click to show all stack frames", "Click to hide stack frames")'>Click to show all stack frames</a>
<div class='stack-trace' id='stack-trace1901558635'><pre>java.lang.AssertionError: Login Failed
	at org.testng.Assert.fail(Assert.java:96)
	at com.viacom.pagesVersion2.BasePageV2.reportFail(BasePageV2.java:64)
	at com.viacom.pagesVersion2.HomePageV2.login(HomePageV2.java:1833)
	at com.viacom.carousal.VerifyCarouselMetadataAndSwipeFeature.VerifyCarouselMetadataAndSwipeFeature(VerifyCarouselMetadataAndSwipeFeature.java:72)
	at sun.reflect.NativeMethodAccessorImpl.invoke0(Native Method)
	at sun.reflect.NativeMethodAccessorImpl.invoke(Unknown Source)
	at sun.reflect.DelegatingMethodAccessorImpl.invoke(Unknown Source)
	at java.lang.reflect.Method.invoke(Unknown Source)
	at org.testng.internal.MethodInvocationHelper.invokeMethod(MethodInvocationHelper.java:124)
	at org.testng.internal.Invoker.invokeMethod(Invoker.java:580)
	at org.testng.internal.Invoker.invokeTestMethod(Invoker.java:716)
	at org.testng.internal.Invoker.invokeTestMethods(Invoker.java:988)
	at org.testng.internal.TestMethodWorker.invokeTestMethods(TestMethodWorker.java:125)
	at org.testng.internal.TestMethodWorker.run(TestMethodWorker.java:109)
	at org.testng.TestRunner.privateRun(TestRunner.java:648)
	at org.testng.TestRunner.run(TestRunner.java:505)
	at org.testng.SuiteRunner.runTest(SuiteRunner.java:455)
	at org.testng.SuiteRunner.runSequentially(SuiteRunner.java:450)
	at org.testng.SuiteRunner.privateRun(SuiteRunner.java:415)
	at org.testng.SuiteRunner.run(SuiteRunner.java:364)
	at org.testng.SuiteRunnerWorker.runSuite(SuiteRunnerWorker.java:52)
	at org.testng.SuiteRunnerWorker.run(SuiteRunnerWorker.java:84)
	at org.testng.TestNG.runSuitesSequentially(TestNG.java:1208)
	at org.testng.TestNG.runSuitesLocally(TestNG.java:1137)
	at org.testng.TestNG.runSuites(TestNG.java:1049)
	at org.testng.TestNG.run(TestNG.java:1017)
	at org.testng.remote.AbstractRemoteTestNG.run(AbstractRemoteTestNG.java:114)
	at org.testng.remote.RemoteTestNG.initAndRun(RemoteTestNG.java:251)
	at org.testng.remote.RemoteTestNG.main(RemoteTestNG.java:77)
</pre></div></td>
<td>132</td>
<td>com.viacom.carousal.VerifyCarouselMetadataAndSwipeFeature@5c86a017</td></tr>
<tr>
<td title='com.viacom.downloads.VerifyCellularDownloadsOFFState.VerifyCellularDownloadsOFFState()'><b>VerifyCellularDownloadsOFFState</b><br>Test class: com.viacom.downloads.VerifyCellularDownloadsOFFState<br>Parameters: {Password=tanisha19, Runmode=Y, Email=8792396107}</td>
<td><div><pre>java.lang.AssertionError: Login Failed
	at com.viacom.pagesVersion2.BasePageV2.reportFail(BasePageV2.java:64)
	at com.viacom.pagesVersion2.HomePageV2.login(HomePageV2.java:1833)
	at com.viacom.downloads.VerifyCellularDownloadsOFFState.VerifyCellularDownloadsOFFState(VerifyCellularDownloadsOFFState.java:77)
... Removed 26 stack frames</pre></div><a href='#' onClick='toggleBox("stack-trace1627001910", this, "Click to show all stack frames", "Click to hide stack frames")'>Click to show all stack frames</a>
<div class='stack-trace' id='stack-trace1627001910'><pre>java.lang.AssertionError: Login Failed
	at org.testng.Assert.fail(Assert.java:96)
	at com.viacom.pagesVersion2.BasePageV2.reportFail(BasePageV2.java:64)
	at com.viacom.pagesVersion2.HomePageV2.login(HomePageV2.java:1833)
	at com.viacom.downloads.VerifyCellularDownloadsOFFState.VerifyCellularDownloadsOFFState(VerifyCellularDownloadsOFFState.java:77)
	at sun.reflect.NativeMethodAccessorImpl.invoke0(Native Method)
	at sun.reflect.NativeMethodAccessorImpl.invoke(Unknown Source)
	at sun.reflect.DelegatingMethodAccessorImpl.invoke(Unknown Source)
	at java.lang.reflect.Method.invoke(Unknown Source)
	at org.testng.internal.MethodInvocationHelper.invokeMethod(MethodInvocationHelper.java:124)
	at org.testng.internal.Invoker.invokeMethod(Invoker.java:580)
	at org.testng.internal.Invoker.invokeTestMethod(Invoker.java:716)
	at org.testng.internal.Invoker.invokeTestMethods(Invoker.java:988)
	at org.testng.internal.TestMethodWorker.invokeTestMethods(TestMethodWorker.java:125)
	at org.testng.internal.TestMethodWorker.run(TestMethodWorker.java:109)
	at org.testng.TestRunner.privateRun(TestRunner.java:648)
	at org.testng.TestRunner.run(TestRunner.java:505)
	at org.testng.SuiteRunner.runTest(SuiteRunner.java:455)
	at org.testng.SuiteRunner.runSequentially(SuiteRunner.java:450)
	at org.testng.SuiteRunner.privateRun(SuiteRunner.java:415)
	at org.testng.SuiteRunner.run(SuiteRunner.java:364)
	at org.testng.SuiteRunnerWorker.runSuite(SuiteRunnerWorker.java:52)
	at org.testng.SuiteRunnerWorker.run(SuiteRunnerWorker.java:84)
	at org.testng.TestNG.runSuitesSequentially(TestNG.java:1208)
	at org.testng.TestNG.runSuitesLocally(TestNG.java:1137)
	at org.testng.TestNG.runSuites(TestNG.java:1049)
	at org.testng.TestNG.run(TestNG.java:1017)
	at org.testng.remote.AbstractRemoteTestNG.run(AbstractRemoteTestNG.java:114)
	at org.testng.remote.RemoteTestNG.initAndRun(RemoteTestNG.java:251)
	at org.testng.remote.RemoteTestNG.main(RemoteTestNG.java:77)
</pre></div></td>
<td>184</td>
<td>com.viacom.downloads.VerifyCellularDownloadsOFFState@6933b6c6</td></tr>
<tr>
<td title='com.viacom.uinavigation.VerifyCharacterShowCard.VerifyCharacterShowCard()'><b>VerifyCharacterShowCard</b><br>Test class: com.viacom.uinavigation.VerifyCharacterShowCard<br>Parameters: {Password=tanisha19, Runmode=Y, Email=8792396107}</td>
<td><div><pre>java.lang.AssertionError: Login Failed
	at com.viacom.pagesVersion2.BasePageV2.reportFail(BasePageV2.java:64)
	at com.viacom.pagesVersion2.HomePageV2.login(HomePageV2.java:1833)
	at com.viacom.uinavigation.VerifyCharacterShowCard.VerifyCharacterShowCard(VerifyCharacterShowCard.java:55)
... Removed 26 stack frames</pre></div><a href='#' onClick='toggleBox("stack-trace610269729", this, "Click to show all stack frames", "Click to hide stack frames")'>Click to show all stack frames</a>
<div class='stack-trace' id='stack-trace610269729'><pre>java.lang.AssertionError: Login Failed
	at org.testng.Assert.fail(Assert.java:96)
	at com.viacom.pagesVersion2.BasePageV2.reportFail(BasePageV2.java:64)
	at com.viacom.pagesVersion2.HomePageV2.login(HomePageV2.java:1833)
	at com.viacom.uinavigation.VerifyCharacterShowCard.VerifyCharacterShowCard(VerifyCharacterShowCard.java:55)
	at sun.reflect.NativeMethodAccessorImpl.invoke0(Native Method)
	at sun.reflect.NativeMethodAccessorImpl.invoke(Unknown Source)
	at sun.reflect.DelegatingMethodAccessorImpl.invoke(Unknown Source)
	at java.lang.reflect.Method.invoke(Unknown Source)
	at org.testng.internal.MethodInvocationHelper.invokeMethod(MethodInvocationHelper.java:124)
	at org.testng.internal.Invoker.invokeMethod(Invoker.java:580)
	at org.testng.internal.Invoker.invokeTestMethod(Invoker.java:716)
	at org.testng.internal.Invoker.invokeTestMethods(Invoker.java:988)
	at org.testng.internal.TestMethodWorker.invokeTestMethods(TestMethodWorker.java:125)
	at org.testng.internal.TestMethodWorker.run(TestMethodWorker.java:109)
	at org.testng.TestRunner.privateRun(TestRunner.java:648)
	at org.testng.TestRunner.run(TestRunner.java:505)
	at org.testng.SuiteRunner.runTest(SuiteRunner.java:455)
	at org.testng.SuiteRunner.runSequentially(SuiteRunner.java:450)
	at org.testng.SuiteRunner.privateRun(SuiteRunner.java:415)
	at org.testng.SuiteRunner.run(SuiteRunner.java:364)
	at org.testng.SuiteRunnerWorker.runSuite(SuiteRunnerWorker.java:52)
	at org.testng.SuiteRunnerWorker.run(SuiteRunnerWorker.java:84)
	at org.testng.TestNG.runSuitesSequentially(TestNG.java:1208)
	at org.testng.TestNG.runSuitesLocally(TestNG.java:1137)
	at org.testng.TestNG.runSuites(TestNG.java:1049)
	at org.testng.TestNG.run(TestNG.java:1017)
	at org.testng.remote.AbstractRemoteTestNG.run(AbstractRemoteTestNG.java:114)
	at org.testng.remote.RemoteTestNG.initAndRun(RemoteTestNG.java:251)
	at org.testng.remote.RemoteTestNG.main(RemoteTestNG.java:77)
</pre></div></td>
<td>131</td>
<td>com.viacom.uinavigation.VerifyCharacterShowCard@4dc27487</td></tr>
<tr>
<td title='com.viacom.smoketestscripts.VerifyCharactersInCharactersTray.VerifyCharactersInCharactersTray()'><b>VerifyCharactersInCharactersTray</b><br>Test class: com.viacom.smoketestscripts.VerifyCharactersInCharactersTray<br>Parameters: {Password=tanisha19, Runmode=Y, Email=8792396107}</td>
<td><div><pre>java.lang.AssertionError: Login Failed
	at com.viacom.pagesVersion2.BasePageV2.reportFail(BasePageV2.java:64)
	at com.viacom.pagesVersion2.HomePageV2.login(HomePageV2.java:1833)
	at com.viacom.smoketestscripts.VerifyCharactersInCharactersTray.VerifyCharactersInCharactersTray(VerifyCharactersInCharactersTray.java:64)
... Removed 26 stack frames</pre></div><a href='#' onClick='toggleBox("stack-trace181292433", this, "Click to show all stack frames", "Click to hide stack frames")'>Click to show all stack frames</a>
<div class='stack-trace' id='stack-trace181292433'><pre>java.lang.AssertionError: Login Failed
	at org.testng.Assert.fail(Assert.java:96)
	at com.viacom.pagesVersion2.BasePageV2.reportFail(BasePageV2.java:64)
	at com.viacom.pagesVersion2.HomePageV2.login(HomePageV2.java:1833)
	at com.viacom.smoketestscripts.VerifyCharactersInCharactersTray.VerifyCharactersInCharactersTray(VerifyCharactersInCharactersTray.java:64)
	at sun.reflect.NativeMethodAccessorImpl.invoke0(Native Method)
	at sun.reflect.NativeMethodAccessorImpl.invoke(Unknown Source)
	at sun.reflect.DelegatingMethodAccessorImpl.invoke(Unknown Source)
	at java.lang.reflect.Method.invoke(Unknown Source)
	at org.testng.internal.MethodInvocationHelper.invokeMethod(MethodInvocationHelper.java:124)
	at org.testng.internal.Invoker.invokeMethod(Invoker.java:580)
	at org.testng.internal.Invoker.invokeTestMethod(Invoker.java:716)
	at org.testng.internal.Invoker.invokeTestMethods(Invoker.java:988)
	at org.testng.internal.TestMethodWorker.invokeTestMethods(TestMethodWorker.java:125)
	at org.testng.internal.TestMethodWorker.run(TestMethodWorker.java:109)
	at org.testng.TestRunner.privateRun(TestRunner.java:648)
	at org.testng.TestRunner.run(TestRunner.java:505)
	at org.testng.SuiteRunner.runTest(SuiteRunner.java:455)
	at org.testng.SuiteRunner.runSequentially(SuiteRunner.java:450)
	at org.testng.SuiteRunner.privateRun(SuiteRunner.java:415)
	at org.testng.SuiteRunner.run(SuiteRunner.java:364)
	at org.testng.SuiteRunnerWorker.runSuite(SuiteRunnerWorker.java:52)
	at org.testng.SuiteRunnerWorker.run(SuiteRunnerWorker.java:84)
	at org.testng.TestNG.runSuitesSequentially(TestNG.java:1208)
	at org.testng.TestNG.runSuitesLocally(TestNG.java:1137)
	at org.testng.TestNG.runSuites(TestNG.java:1049)
	at org.testng.TestNG.run(TestNG.java:1017)
	at org.testng.remote.AbstractRemoteTestNG.run(AbstractRemoteTestNG.java:114)
	at org.testng.remote.RemoteTestNG.initAndRun(RemoteTestNG.java:251)
	at org.testng.remote.RemoteTestNG.main(RemoteTestNG.java:77)
</pre></div></td>
<td>136</td>
<td>com.viacom.smoketestscripts.VerifyCharactersInCharactersTray@6a4f1a55</td></tr>
<tr>
<td title='com.viacom.chromecast.VerifyChromecastMovie.VerifyChromecastMovie()'><b>VerifyChromecastMovie</b><br>Test class: com.viacom.chromecast.VerifyChromecastMovie<br>Parameters: {Password=tanisha19, Runmode=Y, Email=8.792396107E9}</td>
<td><div><pre>java.lang.AssertionError: Failed to click on Tab: Watch
	at com.viacom.pagesVersion2.BasePageV2.reportFail(BasePageV2.java:64)
	at com.viacom.pagesVersion2.HomePageV2.tabClick(HomePageV2.java:1415)
	at com.viacom.chromecast.VerifyChromecastMovie.VerifyChromecastMovie(VerifyChromecastMovie.java:95)
... Removed 26 stack frames</pre></div><a href='#' onClick='toggleBox("stack-trace2143268962", this, "Click to show all stack frames", "Click to hide stack frames")'>Click to show all stack frames</a>
<div class='stack-trace' id='stack-trace2143268962'><pre>java.lang.AssertionError: Failed to click on Tab: Watch
	at org.testng.Assert.fail(Assert.java:96)
	at com.viacom.pagesVersion2.BasePageV2.reportFail(BasePageV2.java:64)
	at com.viacom.pagesVersion2.HomePageV2.tabClick(HomePageV2.java:1415)
	at com.viacom.chromecast.VerifyChromecastMovie.VerifyChromecastMovie(VerifyChromecastMovie.java:95)
	at sun.reflect.NativeMethodAccessorImpl.invoke0(Native Method)
	at sun.reflect.NativeMethodAccessorImpl.invoke(Unknown Source)
	at sun.reflect.DelegatingMethodAccessorImpl.invoke(Unknown Source)
	at java.lang.reflect.Method.invoke(Unknown Source)
	at org.testng.internal.MethodInvocationHelper.invokeMethod(MethodInvocationHelper.java:124)
	at org.testng.internal.Invoker.invokeMethod(Invoker.java:580)
	at org.testng.internal.Invoker.invokeTestMethod(Invoker.java:716)
	at org.testng.internal.Invoker.invokeTestMethods(Invoker.java:988)
	at org.testng.internal.TestMethodWorker.invokeTestMethods(TestMethodWorker.java:125)
	at org.testng.internal.TestMethodWorker.run(TestMethodWorker.java:109)
	at org.testng.TestRunner.privateRun(TestRunner.java:648)
	at org.testng.TestRunner.run(TestRunner.java:505)
	at org.testng.SuiteRunner.runTest(SuiteRunner.java:455)
	at org.testng.SuiteRunner.runSequentially(SuiteRunner.java:450)
	at org.testng.SuiteRunner.privateRun(SuiteRunner.java:415)
	at org.testng.SuiteRunner.run(SuiteRunner.java:364)
	at org.testng.SuiteRunnerWorker.runSuite(SuiteRunnerWorker.java:52)
	at org.testng.SuiteRunnerWorker.run(SuiteRunnerWorker.java:84)
	at org.testng.TestNG.runSuitesSequentially(TestNG.java:1208)
	at org.testng.TestNG.runSuitesLocally(TestNG.java:1137)
	at org.testng.TestNG.runSuites(TestNG.java:1049)
	at org.testng.TestNG.run(TestNG.java:1017)
	at org.testng.remote.AbstractRemoteTestNG.run(AbstractRemoteTestNG.java:114)
	at org.testng.remote.RemoteTestNG.initAndRun(RemoteTestNG.java:251)
	at org.testng.remote.RemoteTestNG.main(RemoteTestNG.java:77)
</pre></div></td>
<td>64</td>
<td>com.viacom.chromecast.VerifyChromecastMovie@7139992f</td></tr>
<tr>
<td title='com.viacom.settings.VerifyDeviceSettingsAfterLogout.VerifyDeviceSettingsAfterLogout()'><b>VerifyDeviceSettingsAfterLogout</b><br>Test class: com.viacom.settings.VerifyDeviceSettingsAfterLogout<br>Parameters: {Password=bhaskar, Runmode=Y, Email=9741039718}</td>
<td><div><pre>java.lang.AssertionError: Login Failed
	at com.viacom.pagesVersion2.BasePageV2.reportFail(BasePageV2.java:64)
	at com.viacom.pagesVersion2.HomePageV2.login(HomePageV2.java:1833)
	at com.viacom.settings.VerifyDeviceSettingsAfterLogout.VerifyDeviceSettingsAfterLogout(VerifyDeviceSettingsAfterLogout.java:76)
... Removed 26 stack frames</pre></div><a href='#' onClick='toggleBox("stack-trace1342472418", this, "Click to show all stack frames", "Click to hide stack frames")'>Click to show all stack frames</a>
<div class='stack-trace' id='stack-trace1342472418'><pre>java.lang.AssertionError: Login Failed
	at org.testng.Assert.fail(Assert.java:96)
	at com.viacom.pagesVersion2.BasePageV2.reportFail(BasePageV2.java:64)
	at com.viacom.pagesVersion2.HomePageV2.login(HomePageV2.java:1833)
	at com.viacom.settings.VerifyDeviceSettingsAfterLogout.VerifyDeviceSettingsAfterLogout(VerifyDeviceSettingsAfterLogout.java:76)
	at sun.reflect.NativeMethodAccessorImpl.invoke0(Native Method)
	at sun.reflect.NativeMethodAccessorImpl.invoke(Unknown Source)
	at sun.reflect.DelegatingMethodAccessorImpl.invoke(Unknown Source)
	at java.lang.reflect.Method.invoke(Unknown Source)
	at org.testng.internal.MethodInvocationHelper.invokeMethod(MethodInvocationHelper.java:124)
	at org.testng.internal.Invoker.invokeMethod(Invoker.java:580)
	at org.testng.internal.Invoker.invokeTestMethod(Invoker.java:716)
	at org.testng.internal.Invoker.invokeTestMethods(Invoker.java:988)
	at org.testng.internal.TestMethodWorker.invokeTestMethods(TestMethodWorker.java:125)
	at org.testng.internal.TestMethodWorker.run(TestMethodWorker.java:109)
	at org.testng.TestRunner.privateRun(TestRunner.java:648)
	at org.testng.TestRunner.run(TestRunner.java:505)
	at org.testng.SuiteRunner.runTest(SuiteRunner.java:455)
	at org.testng.SuiteRunner.runSequentially(SuiteRunner.java:450)
	at org.testng.SuiteRunner.privateRun(SuiteRunner.java:415)
	at org.testng.SuiteRunner.run(SuiteRunner.java:364)
	at org.testng.SuiteRunnerWorker.runSuite(SuiteRunnerWorker.java:52)
	at org.testng.SuiteRunnerWorker.run(SuiteRunnerWorker.java:84)
	at org.testng.TestNG.runSuitesSequentially(TestNG.java:1208)
	at org.testng.TestNG.runSuitesLocally(TestNG.java:1137)
	at org.testng.TestNG.runSuites(TestNG.java:1049)
	at org.testng.TestNG.run(TestNG.java:1017)
	at org.testng.remote.AbstractRemoteTestNG.run(AbstractRemoteTestNG.java:114)
	at org.testng.remote.RemoteTestNG.initAndRun(RemoteTestNG.java:251)
	at org.testng.remote.RemoteTestNG.main(RemoteTestNG.java:77)
</pre></div></td>
<td>167</td>
<td>com.viacom.settings.VerifyDeviceSettingsAfterLogout@1f9e9475</td></tr>
<tr>
<td title='com.viacom.downloads.VerifyDownloads.VerifyDownloads()'><b>VerifyDownloads</b><br>Test class: com.viacom.downloads.VerifyDownloads<br>Parameters: {Password=tanisha19, Runmode=Y, Email=8792396107}</td>
<td><div><pre>java.lang.AssertionError: Login Failed
	at com.viacom.pagesVersion2.BasePageV2.reportFail(BasePageV2.java:64)
	at com.viacom.pagesVersion2.HomePageV2.login(HomePageV2.java:1833)
	at com.viacom.downloads.VerifyDownloads.VerifyDownloads(VerifyDownloads.java:68)
... Removed 26 stack frames</pre></div><a href='#' onClick='toggleBox("stack-trace829159718", this, "Click to show all stack frames", "Click to hide stack frames")'>Click to show all stack frames</a>
<div class='stack-trace' id='stack-trace829159718'><pre>java.lang.AssertionError: Login Failed
	at org.testng.Assert.fail(Assert.java:96)
	at com.viacom.pagesVersion2.BasePageV2.reportFail(BasePageV2.java:64)
	at com.viacom.pagesVersion2.HomePageV2.login(HomePageV2.java:1833)
	at com.viacom.downloads.VerifyDownloads.VerifyDownloads(VerifyDownloads.java:68)
	at sun.reflect.NativeMethodAccessorImpl.invoke0(Native Method)
	at sun.reflect.NativeMethodAccessorImpl.invoke(Unknown Source)
	at sun.reflect.DelegatingMethodAccessorImpl.invoke(Unknown Source)
	at java.lang.reflect.Method.invoke(Unknown Source)
	at org.testng.internal.MethodInvocationHelper.invokeMethod(MethodInvocationHelper.java:124)
	at org.testng.internal.Invoker.invokeMethod(Invoker.java:580)
	at org.testng.internal.Invoker.invokeTestMethod(Invoker.java:716)
	at org.testng.internal.Invoker.invokeTestMethods(Invoker.java:988)
	at org.testng.internal.TestMethodWorker.invokeTestMethods(TestMethodWorker.java:125)
	at org.testng.internal.TestMethodWorker.run(TestMethodWorker.java:109)
	at org.testng.TestRunner.privateRun(TestRunner.java:648)
	at org.testng.TestRunner.run(TestRunner.java:505)
	at org.testng.SuiteRunner.runTest(SuiteRunner.java:455)
	at org.testng.SuiteRunner.runSequentially(SuiteRunner.java:450)
	at org.testng.SuiteRunner.privateRun(SuiteRunner.java:415)
	at org.testng.SuiteRunner.run(SuiteRunner.java:364)
	at org.testng.SuiteRunnerWorker.runSuite(SuiteRunnerWorker.java:52)
	at org.testng.SuiteRunnerWorker.run(SuiteRunnerWorker.java:84)
	at org.testng.TestNG.runSuitesSequentially(TestNG.java:1208)
	at org.testng.TestNG.runSuitesLocally(TestNG.java:1137)
	at org.testng.TestNG.runSuites(TestNG.java:1049)
	at org.testng.TestNG.run(TestNG.java:1017)
	at org.testng.remote.AbstractRemoteTestNG.run(AbstractRemoteTestNG.java:114)
	at org.testng.remote.RemoteTestNG.initAndRun(RemoteTestNG.java:251)
	at org.testng.remote.RemoteTestNG.main(RemoteTestNG.java:77)
</pre></div></td>
<td>131</td>
<td>com.viacom.downloads.VerifyDownloads@7dfd3c81</td></tr>
<tr>
<td title='com.viacom.ebook.VerifyEbookDefaults.VerifyEbookDefaults()'><b>VerifyEbookDefaults</b><br>Test class: com.viacom.ebook.VerifyEbookDefaults<br>Parameters: {Password=tanisha19, Runmode=Y, Email=8792396107}</td>
<td><div><pre>java.lang.AssertionError: Login Failed
	at com.viacom.pagesVersion2.BasePageV2.reportFail(BasePageV2.java:64)
	at com.viacom.pagesVersion2.HomePageV2.login(HomePageV2.java:1833)
	at com.viacom.ebook.VerifyEbookDefaults.VerifyEbookDefaults(VerifyEbookDefaults.java:78)
... Removed 26 stack frames</pre></div><a href='#' onClick='toggleBox("stack-trace2024103961", this, "Click to show all stack frames", "Click to hide stack frames")'>Click to show all stack frames</a>
<div class='stack-trace' id='stack-trace2024103961'><pre>java.lang.AssertionError: Login Failed
	at org.testng.Assert.fail(Assert.java:96)
	at com.viacom.pagesVersion2.BasePageV2.reportFail(BasePageV2.java:64)
	at com.viacom.pagesVersion2.HomePageV2.login(HomePageV2.java:1833)
	at com.viacom.ebook.VerifyEbookDefaults.VerifyEbookDefaults(VerifyEbookDefaults.java:78)
	at sun.reflect.NativeMethodAccessorImpl.invoke0(Native Method)
	at sun.reflect.NativeMethodAccessorImpl.invoke(Unknown Source)
	at sun.reflect.DelegatingMethodAccessorImpl.invoke(Unknown Source)
	at java.lang.reflect.Method.invoke(Unknown Source)
	at org.testng.internal.MethodInvocationHelper.invokeMethod(MethodInvocationHelper.java:124)
	at org.testng.internal.Invoker.invokeMethod(Invoker.java:580)
	at org.testng.internal.Invoker.invokeTestMethod(Invoker.java:716)
	at org.testng.internal.Invoker.invokeTestMethods(Invoker.java:988)
	at org.testng.internal.TestMethodWorker.invokeTestMethods(TestMethodWorker.java:125)
	at org.testng.internal.TestMethodWorker.run(TestMethodWorker.java:109)
	at org.testng.TestRunner.privateRun(TestRunner.java:648)
	at org.testng.TestRunner.run(TestRunner.java:505)
	at org.testng.SuiteRunner.runTest(SuiteRunner.java:455)
	at org.testng.SuiteRunner.runSequentially(SuiteRunner.java:450)
	at org.testng.SuiteRunner.privateRun(SuiteRunner.java:415)
	at org.testng.SuiteRunner.run(SuiteRunner.java:364)
	at org.testng.SuiteRunnerWorker.runSuite(SuiteRunnerWorker.java:52)
	at org.testng.SuiteRunnerWorker.run(SuiteRunnerWorker.java:84)
	at org.testng.TestNG.runSuitesSequentially(TestNG.java:1208)
	at org.testng.TestNG.runSuitesLocally(TestNG.java:1137)
	at org.testng.TestNG.runSuites(TestNG.java:1049)
	at org.testng.TestNG.run(TestNG.java:1017)
	at org.testng.remote.AbstractRemoteTestNG.run(AbstractRemoteTestNG.java:114)
	at org.testng.remote.RemoteTestNG.initAndRun(RemoteTestNG.java:251)
	at org.testng.remote.RemoteTestNG.main(RemoteTestNG.java:77)
</pre></div></td>
<td>140</td>
<td>com.viacom.ebook.VerifyEbookDefaults@7bbc8656</td></tr>
<tr>
<td title='com.viacom.vodplayer.VerifyEpisodesTray.VerifyEpisodesTray()'><b>VerifyEpisodesTray</b><br>Test class: com.viacom.vodplayer.VerifyEpisodesTray<br>Parameters: {Password=tanisha19, Runmode=Y, Email=8792396107}</td>
<td><div><pre>java.lang.AssertionError: Failed to click on Tab: Watch
	at com.viacom.pagesVersion2.BasePageV2.reportFail(BasePageV2.java:64)
	at com.viacom.pagesVersion2.HomePageV2.tabClick(HomePageV2.java:1415)
	at com.viacom.vodplayer.VerifyEpisodesTray.VerifyEpisodesTray(VerifyEpisodesTray.java:109)
... Removed 26 stack frames</pre></div><a href='#' onClick='toggleBox("stack-trace317382941", this, "Click to show all stack frames", "Click to hide stack frames")'>Click to show all stack frames</a>
<div class='stack-trace' id='stack-trace317382941'><pre>java.lang.AssertionError: Failed to click on Tab: Watch
	at org.testng.Assert.fail(Assert.java:96)
	at com.viacom.pagesVersion2.BasePageV2.reportFail(BasePageV2.java:64)
	at com.viacom.pagesVersion2.HomePageV2.tabClick(HomePageV2.java:1415)
	at com.viacom.vodplayer.VerifyEpisodesTray.VerifyEpisodesTray(VerifyEpisodesTray.java:109)
	at sun.reflect.NativeMethodAccessorImpl.invoke0(Native Method)
	at sun.reflect.NativeMethodAccessorImpl.invoke(Unknown Source)
	at sun.reflect.DelegatingMethodAccessorImpl.invoke(Unknown Source)
	at java.lang.reflect.Method.invoke(Unknown Source)
	at org.testng.internal.MethodInvocationHelper.invokeMethod(MethodInvocationHelper.java:124)
	at org.testng.internal.Invoker.invokeMethod(Invoker.java:580)
	at org.testng.internal.Invoker.invokeTestMethod(Invoker.java:716)
	at org.testng.internal.Invoker.invokeTestMethods(Invoker.java:988)
	at org.testng.internal.TestMethodWorker.invokeTestMethods(TestMethodWorker.java:125)
	at org.testng.internal.TestMethodWorker.run(TestMethodWorker.java:109)
	at org.testng.TestRunner.privateRun(TestRunner.java:648)
	at org.testng.TestRunner.run(TestRunner.java:505)
	at org.testng.SuiteRunner.runTest(SuiteRunner.java:455)
	at org.testng.SuiteRunner.runSequentially(SuiteRunner.java:450)
	at org.testng.SuiteRunner.privateRun(SuiteRunner.java:415)
	at org.testng.SuiteRunner.run(SuiteRunner.java:364)
	at org.testng.SuiteRunnerWorker.runSuite(SuiteRunnerWorker.java:52)
	at org.testng.SuiteRunnerWorker.run(SuiteRunnerWorker.java:84)
	at org.testng.TestNG.runSuitesSequentially(TestNG.java:1208)
	at org.testng.TestNG.runSuitesLocally(TestNG.java:1137)
	at org.testng.TestNG.runSuites(TestNG.java:1049)
	at org.testng.TestNG.run(TestNG.java:1017)
	at org.testng.remote.AbstractRemoteTestNG.run(AbstractRemoteTestNG.java:114)
	at org.testng.remote.RemoteTestNG.initAndRun(RemoteTestNG.java:251)
	at org.testng.remote.RemoteTestNG.main(RemoteTestNG.java:77)
</pre></div></td>
<td>74</td>
<td>com.viacom.vodplayer.VerifyEpisodesTray@5276d6ee</td></tr>
<tr>
<td title='com.viacom.favourites.VerifyFavouriteAddedAudioAndEpisode.VerifyFavouriteAddedAudioAndEpisode()'><b>VerifyFavouriteAddedAudioAndEpisode</b><br>Test class: com.viacom.favourites.VerifyFavouriteAddedAudioAndEpisode<br>Parameters: {Password=tanisha19, Runmode=Y, Email=8792396107}</td>
<td><div><pre>java.lang.AssertionError: Login Failed
	at com.viacom.pagesVersion2.BasePageV2.reportFail(BasePageV2.java:64)
	at com.viacom.pagesVersion2.HomePageV2.login(HomePageV2.java:1833)
	at com.viacom.favourites.VerifyFavouriteAddedAudioAndEpisode.VerifyFavouriteAddedAudioAndEpisode(VerifyFavouriteAddedAudioAndEpisode.java:56)
... Removed 26 stack frames</pre></div><a href='#' onClick='toggleBox("stack-trace1625151445", this, "Click to show all stack frames", "Click to hide stack frames")'>Click to show all stack frames</a>
<div class='stack-trace' id='stack-trace1625151445'><pre>java.lang.AssertionError: Login Failed
	at org.testng.Assert.fail(Assert.java:96)
	at com.viacom.pagesVersion2.BasePageV2.reportFail(BasePageV2.java:64)
	at com.viacom.pagesVersion2.HomePageV2.login(HomePageV2.java:1833)
	at com.viacom.favourites.VerifyFavouriteAddedAudioAndEpisode.VerifyFavouriteAddedAudioAndEpisode(VerifyFavouriteAddedAudioAndEpisode.java:56)
	at sun.reflect.NativeMethodAccessorImpl.invoke0(Native Method)
	at sun.reflect.NativeMethodAccessorImpl.invoke(Unknown Source)
	at sun.reflect.DelegatingMethodAccessorImpl.invoke(Unknown Source)
	at java.lang.reflect.Method.invoke(Unknown Source)
	at org.testng.internal.MethodInvocationHelper.invokeMethod(MethodInvocationHelper.java:124)
	at org.testng.internal.Invoker.invokeMethod(Invoker.java:580)
	at org.testng.internal.Invoker.invokeTestMethod(Invoker.java:716)
	at org.testng.internal.Invoker.invokeTestMethods(Invoker.java:988)
	at org.testng.internal.TestMethodWorker.invokeTestMethods(TestMethodWorker.java:125)
	at org.testng.internal.TestMethodWorker.run(TestMethodWorker.java:109)
	at org.testng.TestRunner.privateRun(TestRunner.java:648)
	at org.testng.TestRunner.run(TestRunner.java:505)
	at org.testng.SuiteRunner.runTest(SuiteRunner.java:455)
	at org.testng.SuiteRunner.runSequentially(SuiteRunner.java:450)
	at org.testng.SuiteRunner.privateRun(SuiteRunner.java:415)
	at org.testng.SuiteRunner.run(SuiteRunner.java:364)
	at org.testng.SuiteRunnerWorker.runSuite(SuiteRunnerWorker.java:52)
	at org.testng.SuiteRunnerWorker.run(SuiteRunnerWorker.java:84)
	at org.testng.TestNG.runSuitesSequentially(TestNG.java:1208)
	at org.testng.TestNG.runSuitesLocally(TestNG.java:1137)
	at org.testng.TestNG.runSuites(TestNG.java:1049)
	at org.testng.TestNG.run(TestNG.java:1017)
	at org.testng.remote.AbstractRemoteTestNG.run(AbstractRemoteTestNG.java:114)
	at org.testng.remote.RemoteTestNG.initAndRun(RemoteTestNG.java:251)
	at org.testng.remote.RemoteTestNG.main(RemoteTestNG.java:77)
</pre></div></td>
<td>132</td>
<td>com.viacom.favourites.VerifyFavouriteAddedAudioAndEpisode@7d3e8655</td></tr>
<tr>
<td title='com.viacom.favourites.VerifyFavouriteAddedBookAndNavigation.VerifyFavouriteAddedBookAndNavigation()'><b>VerifyFavouriteAddedBookAndNavigation</b><br>Test class: com.viacom.favourites.VerifyFavouriteAddedBookAndNavigation<br>Parameters: {Password=tanisha19, Runmode=Y, Email=8792396107}</td>
<td><div><pre>java.lang.AssertionError: Login Failed
	at com.viacom.pagesVersion2.BasePageV2.reportFail(BasePageV2.java:64)
	at com.viacom.pagesVersion2.HomePageV2.login(HomePageV2.java:1833)
	at com.viacom.favourites.VerifyFavouriteAddedBookAndNavigation.VerifyFavouriteAddedBookAndNavigation(VerifyFavouriteAddedBookAndNavigation.java:76)
... Removed 26 stack frames</pre></div><a href='#' onClick='toggleBox("stack-trace338578981", this, "Click to show all stack frames", "Click to hide stack frames")'>Click to show all stack frames</a>
<div class='stack-trace' id='stack-trace338578981'><pre>java.lang.AssertionError: Login Failed
	at org.testng.Assert.fail(Assert.java:96)
	at com.viacom.pagesVersion2.BasePageV2.reportFail(BasePageV2.java:64)
	at com.viacom.pagesVersion2.HomePageV2.login(HomePageV2.java:1833)
	at com.viacom.favourites.VerifyFavouriteAddedBookAndNavigation.VerifyFavouriteAddedBookAndNavigation(VerifyFavouriteAddedBookAndNavigation.java:76)
	at sun.reflect.NativeMethodAccessorImpl.invoke0(Native Method)
	at sun.reflect.NativeMethodAccessorImpl.invoke(Unknown Source)
	at sun.reflect.DelegatingMethodAccessorImpl.invoke(Unknown Source)
	at java.lang.reflect.Method.invoke(Unknown Source)
	at org.testng.internal.MethodInvocationHelper.invokeMethod(MethodInvocationHelper.java:124)
	at org.testng.internal.Invoker.invokeMethod(Invoker.java:580)
	at org.testng.internal.Invoker.invokeTestMethod(Invoker.java:716)
	at org.testng.internal.Invoker.invokeTestMethods(Invoker.java:988)
	at org.testng.internal.TestMethodWorker.invokeTestMethods(TestMethodWorker.java:125)
	at org.testng.internal.TestMethodWorker.run(TestMethodWorker.java:109)
	at org.testng.TestRunner.privateRun(TestRunner.java:648)
	at org.testng.TestRunner.run(TestRunner.java:505)
	at org.testng.SuiteRunner.runTest(SuiteRunner.java:455)
	at org.testng.SuiteRunner.runSequentially(SuiteRunner.java:450)
	at org.testng.SuiteRunner.privateRun(SuiteRunner.java:415)
	at org.testng.SuiteRunner.run(SuiteRunner.java:364)
	at org.testng.SuiteRunnerWorker.runSuite(SuiteRunnerWorker.java:52)
	at org.testng.SuiteRunnerWorker.run(SuiteRunnerWorker.java:84)
	at org.testng.TestNG.runSuitesSequentially(TestNG.java:1208)
	at org.testng.TestNG.runSuitesLocally(TestNG.java:1137)
	at org.testng.TestNG.runSuites(TestNG.java:1049)
	at org.testng.TestNG.run(TestNG.java:1017)
	at org.testng.remote.AbstractRemoteTestNG.run(AbstractRemoteTestNG.java:114)
	at org.testng.remote.RemoteTestNG.initAndRun(RemoteTestNG.java:251)
	at org.testng.remote.RemoteTestNG.main(RemoteTestNG.java:77)
</pre></div></td>
<td>164</td>
<td>com.viacom.favourites.VerifyFavouriteAddedBookAndNavigation@7dfb0c0f</td></tr>
<tr>
<td title='com.viacom.favourites.VerifyFavouritesTrayAndIcon.VerifyFavouritesTrayAndIcon()'><b>VerifyFavouritesTrayAndIcon</b><br>Test class: com.viacom.favourites.VerifyFavouritesTrayAndIcon<br>Parameters: {Password=tanisha19, Runmode=Y, Email=8792396107}</td>
<td><div><pre>java.lang.AssertionError: Login Failed
	at com.viacom.pagesVersion2.BasePageV2.reportFail(BasePageV2.java:64)
	at com.viacom.pagesVersion2.HomePageV2.login(HomePageV2.java:1833)
	at com.viacom.favourites.VerifyFavouritesTrayAndIcon.VerifyFavouritesTrayAndIcon(VerifyFavouritesTrayAndIcon.java:56)
... Removed 26 stack frames</pre></div><a href='#' onClick='toggleBox("stack-trace1363878788", this, "Click to show all stack frames", "Click to hide stack frames")'>Click to show all stack frames</a>
<div class='stack-trace' id='stack-trace1363878788'><pre>java.lang.AssertionError: Login Failed
	at org.testng.Assert.fail(Assert.java:96)
	at com.viacom.pagesVersion2.BasePageV2.reportFail(BasePageV2.java:64)
	at com.viacom.pagesVersion2.HomePageV2.login(HomePageV2.java:1833)
	at com.viacom.favourites.VerifyFavouritesTrayAndIcon.VerifyFavouritesTrayAndIcon(VerifyFavouritesTrayAndIcon.java:56)
	at sun.reflect.NativeMethodAccessorImpl.invoke0(Native Method)
	at sun.reflect.NativeMethodAccessorImpl.invoke(Unknown Source)
	at sun.reflect.DelegatingMethodAccessorImpl.invoke(Unknown Source)
	at java.lang.reflect.Method.invoke(Unknown Source)
	at org.testng.internal.MethodInvocationHelper.invokeMethod(MethodInvocationHelper.java:124)
	at org.testng.internal.Invoker.invokeMethod(Invoker.java:580)
	at org.testng.internal.Invoker.invokeTestMethod(Invoker.java:716)
	at org.testng.internal.Invoker.invokeTestMethods(Invoker.java:988)
	at org.testng.internal.TestMethodWorker.invokeTestMethods(TestMethodWorker.java:125)
	at org.testng.internal.TestMethodWorker.run(TestMethodWorker.java:109)
	at org.testng.TestRunner.privateRun(TestRunner.java:648)
	at org.testng.TestRunner.run(TestRunner.java:505)
	at org.testng.SuiteRunner.runTest(SuiteRunner.java:455)
	at org.testng.SuiteRunner.runSequentially(SuiteRunner.java:450)
	at org.testng.SuiteRunner.privateRun(SuiteRunner.java:415)
	at org.testng.SuiteRunner.run(SuiteRunner.java:364)
	at org.testng.SuiteRunnerWorker.runSuite(SuiteRunnerWorker.java:52)
	at org.testng.SuiteRunnerWorker.run(SuiteRunnerWorker.java:84)
	at org.testng.TestNG.runSuitesSequentially(TestNG.java:1208)
	at org.testng.TestNG.runSuitesLocally(TestNG.java:1137)
	at org.testng.TestNG.runSuites(TestNG.java:1049)
	at org.testng.TestNG.run(TestNG.java:1017)
	at org.testng.remote.AbstractRemoteTestNG.run(AbstractRemoteTestNG.java:114)
	at org.testng.remote.RemoteTestNG.initAndRun(RemoteTestNG.java:251)
	at org.testng.remote.RemoteTestNG.main(RemoteTestNG.java:77)
</pre></div></td>
<td>130</td>
<td>com.viacom.favourites.VerifyFavouritesTrayAndIcon@2584b82d</td></tr>
<tr>
<td title='com.viacom.lastviewed.VerifyLastViewedAudio.VerifyLastReadBooks()'><b>VerifyLastReadBooks</b><br>Test class: com.viacom.lastviewed.VerifyLastViewedAudio<br>Parameters: {Password=tanisha19, Runmode=Y, Email=8792396107}</td>
<td><div><pre>java.lang.AssertionError: Login Failed
	at com.viacom.pagesVersion2.BasePageV2.reportFail(BasePageV2.java:64)
	at com.viacom.pagesVersion2.HomePageV2.login(HomePageV2.java:1833)
	at com.viacom.lastviewed.VerifyLastViewedAudio.VerifyLastReadBooks(VerifyLastViewedAudio.java:57)
... Removed 26 stack frames</pre></div><a href='#' onClick='toggleBox("stack-trace981707160", this, "Click to show all stack frames", "Click to hide stack frames")'>Click to show all stack frames</a>
<div class='stack-trace' id='stack-trace981707160'><pre>java.lang.AssertionError: Login Failed
	at org.testng.Assert.fail(Assert.java:96)
	at com.viacom.pagesVersion2.BasePageV2.reportFail(BasePageV2.java:64)
	at com.viacom.pagesVersion2.HomePageV2.login(HomePageV2.java:1833)
	at com.viacom.lastviewed.VerifyLastViewedAudio.VerifyLastReadBooks(VerifyLastViewedAudio.java:57)
	at sun.reflect.NativeMethodAccessorImpl.invoke0(Native Method)
	at sun.reflect.NativeMethodAccessorImpl.invoke(Unknown Source)
	at sun.reflect.DelegatingMethodAccessorImpl.invoke(Unknown Source)
	at java.lang.reflect.Method.invoke(Unknown Source)
	at org.testng.internal.MethodInvocationHelper.invokeMethod(MethodInvocationHelper.java:124)
	at org.testng.internal.Invoker.invokeMethod(Invoker.java:580)
	at org.testng.internal.Invoker.invokeTestMethod(Invoker.java:716)
	at org.testng.internal.Invoker.invokeTestMethods(Invoker.java:988)
	at org.testng.internal.TestMethodWorker.invokeTestMethods(TestMethodWorker.java:125)
	at org.testng.internal.TestMethodWorker.run(TestMethodWorker.java:109)
	at org.testng.TestRunner.privateRun(TestRunner.java:648)
	at org.testng.TestRunner.run(TestRunner.java:505)
	at org.testng.SuiteRunner.runTest(SuiteRunner.java:455)
	at org.testng.SuiteRunner.runSequentially(SuiteRunner.java:450)
	at org.testng.SuiteRunner.privateRun(SuiteRunner.java:415)
	at org.testng.SuiteRunner.run(SuiteRunner.java:364)
	at org.testng.SuiteRunnerWorker.runSuite(SuiteRunnerWorker.java:52)
	at org.testng.SuiteRunnerWorker.run(SuiteRunnerWorker.java:84)
	at org.testng.TestNG.runSuitesSequentially(TestNG.java:1208)
	at org.testng.TestNG.runSuitesLocally(TestNG.java:1137)
	at org.testng.TestNG.runSuites(TestNG.java:1049)
	at org.testng.TestNG.run(TestNG.java:1017)
	at org.testng.remote.AbstractRemoteTestNG.run(AbstractRemoteTestNG.java:114)
	at org.testng.remote.RemoteTestNG.initAndRun(RemoteTestNG.java:251)
	at org.testng.remote.RemoteTestNG.main(RemoteTestNG.java:77)
</pre></div></td>
<td>130</td>
<td>com.viacom.lastviewed.VerifyLastViewedAudio@66ea810</td></tr>
<tr>
<td title='com.viacom.lastviewed.VerifyLastViewedAudioOrder.VerifyLastViewedAudioOrder()'><b>VerifyLastViewedAudioOrder</b><br>Test class: com.viacom.lastviewed.VerifyLastViewedAudioOrder<br>Parameters: {Password=tanisha19, Runmode=Y, Email=8792396107}</td>
<td><div><pre>java.lang.AssertionError: Login Failed
	at com.viacom.pagesVersion2.BasePageV2.reportFail(BasePageV2.java:64)
	at com.viacom.pagesVersion2.HomePageV2.login(HomePageV2.java:1833)
	at com.viacom.lastviewed.VerifyLastViewedAudioOrder.VerifyLastViewedAudioOrder(VerifyLastViewedAudioOrder.java:84)
... Removed 26 stack frames</pre></div><a href='#' onClick='toggleBox("stack-trace1602884427", this, "Click to show all stack frames", "Click to hide stack frames")'>Click to show all stack frames</a>
<div class='stack-trace' id='stack-trace1602884427'><pre>java.lang.AssertionError: Login Failed
	at org.testng.Assert.fail(Assert.java:96)
	at com.viacom.pagesVersion2.BasePageV2.reportFail(BasePageV2.java:64)
	at com.viacom.pagesVersion2.HomePageV2.login(HomePageV2.java:1833)
	at com.viacom.lastviewed.VerifyLastViewedAudioOrder.VerifyLastViewedAudioOrder(VerifyLastViewedAudioOrder.java:84)
	at sun.reflect.NativeMethodAccessorImpl.invoke0(Native Method)
	at sun.reflect.NativeMethodAccessorImpl.invoke(Unknown Source)
	at sun.reflect.DelegatingMethodAccessorImpl.invoke(Unknown Source)
	at java.lang.reflect.Method.invoke(Unknown Source)
	at org.testng.internal.MethodInvocationHelper.invokeMethod(MethodInvocationHelper.java:124)
	at org.testng.internal.Invoker.invokeMethod(Invoker.java:580)
	at org.testng.internal.Invoker.invokeTestMethod(Invoker.java:716)
	at org.testng.internal.Invoker.invokeTestMethods(Invoker.java:988)
	at org.testng.internal.TestMethodWorker.invokeTestMethods(TestMethodWorker.java:125)
	at org.testng.internal.TestMethodWorker.run(TestMethodWorker.java:109)
	at org.testng.TestRunner.privateRun(TestRunner.java:648)
	at org.testng.TestRunner.run(TestRunner.java:505)
	at org.testng.SuiteRunner.runTest(SuiteRunner.java:455)
	at org.testng.SuiteRunner.runSequentially(SuiteRunner.java:450)
	at org.testng.SuiteRunner.privateRun(SuiteRunner.java:415)
	at org.testng.SuiteRunner.run(SuiteRunner.java:364)
	at org.testng.SuiteRunnerWorker.runSuite(SuiteRunnerWorker.java:52)
	at org.testng.SuiteRunnerWorker.run(SuiteRunnerWorker.java:84)
	at org.testng.TestNG.runSuitesSequentially(TestNG.java:1208)
	at org.testng.TestNG.runSuitesLocally(TestNG.java:1137)
	at org.testng.TestNG.runSuites(TestNG.java:1049)
	at org.testng.TestNG.run(TestNG.java:1017)
	at org.testng.remote.AbstractRemoteTestNG.run(AbstractRemoteTestNG.java:114)
	at org.testng.remote.RemoteTestNG.initAndRun(RemoteTestNG.java:251)
	at org.testng.remote.RemoteTestNG.main(RemoteTestNG.java:77)
</pre></div></td>
<td>130</td>
<td>com.viacom.lastviewed.VerifyLastViewedAudioOrder@6cd24612</td></tr>
<tr>
<td title='com.viacom.lastviewed.VerifyLastViewedAudioResume.VerifyLastViewedAudioResume()'><b>VerifyLastViewedAudioResume</b><br>Test class: com.viacom.lastviewed.VerifyLastViewedAudioResume<br>Parameters: {Password=tanisha19, Runmode=Y, Email=8792396107}</td>
<td><div><pre>java.lang.AssertionError: Login Failed
	at com.viacom.pagesVersion2.BasePageV2.reportFail(BasePageV2.java:64)
	at com.viacom.pagesVersion2.HomePageV2.login(HomePageV2.java:1833)
	at com.viacom.lastviewed.VerifyLastViewedAudioResume.VerifyLastViewedAudioResume(VerifyLastViewedAudioResume.java:65)
... Removed 26 stack frames</pre></div><a href='#' onClick='toggleBox("stack-trace1967450626", this, "Click to show all stack frames", "Click to hide stack frames")'>Click to show all stack frames</a>
<div class='stack-trace' id='stack-trace1967450626'><pre>java.lang.AssertionError: Login Failed
	at org.testng.Assert.fail(Assert.java:96)
	at com.viacom.pagesVersion2.BasePageV2.reportFail(BasePageV2.java:64)
	at com.viacom.pagesVersion2.HomePageV2.login(HomePageV2.java:1833)
	at com.viacom.lastviewed.VerifyLastViewedAudioResume.VerifyLastViewedAudioResume(VerifyLastViewedAudioResume.java:65)
	at sun.reflect.NativeMethodAccessorImpl.invoke0(Native Method)
	at sun.reflect.NativeMethodAccessorImpl.invoke(Unknown Source)
	at sun.reflect.DelegatingMethodAccessorImpl.invoke(Unknown Source)
	at java.lang.reflect.Method.invoke(Unknown Source)
	at org.testng.internal.MethodInvocationHelper.invokeMethod(MethodInvocationHelper.java:124)
	at org.testng.internal.Invoker.invokeMethod(Invoker.java:580)
	at org.testng.internal.Invoker.invokeTestMethod(Invoker.java:716)
	at org.testng.internal.Invoker.invokeTestMethods(Invoker.java:988)
	at org.testng.internal.TestMethodWorker.invokeTestMethods(TestMethodWorker.java:125)
	at org.testng.internal.TestMethodWorker.run(TestMethodWorker.java:109)
	at org.testng.TestRunner.privateRun(TestRunner.java:648)
	at org.testng.TestRunner.run(TestRunner.java:505)
	at org.testng.SuiteRunner.runTest(SuiteRunner.java:455)
	at org.testng.SuiteRunner.runSequentially(SuiteRunner.java:450)
	at org.testng.SuiteRunner.privateRun(SuiteRunner.java:415)
	at org.testng.SuiteRunner.run(SuiteRunner.java:364)
	at org.testng.SuiteRunnerWorker.runSuite(SuiteRunnerWorker.java:52)
	at org.testng.SuiteRunnerWorker.run(SuiteRunnerWorker.java:84)
	at org.testng.TestNG.runSuitesSequentially(TestNG.java:1208)
	at org.testng.TestNG.runSuitesLocally(TestNG.java:1137)
	at org.testng.TestNG.runSuites(TestNG.java:1049)
	at org.testng.TestNG.run(TestNG.java:1017)
	at org.testng.remote.AbstractRemoteTestNG.run(AbstractRemoteTestNG.java:114)
	at org.testng.remote.RemoteTestNG.initAndRun(RemoteTestNG.java:251)
	at org.testng.remote.RemoteTestNG.main(RemoteTestNG.java:77)
</pre></div></td>
<td>131</td>
<td>com.viacom.lastviewed.VerifyLastViewedAudioResume@2254127a</td></tr>
<tr>
<td title='com.viacom.lastviewed.VerifyLastViewedAudioSettings.VerifyLastViewedAudioSettings()'><b>VerifyLastViewedAudioSettings</b><br>Test class: com.viacom.lastviewed.VerifyLastViewedAudioSettings<br>Parameters: {Password=tanisha19, Runmode=Y, Email=8792396107}</td>
<td><div><pre>java.lang.AssertionError: Login Failed
	at com.viacom.pagesVersion2.BasePageV2.reportFail(BasePageV2.java:64)
	at com.viacom.pagesVersion2.HomePageV2.login(HomePageV2.java:1524)
	at com.viacom.lastviewed.VerifyLastViewedAudioSettings.VerifyLastViewedAudioSettings(VerifyLastViewedAudioSettings.java:70)
... Removed 26 stack frames</pre></div><a href='#' onClick='toggleBox("stack-trace198341554", this, "Click to show all stack frames", "Click to hide stack frames")'>Click to show all stack frames</a>
<div class='stack-trace' id='stack-trace198341554'><pre>java.lang.AssertionError: Login Failed
	at org.testng.Assert.fail(Assert.java:96)
	at com.viacom.pagesVersion2.BasePageV2.reportFail(BasePageV2.java:64)
	at com.viacom.pagesVersion2.HomePageV2.login(HomePageV2.java:1524)
	at com.viacom.lastviewed.VerifyLastViewedAudioSettings.VerifyLastViewedAudioSettings(VerifyLastViewedAudioSettings.java:70)
	at sun.reflect.NativeMethodAccessorImpl.invoke0(Native Method)
	at sun.reflect.NativeMethodAccessorImpl.invoke(Unknown Source)
	at sun.reflect.DelegatingMethodAccessorImpl.invoke(Unknown Source)
	at java.lang.reflect.Method.invoke(Unknown Source)
	at org.testng.internal.MethodInvocationHelper.invokeMethod(MethodInvocationHelper.java:124)
	at org.testng.internal.Invoker.invokeMethod(Invoker.java:580)
	at org.testng.internal.Invoker.invokeTestMethod(Invoker.java:716)
	at org.testng.internal.Invoker.invokeTestMethods(Invoker.java:988)
	at org.testng.internal.TestMethodWorker.invokeTestMethods(TestMethodWorker.java:125)
	at org.testng.internal.TestMethodWorker.run(TestMethodWorker.java:109)
	at org.testng.TestRunner.privateRun(TestRunner.java:648)
	at org.testng.TestRunner.run(TestRunner.java:505)
	at org.testng.SuiteRunner.runTest(SuiteRunner.java:455)
	at org.testng.SuiteRunner.runSequentially(SuiteRunner.java:450)
	at org.testng.SuiteRunner.privateRun(SuiteRunner.java:415)
	at org.testng.SuiteRunner.run(SuiteRunner.java:364)
	at org.testng.SuiteRunnerWorker.runSuite(SuiteRunnerWorker.java:52)
	at org.testng.SuiteRunnerWorker.run(SuiteRunnerWorker.java:84)
	at org.testng.TestNG.runSuitesSequentially(TestNG.java:1208)
	at org.testng.TestNG.runSuitesLocally(TestNG.java:1137)
	at org.testng.TestNG.runSuites(TestNG.java:1049)
	at org.testng.TestNG.run(TestNG.java:1017)
	at org.testng.remote.AbstractRemoteTestNG.run(AbstractRemoteTestNG.java:114)
	at org.testng.remote.RemoteTestNG.initAndRun(RemoteTestNG.java:251)
	at org.testng.remote.RemoteTestNG.main(RemoteTestNG.java:77)
</pre></div></td>
<td>232</td>
<td>com.viacom.lastviewed.VerifyLastViewedAudioSettings@446a1e84</td></tr>
<tr>
<td title='com.viacom.lastviewed.VerifyLastViewedBooks.VerifyLastViewedBooks()'><b>VerifyLastViewedBooks</b><br>Test class: com.viacom.lastviewed.VerifyLastViewedBooks<br>Parameters: {Password=tanisha19, Runmode=Y, Email=8792396107}</td>
<td><div><pre>java.lang.AssertionError: Failed to click on Tab: Read
	at com.viacom.pagesVersion2.BasePageV2.reportFail(BasePageV2.java:64)
	at com.viacom.pagesVersion2.HomePageV2.tabClick(HomePageV2.java:1415)
	at com.viacom.lastviewed.VerifyLastViewedBooks.VerifyLastViewedBooks(VerifyLastViewedBooks.java:76)
... Removed 26 stack frames</pre></div><a href='#' onClick='toggleBox("stack-trace2052836536", this, "Click to show all stack frames", "Click to hide stack frames")'>Click to show all stack frames</a>
<div class='stack-trace' id='stack-trace2052836536'><pre>java.lang.AssertionError: Failed to click on Tab: Read
	at org.testng.Assert.fail(Assert.java:96)
	at com.viacom.pagesVersion2.BasePageV2.reportFail(BasePageV2.java:64)
	at com.viacom.pagesVersion2.HomePageV2.tabClick(HomePageV2.java:1415)
	at com.viacom.lastviewed.VerifyLastViewedBooks.VerifyLastViewedBooks(VerifyLastViewedBooks.java:76)
	at sun.reflect.NativeMethodAccessorImpl.invoke0(Native Method)
	at sun.reflect.NativeMethodAccessorImpl.invoke(Unknown Source)
	at sun.reflect.DelegatingMethodAccessorImpl.invoke(Unknown Source)
	at java.lang.reflect.Method.invoke(Unknown Source)
	at org.testng.internal.MethodInvocationHelper.invokeMethod(MethodInvocationHelper.java:124)
	at org.testng.internal.Invoker.invokeMethod(Invoker.java:580)
	at org.testng.internal.Invoker.invokeTestMethod(Invoker.java:716)
	at org.testng.internal.Invoker.invokeTestMethods(Invoker.java:988)
	at org.testng.internal.TestMethodWorker.invokeTestMethods(TestMethodWorker.java:125)
	at org.testng.internal.TestMethodWorker.run(TestMethodWorker.java:109)
	at org.testng.TestRunner.privateRun(TestRunner.java:648)
	at org.testng.TestRunner.run(TestRunner.java:505)
	at org.testng.SuiteRunner.runTest(SuiteRunner.java:455)
	at org.testng.SuiteRunner.runSequentially(SuiteRunner.java:450)
	at org.testng.SuiteRunner.privateRun(SuiteRunner.java:415)
	at org.testng.SuiteRunner.run(SuiteRunner.java:364)
	at org.testng.SuiteRunnerWorker.runSuite(SuiteRunnerWorker.java:52)
	at org.testng.SuiteRunnerWorker.run(SuiteRunnerWorker.java:84)
	at org.testng.TestNG.runSuitesSequentially(TestNG.java:1208)
	at org.testng.TestNG.runSuitesLocally(TestNG.java:1137)
	at org.testng.TestNG.runSuites(TestNG.java:1049)
	at org.testng.TestNG.run(TestNG.java:1017)
	at org.testng.remote.AbstractRemoteTestNG.run(AbstractRemoteTestNG.java:114)
	at org.testng.remote.RemoteTestNG.initAndRun(RemoteTestNG.java:251)
	at org.testng.remote.RemoteTestNG.main(RemoteTestNG.java:77)
</pre></div></td>
<td>74</td>
<td>com.viacom.lastviewed.VerifyLastViewedBooks@69504ae9</td></tr>
<tr>
<td title='com.viacom.lastviewed.VerifyLastViewedBooksOrder.VerifyLastViewedBooksOrder()'><b>VerifyLastViewedBooksOrder</b><br>Test class: com.viacom.lastviewed.VerifyLastViewedBooksOrder<br>Parameters: {Password=tanisha19, Runmode=Y, Email=8792396107}</td>
<td><div><pre>java.lang.AssertionError: Login Failed
	at com.viacom.pagesVersion2.BasePageV2.reportFail(BasePageV2.java:64)
	at com.viacom.pagesVersion2.HomePageV2.login(HomePageV2.java:1833)
	at com.viacom.lastviewed.VerifyLastViewedBooksOrder.VerifyLastViewedBooksOrder(VerifyLastViewedBooksOrder.java:85)
... Removed 26 stack frames</pre></div><a href='#' onClick='toggleBox("stack-trace576236134", this, "Click to show all stack frames", "Click to hide stack frames")'>Click to show all stack frames</a>
<div class='stack-trace' id='stack-trace576236134'><pre>java.lang.AssertionError: Login Failed
	at org.testng.Assert.fail(Assert.java:96)
	at com.viacom.pagesVersion2.BasePageV2.reportFail(BasePageV2.java:64)
	at com.viacom.pagesVersion2.HomePageV2.login(HomePageV2.java:1833)
	at com.viacom.lastviewed.VerifyLastViewedBooksOrder.VerifyLastViewedBooksOrder(VerifyLastViewedBooksOrder.java:85)
	at sun.reflect.NativeMethodAccessorImpl.invoke0(Native Method)
	at sun.reflect.NativeMethodAccessorImpl.invoke(Unknown Source)
	at sun.reflect.DelegatingMethodAccessorImpl.invoke(Unknown Source)
	at java.lang.reflect.Method.invoke(Unknown Source)
	at org.testng.internal.MethodInvocationHelper.invokeMethod(MethodInvocationHelper.java:124)
	at org.testng.internal.Invoker.invokeMethod(Invoker.java:580)
	at org.testng.internal.Invoker.invokeTestMethod(Invoker.java:716)
	at org.testng.internal.Invoker.invokeTestMethods(Invoker.java:988)
	at org.testng.internal.TestMethodWorker.invokeTestMethods(TestMethodWorker.java:125)
	at org.testng.internal.TestMethodWorker.run(TestMethodWorker.java:109)
	at org.testng.TestRunner.privateRun(TestRunner.java:648)
	at org.testng.TestRunner.run(TestRunner.java:505)
	at org.testng.SuiteRunner.runTest(SuiteRunner.java:455)
	at org.testng.SuiteRunner.runSequentially(SuiteRunner.java:450)
	at org.testng.SuiteRunner.privateRun(SuiteRunner.java:415)
	at org.testng.SuiteRunner.run(SuiteRunner.java:364)
	at org.testng.SuiteRunnerWorker.runSuite(SuiteRunnerWorker.java:52)
	at org.testng.SuiteRunnerWorker.run(SuiteRunnerWorker.java:84)
	at org.testng.TestNG.runSuitesSequentially(TestNG.java:1208)
	at org.testng.TestNG.runSuitesLocally(TestNG.java:1137)
	at org.testng.TestNG.runSuites(TestNG.java:1049)
	at org.testng.TestNG.run(TestNG.java:1017)
	at org.testng.remote.AbstractRemoteTestNG.run(AbstractRemoteTestNG.java:114)
	at org.testng.remote.RemoteTestNG.initAndRun(RemoteTestNG.java:251)
	at org.testng.remote.RemoteTestNG.main(RemoteTestNG.java:77)
</pre></div></td>
<td>131</td>
<td>com.viacom.lastviewed.VerifyLastViewedBooksOrder@2d0399f4</td></tr>
<tr>
<td title='com.viacom.lastviewed.VerifyLastViewedBooksSettings.VerifyLastViewedBooksSettings()'><b>VerifyLastViewedBooksSettings</b><br>Test class: com.viacom.lastviewed.VerifyLastViewedBooksSettings<br>Parameters: {Password=tanisha19, Runmode=Y, Email=8792396107}</td>
<td><div><pre>java.lang.AssertionError: Login Failed
	at com.viacom.pagesVersion2.BasePageV2.reportFail(BasePageV2.java:64)
	at com.viacom.pagesVersion2.HomePageV2.login(HomePageV2.java:1833)
	at com.viacom.lastviewed.VerifyLastViewedBooksSettings.VerifyLastViewedBooksSettings(VerifyLastViewedBooksSettings.java:67)
... Removed 26 stack frames</pre></div><a href='#' onClick='toggleBox("stack-trace924877189", this, "Click to show all stack frames", "Click to hide stack frames")'>Click to show all stack frames</a>
<div class='stack-trace' id='stack-trace924877189'><pre>java.lang.AssertionError: Login Failed
	at org.testng.Assert.fail(Assert.java:96)
	at com.viacom.pagesVersion2.BasePageV2.reportFail(BasePageV2.java:64)
	at com.viacom.pagesVersion2.HomePageV2.login(HomePageV2.java:1833)
	at com.viacom.lastviewed.VerifyLastViewedBooksSettings.VerifyLastViewedBooksSettings(VerifyLastViewedBooksSettings.java:67)
	at sun.reflect.NativeMethodAccessorImpl.invoke0(Native Method)
	at sun.reflect.NativeMethodAccessorImpl.invoke(Unknown Source)
	at sun.reflect.DelegatingMethodAccessorImpl.invoke(Unknown Source)
	at java.lang.reflect.Method.invoke(Unknown Source)
	at org.testng.internal.MethodInvocationHelper.invokeMethod(MethodInvocationHelper.java:124)
	at org.testng.internal.Invoker.invokeMethod(Invoker.java:580)
	at org.testng.internal.Invoker.invokeTestMethod(Invoker.java:716)
	at org.testng.internal.Invoker.invokeTestMethods(Invoker.java:988)
	at org.testng.internal.TestMethodWorker.invokeTestMethods(TestMethodWorker.java:125)
	at org.testng.internal.TestMethodWorker.run(TestMethodWorker.java:109)
	at org.testng.TestRunner.privateRun(TestRunner.java:648)
	at org.testng.TestRunner.run(TestRunner.java:505)
	at org.testng.SuiteRunner.runTest(SuiteRunner.java:455)
	at org.testng.SuiteRunner.runSequentially(SuiteRunner.java:450)
	at org.testng.SuiteRunner.privateRun(SuiteRunner.java:415)
	at org.testng.SuiteRunner.run(SuiteRunner.java:364)
	at org.testng.SuiteRunnerWorker.runSuite(SuiteRunnerWorker.java:52)
	at org.testng.SuiteRunnerWorker.run(SuiteRunnerWorker.java:84)
	at org.testng.TestNG.runSuitesSequentially(TestNG.java:1208)
	at org.testng.TestNG.runSuitesLocally(TestNG.java:1137)
	at org.testng.TestNG.runSuites(TestNG.java:1049)
	at org.testng.TestNG.run(TestNG.java:1017)
	at org.testng.remote.AbstractRemoteTestNG.run(AbstractRemoteTestNG.java:114)
	at org.testng.remote.RemoteTestNG.initAndRun(RemoteTestNG.java:251)
	at org.testng.remote.RemoteTestNG.main(RemoteTestNG.java:77)
</pre></div></td>
<td>130</td>
<td>com.viacom.lastviewed.VerifyLastViewedBooksSettings@14dd7b39</td></tr>
<tr>
<td title='com.viacom.lastviewed.VerifyLastViewedUiMyStuffWatch.VerifyLastViewedEpisodes()'><b>VerifyLastViewedEpisodes</b><br>Test class: com.viacom.lastviewed.VerifyLastViewedUiMyStuffWatch<br>Parameters: {Password=tanisha19, Runmode=Y, Email=8792396107}</td>
<td><div><pre>java.lang.AssertionError: Failed to click on Tab: watch
	at com.viacom.pagesVersion2.BasePageV2.reportFail(BasePageV2.java:64)
	at com.viacom.pagesVersion2.HomePageV2.tabClick(HomePageV2.java:1415)
	at com.viacom.lastviewed.VerifyLastViewedUiMyStuffWatch.VerifyLastViewedEpisodes(VerifyLastViewedUiMyStuffWatch.java:78)
... Removed 26 stack frames</pre></div><a href='#' onClick='toggleBox("stack-trace462983860", this, "Click to show all stack frames", "Click to hide stack frames")'>Click to show all stack frames</a>
<div class='stack-trace' id='stack-trace462983860'><pre>java.lang.AssertionError: Failed to click on Tab: watch
	at org.testng.Assert.fail(Assert.java:96)
	at com.viacom.pagesVersion2.BasePageV2.reportFail(BasePageV2.java:64)
	at com.viacom.pagesVersion2.HomePageV2.tabClick(HomePageV2.java:1415)
	at com.viacom.lastviewed.VerifyLastViewedUiMyStuffWatch.VerifyLastViewedEpisodes(VerifyLastViewedUiMyStuffWatch.java:78)
	at sun.reflect.NativeMethodAccessorImpl.invoke0(Native Method)
	at sun.reflect.NativeMethodAccessorImpl.invoke(Unknown Source)
	at sun.reflect.DelegatingMethodAccessorImpl.invoke(Unknown Source)
	at java.lang.reflect.Method.invoke(Unknown Source)
	at org.testng.internal.MethodInvocationHelper.invokeMethod(MethodInvocationHelper.java:124)
	at org.testng.internal.Invoker.invokeMethod(Invoker.java:580)
	at org.testng.internal.Invoker.invokeTestMethod(Invoker.java:716)
	at org.testng.internal.Invoker.invokeTestMethods(Invoker.java:988)
	at org.testng.internal.TestMethodWorker.invokeTestMethods(TestMethodWorker.java:125)
	at org.testng.internal.TestMethodWorker.run(TestMethodWorker.java:109)
	at org.testng.TestRunner.privateRun(TestRunner.java:648)
	at org.testng.TestRunner.run(TestRunner.java:505)
	at org.testng.SuiteRunner.runTest(SuiteRunner.java:455)
	at org.testng.SuiteRunner.runSequentially(SuiteRunner.java:450)
	at org.testng.SuiteRunner.privateRun(SuiteRunner.java:415)
	at org.testng.SuiteRunner.run(SuiteRunner.java:364)
	at org.testng.SuiteRunnerWorker.runSuite(SuiteRunnerWorker.java:52)
	at org.testng.SuiteRunnerWorker.run(SuiteRunnerWorker.java:84)
	at org.testng.TestNG.runSuitesSequentially(TestNG.java:1208)
	at org.testng.TestNG.runSuitesLocally(TestNG.java:1137)
	at org.testng.TestNG.runSuites(TestNG.java:1049)
	at org.testng.TestNG.run(TestNG.java:1017)
	at org.testng.remote.AbstractRemoteTestNG.run(AbstractRemoteTestNG.java:114)
	at org.testng.remote.RemoteTestNG.initAndRun(RemoteTestNG.java:251)
	at org.testng.remote.RemoteTestNG.main(RemoteTestNG.java:77)
</pre></div></td>
<td>94</td>
<td>com.viacom.lastviewed.VerifyLastViewedUiMyStuffWatch@5c7bfdc1</td></tr>
<tr>
<td title='com.viacom.lastviewed.VerifyLastViewedEpisodes.VerifyLastViewedEpisodes()'><b>VerifyLastViewedEpisodes</b><br>Test class: com.viacom.lastviewed.VerifyLastViewedEpisodes<br>Parameters: {Password=tanisha19, Runmode=Y, Email=8792396107}</td>
<td><div><pre>java.lang.AssertionError: Login Failed
	at com.viacom.pagesVersion2.BasePageV2.reportFail(BasePageV2.java:64)
	at com.viacom.pagesVersion2.HomePageV2.login(HomePageV2.java:1833)
	at com.viacom.lastviewed.VerifyLastViewedEpisodes.VerifyLastViewedEpisodes(VerifyLastViewedEpisodes.java:87)
... Removed 26 stack frames</pre></div><a href='#' onClick='toggleBox("stack-trace1730071665", this, "Click to show all stack frames", "Click to hide stack frames")'>Click to show all stack frames</a>
<div class='stack-trace' id='stack-trace1730071665'><pre>java.lang.AssertionError: Login Failed
	at org.testng.Assert.fail(Assert.java:96)
	at com.viacom.pagesVersion2.BasePageV2.reportFail(BasePageV2.java:64)
	at com.viacom.pagesVersion2.HomePageV2.login(HomePageV2.java:1833)
	at com.viacom.lastviewed.VerifyLastViewedEpisodes.VerifyLastViewedEpisodes(VerifyLastViewedEpisodes.java:87)
	at sun.reflect.NativeMethodAccessorImpl.invoke0(Native Method)
	at sun.reflect.NativeMethodAccessorImpl.invoke(Unknown Source)
	at sun.reflect.DelegatingMethodAccessorImpl.invoke(Unknown Source)
	at java.lang.reflect.Method.invoke(Unknown Source)
	at org.testng.internal.MethodInvocationHelper.invokeMethod(MethodInvocationHelper.java:124)
	at org.testng.internal.Invoker.invokeMethod(Invoker.java:580)
	at org.testng.internal.Invoker.invokeTestMethod(Invoker.java:716)
	at org.testng.internal.Invoker.invokeTestMethods(Invoker.java:988)
	at org.testng.internal.TestMethodWorker.invokeTestMethods(TestMethodWorker.java:125)
	at org.testng.internal.TestMethodWorker.run(TestMethodWorker.java:109)
	at org.testng.TestRunner.privateRun(TestRunner.java:648)
	at org.testng.TestRunner.run(TestRunner.java:505)
	at org.testng.SuiteRunner.runTest(SuiteRunner.java:455)
	at org.testng.SuiteRunner.runSequentially(SuiteRunner.java:450)
	at org.testng.SuiteRunner.privateRun(SuiteRunner.java:415)
	at org.testng.SuiteRunner.run(SuiteRunner.java:364)
	at org.testng.SuiteRunnerWorker.runSuite(SuiteRunnerWorker.java:52)
	at org.testng.SuiteRunnerWorker.run(SuiteRunnerWorker.java:84)
	at org.testng.TestNG.runSuitesSequentially(TestNG.java:1208)
	at org.testng.TestNG.runSuitesLocally(TestNG.java:1137)
	at org.testng.TestNG.runSuites(TestNG.java:1049)
	at org.testng.TestNG.run(TestNG.java:1017)
	at org.testng.remote.AbstractRemoteTestNG.run(AbstractRemoteTestNG.java:114)
	at org.testng.remote.RemoteTestNG.initAndRun(RemoteTestNG.java:251)
	at org.testng.remote.RemoteTestNG.main(RemoteTestNG.java:77)
</pre></div></td>
<td>210</td>
<td>com.viacom.lastviewed.VerifyLastViewedEpisodes@3aa078fd</td></tr>
<tr>
<td title='com.viacom.lastviewed.VerifyLastViewedEpisodesOrder.VerifyLastViewedEpisodes()'><b>VerifyLastViewedEpisodes</b><br>Test class: com.viacom.lastviewed.VerifyLastViewedEpisodesOrder<br>Parameters: {Password=tanisha19, Runmode=Y, Email=8792396107}</td>
<td><div><pre>java.lang.AssertionError: Login Failed
	at com.viacom.pagesVersion2.BasePageV2.reportFail(BasePageV2.java:64)
	at com.viacom.pagesVersion2.HomePageV2.login(HomePageV2.java:1833)
	at com.viacom.lastviewed.VerifyLastViewedEpisodesOrder.VerifyLastViewedEpisodes(VerifyLastViewedEpisodesOrder.java:75)
... Removed 26 stack frames</pre></div><a href='#' onClick='toggleBox("stack-trace1192406446", this, "Click to show all stack frames", "Click to hide stack frames")'>Click to show all stack frames</a>
<div class='stack-trace' id='stack-trace1192406446'><pre>java.lang.AssertionError: Login Failed
	at org.testng.Assert.fail(Assert.java:96)
	at com.viacom.pagesVersion2.BasePageV2.reportFail(BasePageV2.java:64)
	at com.viacom.pagesVersion2.HomePageV2.login(HomePageV2.java:1833)
	at com.viacom.lastviewed.VerifyLastViewedEpisodesOrder.VerifyLastViewedEpisodes(VerifyLastViewedEpisodesOrder.java:75)
	at sun.reflect.NativeMethodAccessorImpl.invoke0(Native Method)
	at sun.reflect.NativeMethodAccessorImpl.invoke(Unknown Source)
	at sun.reflect.DelegatingMethodAccessorImpl.invoke(Unknown Source)
	at java.lang.reflect.Method.invoke(Unknown Source)
	at org.testng.internal.MethodInvocationHelper.invokeMethod(MethodInvocationHelper.java:124)
	at org.testng.internal.Invoker.invokeMethod(Invoker.java:580)
	at org.testng.internal.Invoker.invokeTestMethod(Invoker.java:716)
	at org.testng.internal.Invoker.invokeTestMethods(Invoker.java:988)
	at org.testng.internal.TestMethodWorker.invokeTestMethods(TestMethodWorker.java:125)
	at org.testng.internal.TestMethodWorker.run(TestMethodWorker.java:109)
	at org.testng.TestRunner.privateRun(TestRunner.java:648)
	at org.testng.TestRunner.run(TestRunner.java:505)
	at org.testng.SuiteRunner.runTest(SuiteRunner.java:455)
	at org.testng.SuiteRunner.runSequentially(SuiteRunner.java:450)
	at org.testng.SuiteRunner.privateRun(SuiteRunner.java:415)
	at org.testng.SuiteRunner.run(SuiteRunner.java:364)
	at org.testng.SuiteRunnerWorker.runSuite(SuiteRunnerWorker.java:52)
	at org.testng.SuiteRunnerWorker.run(SuiteRunnerWorker.java:84)
	at org.testng.TestNG.runSuitesSequentially(TestNG.java:1208)
	at org.testng.TestNG.runSuitesLocally(TestNG.java:1137)
	at org.testng.TestNG.runSuites(TestNG.java:1049)
	at org.testng.TestNG.run(TestNG.java:1017)
	at org.testng.remote.AbstractRemoteTestNG.run(AbstractRemoteTestNG.java:114)
	at org.testng.remote.RemoteTestNG.initAndRun(RemoteTestNG.java:251)
	at org.testng.remote.RemoteTestNG.main(RemoteTestNG.java:77)
</pre></div></td>
<td>175</td>
<td>com.viacom.lastviewed.VerifyLastViewedEpisodesOrder@d23e042</td></tr>
<tr>
<td title='com.viacom.lastviewed.VerifyLastViewedEpisodesResume.VerifyLastViewedEpisodesResume()'><b>VerifyLastViewedEpisodesResume</b><br>Test class: com.viacom.lastviewed.VerifyLastViewedEpisodesResume<br>Parameters: {Password=bhaskar, Runmode=Y, Email=9741039718}</td>
<td><div><pre>java.lang.AssertionError: Login Failed
	at com.viacom.pagesVersion2.BasePageV2.reportFail(BasePageV2.java:64)
	at com.viacom.pagesVersion2.HomePageV2.login(HomePageV2.java:1833)
	at com.viacom.lastviewed.VerifyLastViewedEpisodesResume.VerifyLastViewedEpisodesResume(VerifyLastViewedEpisodesResume.java:68)
... Removed 26 stack frames</pre></div><a href='#' onClick='toggleBox("stack-trace1067230196", this, "Click to show all stack frames", "Click to hide stack frames")'>Click to show all stack frames</a>
<div class='stack-trace' id='stack-trace1067230196'><pre>java.lang.AssertionError: Login Failed
	at org.testng.Assert.fail(Assert.java:96)
	at com.viacom.pagesVersion2.BasePageV2.reportFail(BasePageV2.java:64)
	at com.viacom.pagesVersion2.HomePageV2.login(HomePageV2.java:1833)
	at com.viacom.lastviewed.VerifyLastViewedEpisodesResume.VerifyLastViewedEpisodesResume(VerifyLastViewedEpisodesResume.java:68)
	at sun.reflect.NativeMethodAccessorImpl.invoke0(Native Method)
	at sun.reflect.NativeMethodAccessorImpl.invoke(Unknown Source)
	at sun.reflect.DelegatingMethodAccessorImpl.invoke(Unknown Source)
	at java.lang.reflect.Method.invoke(Unknown Source)
	at org.testng.internal.MethodInvocationHelper.invokeMethod(MethodInvocationHelper.java:124)
	at org.testng.internal.Invoker.invokeMethod(Invoker.java:580)
	at org.testng.internal.Invoker.invokeTestMethod(Invoker.java:716)
	at org.testng.internal.Invoker.invokeTestMethods(Invoker.java:988)
	at org.testng.internal.TestMethodWorker.invokeTestMethods(TestMethodWorker.java:125)
	at org.testng.internal.TestMethodWorker.run(TestMethodWorker.java:109)
	at org.testng.TestRunner.privateRun(TestRunner.java:648)
	at org.testng.TestRunner.run(TestRunner.java:505)
	at org.testng.SuiteRunner.runTest(SuiteRunner.java:455)
	at org.testng.SuiteRunner.runSequentially(SuiteRunner.java:450)
	at org.testng.SuiteRunner.privateRun(SuiteRunner.java:415)
	at org.testng.SuiteRunner.run(SuiteRunner.java:364)
	at org.testng.SuiteRunnerWorker.runSuite(SuiteRunnerWorker.java:52)
	at org.testng.SuiteRunnerWorker.run(SuiteRunnerWorker.java:84)
	at org.testng.TestNG.runSuitesSequentially(TestNG.java:1208)
	at org.testng.TestNG.runSuitesLocally(TestNG.java:1137)
	at org.testng.TestNG.runSuites(TestNG.java:1049)
	at org.testng.TestNG.run(TestNG.java:1017)
	at org.testng.remote.AbstractRemoteTestNG.run(AbstractRemoteTestNG.java:114)
	at org.testng.remote.RemoteTestNG.initAndRun(RemoteTestNG.java:251)
	at org.testng.remote.RemoteTestNG.main(RemoteTestNG.java:77)
</pre></div></td>
<td>131</td>
<td>com.viacom.lastviewed.VerifyLastViewedEpisodesResume@5dafbe45</td></tr>
<tr>
<td title='com.viacom.lastviewed.VerifyLastViewedEpisodesSettings.VerifyLastViewedEpisodesSettings()'><b>VerifyLastViewedEpisodesSettings</b><br>Test class: com.viacom.lastviewed.VerifyLastViewedEpisodesSettings<br>Parameters: {Password=tanisha19, Runmode=Y, Email=8792396107}</td>
<td><div><pre>java.lang.AssertionError: Login Failed
	at com.viacom.pagesVersion2.BasePageV2.reportFail(BasePageV2.java:64)
	at com.viacom.pagesVersion2.HomePageV2.login(HomePageV2.java:1833)
	at com.viacom.lastviewed.VerifyLastViewedEpisodesSettings.VerifyLastViewedEpisodesSettings(VerifyLastViewedEpisodesSettings.java:68)
... Removed 26 stack frames</pre></div><a href='#' onClick='toggleBox("stack-trace1590556323", this, "Click to show all stack frames", "Click to hide stack frames")'>Click to show all stack frames</a>
<div class='stack-trace' id='stack-trace1590556323'><pre>java.lang.AssertionError: Login Failed
	at org.testng.Assert.fail(Assert.java:96)
	at com.viacom.pagesVersion2.BasePageV2.reportFail(BasePageV2.java:64)
	at com.viacom.pagesVersion2.HomePageV2.login(HomePageV2.java:1833)
	at com.viacom.lastviewed.VerifyLastViewedEpisodesSettings.VerifyLastViewedEpisodesSettings(VerifyLastViewedEpisodesSettings.java:68)
	at sun.reflect.NativeMethodAccessorImpl.invoke0(Native Method)
	at sun.reflect.NativeMethodAccessorImpl.invoke(Unknown Source)
	at sun.reflect.DelegatingMethodAccessorImpl.invoke(Unknown Source)
	at java.lang.reflect.Method.invoke(Unknown Source)
	at org.testng.internal.MethodInvocationHelper.invokeMethod(MethodInvocationHelper.java:124)
	at org.testng.internal.Invoker.invokeMethod(Invoker.java:580)
	at org.testng.internal.Invoker.invokeTestMethod(Invoker.java:716)
	at org.testng.internal.Invoker.invokeTestMethods(Invoker.java:988)
	at org.testng.internal.TestMethodWorker.invokeTestMethods(TestMethodWorker.java:125)
	at org.testng.internal.TestMethodWorker.run(TestMethodWorker.java:109)
	at org.testng.TestRunner.privateRun(TestRunner.java:648)
	at org.testng.TestRunner.run(TestRunner.java:505)
	at org.testng.SuiteRunner.runTest(SuiteRunner.java:455)
	at org.testng.SuiteRunner.runSequentially(SuiteRunner.java:450)
	at org.testng.SuiteRunner.privateRun(SuiteRunner.java:415)
	at org.testng.SuiteRunner.run(SuiteRunner.java:364)
	at org.testng.SuiteRunnerWorker.runSuite(SuiteRunnerWorker.java:52)
	at org.testng.SuiteRunnerWorker.run(SuiteRunnerWorker.java:84)
	at org.testng.TestNG.runSuitesSequentially(TestNG.java:1208)
	at org.testng.TestNG.runSuitesLocally(TestNG.java:1137)
	at org.testng.TestNG.runSuites(TestNG.java:1049)
	at org.testng.TestNG.run(TestNG.java:1017)
	at org.testng.remote.AbstractRemoteTestNG.run(AbstractRemoteTestNG.java:114)
	at org.testng.remote.RemoteTestNG.initAndRun(RemoteTestNG.java:251)
	at org.testng.remote.RemoteTestNG.main(RemoteTestNG.java:77)
</pre></div></td>
<td>156</td>
<td>com.viacom.lastviewed.VerifyLastViewedEpisodesSettings@46d59067</td></tr>
<tr>
<td title='com.viacom.lastviewed.VerifyLastViewedMovies.VerifyLastViewedMovies()'><b>VerifyLastViewedMovies</b><br>Test class: com.viacom.lastviewed.VerifyLastViewedMovies<br>Parameters: {Password=tanisha19, Runmode=Y, Email=8.792396107E9}</td>
<td><div><pre>java.lang.AssertionError: Failed to click on Tab: Watch
	at com.viacom.pagesVersion2.BasePageV2.reportFail(BasePageV2.java:64)
	at com.viacom.pagesVersion2.HomePageV2.tabClick(HomePageV2.java:1415)
	at com.viacom.lastviewed.VerifyLastViewedMovies.VerifyLastViewedMovies(VerifyLastViewedMovies.java:94)
... Removed 26 stack frames</pre></div><a href='#' onClick='toggleBox("stack-trace1146271045", this, "Click to show all stack frames", "Click to hide stack frames")'>Click to show all stack frames</a>
<div class='stack-trace' id='stack-trace1146271045'><pre>java.lang.AssertionError: Failed to click on Tab: Watch
	at org.testng.Assert.fail(Assert.java:96)
	at com.viacom.pagesVersion2.BasePageV2.reportFail(BasePageV2.java:64)
	at com.viacom.pagesVersion2.HomePageV2.tabClick(HomePageV2.java:1415)
	at com.viacom.lastviewed.VerifyLastViewedMovies.VerifyLastViewedMovies(VerifyLastViewedMovies.java:94)
	at sun.reflect.NativeMethodAccessorImpl.invoke0(Native Method)
	at sun.reflect.NativeMethodAccessorImpl.invoke(Unknown Source)
	at sun.reflect.DelegatingMethodAccessorImpl.invoke(Unknown Source)
	at java.lang.reflect.Method.invoke(Unknown Source)
	at org.testng.internal.MethodInvocationHelper.invokeMethod(MethodInvocationHelper.java:124)
	at org.testng.internal.Invoker.invokeMethod(Invoker.java:580)
	at org.testng.internal.Invoker.invokeTestMethod(Invoker.java:716)
	at org.testng.internal.Invoker.invokeTestMethods(Invoker.java:988)
	at org.testng.internal.TestMethodWorker.invokeTestMethods(TestMethodWorker.java:125)
	at org.testng.internal.TestMethodWorker.run(TestMethodWorker.java:109)
	at org.testng.TestRunner.privateRun(TestRunner.java:648)
	at org.testng.TestRunner.run(TestRunner.java:505)
	at org.testng.SuiteRunner.runTest(SuiteRunner.java:455)
	at org.testng.SuiteRunner.runSequentially(SuiteRunner.java:450)
	at org.testng.SuiteRunner.privateRun(SuiteRunner.java:415)
	at org.testng.SuiteRunner.run(SuiteRunner.java:364)
	at org.testng.SuiteRunnerWorker.runSuite(SuiteRunnerWorker.java:52)
	at org.testng.SuiteRunnerWorker.run(SuiteRunnerWorker.java:84)
	at org.testng.TestNG.runSuitesSequentially(TestNG.java:1208)
	at org.testng.TestNG.runSuitesLocally(TestNG.java:1137)
	at org.testng.TestNG.runSuites(TestNG.java:1049)
	at org.testng.TestNG.run(TestNG.java:1017)
	at org.testng.remote.AbstractRemoteTestNG.run(AbstractRemoteTestNG.java:114)
	at org.testng.remote.RemoteTestNG.initAndRun(RemoteTestNG.java:251)
	at org.testng.remote.RemoteTestNG.main(RemoteTestNG.java:77)
</pre></div></td>
<td>65</td>
<td>com.viacom.lastviewed.VerifyLastViewedMovies@387a8303</td></tr>
<tr>
<td title='com.viacom.lastviewed.VerifyLastViewedMoviesResume.VerifyLastViewedMoviesResume()'><b>VerifyLastViewedMoviesResume</b><br>Test class: com.viacom.lastviewed.VerifyLastViewedMoviesResume<br>Parameters: {Password=tanisha19, Runmode=Y, Email=8.792396107E9}</td>
<td><div><pre>java.lang.AssertionError: Failed to click on Tab: Watch
	at com.viacom.pagesVersion2.BasePageV2.reportFail(BasePageV2.java:64)
	at com.viacom.pagesVersion2.HomePageV2.tabClick(HomePageV2.java:1415)
	at com.viacom.lastviewed.VerifyLastViewedMoviesResume.VerifyLastViewedMoviesResume(VerifyLastViewedMoviesResume.java:101)
... Removed 26 stack frames</pre></div><a href='#' onClick='toggleBox("stack-trace882416875", this, "Click to show all stack frames", "Click to hide stack frames")'>Click to show all stack frames</a>
<div class='stack-trace' id='stack-trace882416875'><pre>java.lang.AssertionError: Failed to click on Tab: Watch
	at org.testng.Assert.fail(Assert.java:96)
	at com.viacom.pagesVersion2.BasePageV2.reportFail(BasePageV2.java:64)
	at com.viacom.pagesVersion2.HomePageV2.tabClick(HomePageV2.java:1415)
	at com.viacom.lastviewed.VerifyLastViewedMoviesResume.VerifyLastViewedMoviesResume(VerifyLastViewedMoviesResume.java:101)
	at sun.reflect.NativeMethodAccessorImpl.invoke0(Native Method)
	at sun.reflect.NativeMethodAccessorImpl.invoke(Unknown Source)
	at sun.reflect.DelegatingMethodAccessorImpl.invoke(Unknown Source)
	at java.lang.reflect.Method.invoke(Unknown Source)
	at org.testng.internal.MethodInvocationHelper.invokeMethod(MethodInvocationHelper.java:124)
	at org.testng.internal.Invoker.invokeMethod(Invoker.java:580)
	at org.testng.internal.Invoker.invokeTestMethod(Invoker.java:716)
	at org.testng.internal.Invoker.invokeTestMethods(Invoker.java:988)
	at org.testng.internal.TestMethodWorker.invokeTestMethods(TestMethodWorker.java:125)
	at org.testng.internal.TestMethodWorker.run(TestMethodWorker.java:109)
	at org.testng.TestRunner.privateRun(TestRunner.java:648)
	at org.testng.TestRunner.run(TestRunner.java:505)
	at org.testng.SuiteRunner.runTest(SuiteRunner.java:455)
	at org.testng.SuiteRunner.runSequentially(SuiteRunner.java:450)
	at org.testng.SuiteRunner.privateRun(SuiteRunner.java:415)
	at org.testng.SuiteRunner.run(SuiteRunner.java:364)
	at org.testng.SuiteRunnerWorker.runSuite(SuiteRunnerWorker.java:52)
	at org.testng.SuiteRunnerWorker.run(SuiteRunnerWorker.java:84)
	at org.testng.TestNG.runSuitesSequentially(TestNG.java:1208)
	at org.testng.TestNG.runSuitesLocally(TestNG.java:1137)
	at org.testng.TestNG.runSuites(TestNG.java:1049)
	at org.testng.TestNG.run(TestNG.java:1017)
	at org.testng.remote.AbstractRemoteTestNG.run(AbstractRemoteTestNG.java:114)
	at org.testng.remote.RemoteTestNG.initAndRun(RemoteTestNG.java:251)
	at org.testng.remote.RemoteTestNG.main(RemoteTestNG.java:77)
</pre></div></td>
<td>65</td>
<td>com.viacom.lastviewed.VerifyLastViewedMoviesResume@5340477f</td></tr>
<tr>
<td title='com.viacom.lastviewed.VerifyLastViewedMoviesResumeMyStuff.VerifyLastViewedMoviesResumeMyStuff()'><b>VerifyLastViewedMoviesResumeMyStuff</b><br>Test class: com.viacom.lastviewed.VerifyLastViewedMoviesResumeMyStuff<br>Parameters: {Password=tanisha19, Runmode=Y, Email=8.792396107E9}</td>
<td><div><pre>java.lang.AssertionError: Failed to click on Tab: Watch
	at com.viacom.pagesVersion2.BasePageV2.reportFail(BasePageV2.java:64)
	at com.viacom.pagesVersion2.HomePageV2.tabClick(HomePageV2.java:1415)
	at com.viacom.lastviewed.VerifyLastViewedMoviesResumeMyStuff.VerifyLastViewedMoviesResumeMyStuff(VerifyLastViewedMoviesResumeMyStuff.java:105)
... Removed 26 stack frames</pre></div><a href='#' onClick='toggleBox("stack-trace517656952", this, "Click to show all stack frames", "Click to hide stack frames")'>Click to show all stack frames</a>
<div class='stack-trace' id='stack-trace517656952'><pre>java.lang.AssertionError: Failed to click on Tab: Watch
	at org.testng.Assert.fail(Assert.java:96)
	at com.viacom.pagesVersion2.BasePageV2.reportFail(BasePageV2.java:64)
	at com.viacom.pagesVersion2.HomePageV2.tabClick(HomePageV2.java:1415)
	at com.viacom.lastviewed.VerifyLastViewedMoviesResumeMyStuff.VerifyLastViewedMoviesResumeMyStuff(VerifyLastViewedMoviesResumeMyStuff.java:105)
	at sun.reflect.NativeMethodAccessorImpl.invoke0(Native Method)
	at sun.reflect.NativeMethodAccessorImpl.invoke(Unknown Source)
	at sun.reflect.DelegatingMethodAccessorImpl.invoke(Unknown Source)
	at java.lang.reflect.Method.invoke(Unknown Source)
	at org.testng.internal.MethodInvocationHelper.invokeMethod(MethodInvocationHelper.java:124)
	at org.testng.internal.Invoker.invokeMethod(Invoker.java:580)
	at org.testng.internal.Invoker.invokeTestMethod(Invoker.java:716)
	at org.testng.internal.Invoker.invokeTestMethods(Invoker.java:988)
	at org.testng.internal.TestMethodWorker.invokeTestMethods(TestMethodWorker.java:125)
	at org.testng.internal.TestMethodWorker.run(TestMethodWorker.java:109)
	at org.testng.TestRunner.privateRun(TestRunner.java:648)
	at org.testng.TestRunner.run(TestRunner.java:505)
	at org.testng.SuiteRunner.runTest(SuiteRunner.java:455)
	at org.testng.SuiteRunner.runSequentially(SuiteRunner.java:450)
	at org.testng.SuiteRunner.privateRun(SuiteRunner.java:415)
	at org.testng.SuiteRunner.run(SuiteRunner.java:364)
	at org.testng.SuiteRunnerWorker.runSuite(SuiteRunnerWorker.java:52)
	at org.testng.SuiteRunnerWorker.run(SuiteRunnerWorker.java:84)
	at org.testng.TestNG.runSuitesSequentially(TestNG.java:1208)
	at org.testng.TestNG.runSuitesLocally(TestNG.java:1137)
	at org.testng.TestNG.runSuites(TestNG.java:1049)
	at org.testng.TestNG.run(TestNG.java:1017)
	at org.testng.remote.AbstractRemoteTestNG.run(AbstractRemoteTestNG.java:114)
	at org.testng.remote.RemoteTestNG.initAndRun(RemoteTestNG.java:251)
	at org.testng.remote.RemoteTestNG.main(RemoteTestNG.java:77)
</pre></div></td>
<td>64</td>
<td>com.viacom.lastviewed.VerifyLastViewedMoviesResumeMyStuff@47caedad</td></tr>
<tr>
<td title='com.viacom.downloads.VerifyNoDownloads.VerifyNoDownloads()'><b>VerifyNoDownloads</b><br>Test class: com.viacom.downloads.VerifyNoDownloads<br>Parameters: {Password=tanisha19, Runmode=Y, Email=8792396107}</td>
<td><div><pre>java.lang.AssertionError: Login Failed
	at com.viacom.pagesVersion2.BasePageV2.reportFail(BasePageV2.java:64)
	at com.viacom.pagesVersion2.HomePageV2.login(HomePageV2.java:1833)
	at com.viacom.downloads.VerifyNoDownloads.VerifyNoDownloads(VerifyNoDownloads.java:54)
... Removed 26 stack frames</pre></div><a href='#' onClick='toggleBox("stack-trace751310061", this, "Click to show all stack frames", "Click to hide stack frames")'>Click to show all stack frames</a>
<div class='stack-trace' id='stack-trace751310061'><pre>java.lang.AssertionError: Login Failed
	at org.testng.Assert.fail(Assert.java:96)
	at com.viacom.pagesVersion2.BasePageV2.reportFail(BasePageV2.java:64)
	at com.viacom.pagesVersion2.HomePageV2.login(HomePageV2.java:1833)
	at com.viacom.downloads.VerifyNoDownloads.VerifyNoDownloads(VerifyNoDownloads.java:54)
	at sun.reflect.NativeMethodAccessorImpl.invoke0(Native Method)
	at sun.reflect.NativeMethodAccessorImpl.invoke(Unknown Source)
	at sun.reflect.DelegatingMethodAccessorImpl.invoke(Unknown Source)
	at java.lang.reflect.Method.invoke(Unknown Source)
	at org.testng.internal.MethodInvocationHelper.invokeMethod(MethodInvocationHelper.java:124)
	at org.testng.internal.Invoker.invokeMethod(Invoker.java:580)
	at org.testng.internal.Invoker.invokeTestMethod(Invoker.java:716)
	at org.testng.internal.Invoker.invokeTestMethods(Invoker.java:988)
	at org.testng.internal.TestMethodWorker.invokeTestMethods(TestMethodWorker.java:125)
	at org.testng.internal.TestMethodWorker.run(TestMethodWorker.java:109)
	at org.testng.TestRunner.privateRun(TestRunner.java:648)
	at org.testng.TestRunner.run(TestRunner.java:505)
	at org.testng.SuiteRunner.runTest(SuiteRunner.java:455)
	at org.testng.SuiteRunner.runSequentially(SuiteRunner.java:450)
	at org.testng.SuiteRunner.privateRun(SuiteRunner.java:415)
	at org.testng.SuiteRunner.run(SuiteRunner.java:364)
	at org.testng.SuiteRunnerWorker.runSuite(SuiteRunnerWorker.java:52)
	at org.testng.SuiteRunnerWorker.run(SuiteRunnerWorker.java:84)
	at org.testng.TestNG.runSuitesSequentially(TestNG.java:1208)
	at org.testng.TestNG.runSuitesLocally(TestNG.java:1137)
	at org.testng.TestNG.runSuites(TestNG.java:1049)
	at org.testng.TestNG.run(TestNG.java:1017)
	at org.testng.remote.AbstractRemoteTestNG.run(AbstractRemoteTestNG.java:114)
	at org.testng.remote.RemoteTestNG.initAndRun(RemoteTestNG.java:251)
	at org.testng.remote.RemoteTestNG.main(RemoteTestNG.java:77)
</pre></div></td>
<td>128</td>
<td>com.viacom.downloads.VerifyNoDownloads@71687585</td></tr>
<tr>
<td title='com.viacom.smoketestscripts.VerifyNotification.VerifyNotification()'><b>VerifyNotification</b><br>Test class: com.viacom.smoketestscripts.VerifyNotification<br>Parameters: {Password=tanisha19, Runmode=Y, Email=8792396107}</td>
<td><div><pre>java.lang.AssertionError: Login Failed
	at com.viacom.pagesVersion2.BasePageV2.reportFail(BasePageV2.java:64)
	at com.viacom.pagesVersion2.HomePageV2.login(HomePageV2.java:1833)
	at com.viacom.smoketestscripts.VerifyNotification.VerifyNotification(VerifyNotification.java:95)
... Removed 26 stack frames</pre></div><a href='#' onClick='toggleBox("stack-trace2038373098", this, "Click to show all stack frames", "Click to hide stack frames")'>Click to show all stack frames</a>
<div class='stack-trace' id='stack-trace2038373098'><pre>java.lang.AssertionError: Login Failed
	at org.testng.Assert.fail(Assert.java:96)
	at com.viacom.pagesVersion2.BasePageV2.reportFail(BasePageV2.java:64)
	at com.viacom.pagesVersion2.HomePageV2.login(HomePageV2.java:1833)
	at com.viacom.smoketestscripts.VerifyNotification.VerifyNotification(VerifyNotification.java:95)
	at sun.reflect.NativeMethodAccessorImpl.invoke0(Native Method)
	at sun.reflect.NativeMethodAccessorImpl.invoke(Unknown Source)
	at sun.reflect.DelegatingMethodAccessorImpl.invoke(Unknown Source)
	at java.lang.reflect.Method.invoke(Unknown Source)
	at org.testng.internal.MethodInvocationHelper.invokeMethod(MethodInvocationHelper.java:124)
	at org.testng.internal.Invoker.invokeMethod(Invoker.java:580)
	at org.testng.internal.Invoker.invokeTestMethod(Invoker.java:716)
	at org.testng.internal.Invoker.invokeTestMethods(Invoker.java:988)
	at org.testng.internal.TestMethodWorker.invokeTestMethods(TestMethodWorker.java:125)
	at org.testng.internal.TestMethodWorker.run(TestMethodWorker.java:109)
	at org.testng.TestRunner.privateRun(TestRunner.java:648)
	at org.testng.TestRunner.run(TestRunner.java:505)
	at org.testng.SuiteRunner.runTest(SuiteRunner.java:455)
	at org.testng.SuiteRunner.runSequentially(SuiteRunner.java:450)
	at org.testng.SuiteRunner.privateRun(SuiteRunner.java:415)
	at org.testng.SuiteRunner.run(SuiteRunner.java:364)
	at org.testng.SuiteRunnerWorker.runSuite(SuiteRunnerWorker.java:52)
	at org.testng.SuiteRunnerWorker.run(SuiteRunnerWorker.java:84)
	at org.testng.TestNG.runSuitesSequentially(TestNG.java:1208)
	at org.testng.TestNG.runSuitesLocally(TestNG.java:1137)
	at org.testng.TestNG.runSuites(TestNG.java:1049)
	at org.testng.TestNG.run(TestNG.java:1017)
	at org.testng.remote.AbstractRemoteTestNG.run(AbstractRemoteTestNG.java:114)
	at org.testng.remote.RemoteTestNG.initAndRun(RemoteTestNG.java:251)
	at org.testng.remote.RemoteTestNG.main(RemoteTestNG.java:77)
</pre></div></td>
<td>226</td>
<td>com.viacom.smoketestscripts.VerifyNotification@626abbd0</td></tr>
<tr>
<td title='com.viacom.audioplayer.VerifyPlayback.VerifyPlayback()'><b>VerifyPlayback</b><br>Test class: com.viacom.audioplayer.VerifyPlayback<br>Parameters: {Password=tanisha19, Runmode=Y, Email=8792396107}</td>
<td><div><pre>java.lang.AssertionError: Login Failed
	at com.viacom.pagesVersion2.BasePageV2.reportFail(BasePageV2.java:64)
	at com.viacom.pagesVersion2.HomePageV2.login(HomePageV2.java:1833)
	at com.viacom.audioplayer.VerifyPlayback.VerifyPlayback(VerifyPlayback.java:73)
... Removed 26 stack frames</pre></div><a href='#' onClick='toggleBox("stack-trace109394862", this, "Click to show all stack frames", "Click to hide stack frames")'>Click to show all stack frames</a>
<div class='stack-trace' id='stack-trace109394862'><pre>java.lang.AssertionError: Login Failed
	at org.testng.Assert.fail(Assert.java:96)
	at com.viacom.pagesVersion2.BasePageV2.reportFail(BasePageV2.java:64)
	at com.viacom.pagesVersion2.HomePageV2.login(HomePageV2.java:1833)
	at com.viacom.audioplayer.VerifyPlayback.VerifyPlayback(VerifyPlayback.java:73)
	at sun.reflect.NativeMethodAccessorImpl.invoke0(Native Method)
	at sun.reflect.NativeMethodAccessorImpl.invoke(Unknown Source)
	at sun.reflect.DelegatingMethodAccessorImpl.invoke(Unknown Source)
	at java.lang.reflect.Method.invoke(Unknown Source)
	at org.testng.internal.MethodInvocationHelper.invokeMethod(MethodInvocationHelper.java:124)
	at org.testng.internal.Invoker.invokeMethod(Invoker.java:580)
	at org.testng.internal.Invoker.invokeTestMethod(Invoker.java:716)
	at org.testng.internal.Invoker.invokeTestMethods(Invoker.java:988)
	at org.testng.internal.TestMethodWorker.invokeTestMethods(TestMethodWorker.java:125)
	at org.testng.internal.TestMethodWorker.run(TestMethodWorker.java:109)
	at org.testng.TestRunner.privateRun(TestRunner.java:648)
	at org.testng.TestRunner.run(TestRunner.java:505)
	at org.testng.SuiteRunner.runTest(SuiteRunner.java:455)
	at org.testng.SuiteRunner.runSequentially(SuiteRunner.java:450)
	at org.testng.SuiteRunner.privateRun(SuiteRunner.java:415)
	at org.testng.SuiteRunner.run(SuiteRunner.java:364)
	at org.testng.SuiteRunnerWorker.runSuite(SuiteRunnerWorker.java:52)
	at org.testng.SuiteRunnerWorker.run(SuiteRunnerWorker.java:84)
	at org.testng.TestNG.runSuitesSequentially(TestNG.java:1208)
	at org.testng.TestNG.runSuitesLocally(TestNG.java:1137)
	at org.testng.TestNG.runSuites(TestNG.java:1049)
	at org.testng.TestNG.run(TestNG.java:1017)
	at org.testng.remote.AbstractRemoteTestNG.run(AbstractRemoteTestNG.java:114)
	at org.testng.remote.RemoteTestNG.initAndRun(RemoteTestNG.java:251)
	at org.testng.remote.RemoteTestNG.main(RemoteTestNG.java:77)
</pre></div></td>
<td>131</td>
<td>com.viacom.audioplayer.VerifyPlayback@475c9c31</td></tr>
<tr>
<td title='com.viacom.ebook.VerifyReaderPreviewAndRead.VerifyReaderPreviewAndRead()'><b>VerifyReaderPreviewAndRead</b><br>Test class: com.viacom.ebook.VerifyReaderPreviewAndRead<br>Parameters: {Password=tanisha19, Runmode=Y, Email=8792396107}</td>
<td><div><pre>java.lang.AssertionError: Login Failed
	at com.viacom.pagesVersion2.BasePageV2.reportFail(BasePageV2.java:64)
	at com.viacom.pagesVersion2.HomePageV2.login(HomePageV2.java:1833)
	at com.viacom.ebook.VerifyReaderPreviewAndRead.VerifyReaderPreviewAndRead(VerifyReaderPreviewAndRead.java:60)
... Removed 26 stack frames</pre></div><a href='#' onClick='toggleBox("stack-trace1227047535", this, "Click to show all stack frames", "Click to hide stack frames")'>Click to show all stack frames</a>
<div class='stack-trace' id='stack-trace1227047535'><pre>java.lang.AssertionError: Login Failed
	at org.testng.Assert.fail(Assert.java:96)
	at com.viacom.pagesVersion2.BasePageV2.reportFail(BasePageV2.java:64)
	at com.viacom.pagesVersion2.HomePageV2.login(HomePageV2.java:1833)
	at com.viacom.ebook.VerifyReaderPreviewAndRead.VerifyReaderPreviewAndRead(VerifyReaderPreviewAndRead.java:60)
	at sun.reflect.NativeMethodAccessorImpl.invoke0(Native Method)
	at sun.reflect.NativeMethodAccessorImpl.invoke(Unknown Source)
	at sun.reflect.DelegatingMethodAccessorImpl.invoke(Unknown Source)
	at java.lang.reflect.Method.invoke(Unknown Source)
	at org.testng.internal.MethodInvocationHelper.invokeMethod(MethodInvocationHelper.java:124)
	at org.testng.internal.Invoker.invokeMethod(Invoker.java:580)
	at org.testng.internal.Invoker.invokeTestMethod(Invoker.java:716)
	at org.testng.internal.Invoker.invokeTestMethods(Invoker.java:988)
	at org.testng.internal.TestMethodWorker.invokeTestMethods(TestMethodWorker.java:125)
	at org.testng.internal.TestMethodWorker.run(TestMethodWorker.java:109)
	at org.testng.TestRunner.privateRun(TestRunner.java:648)
	at org.testng.TestRunner.run(TestRunner.java:505)
	at org.testng.SuiteRunner.runTest(SuiteRunner.java:455)
	at org.testng.SuiteRunner.runSequentially(SuiteRunner.java:450)
	at org.testng.SuiteRunner.privateRun(SuiteRunner.java:415)
	at org.testng.SuiteRunner.run(SuiteRunner.java:364)
	at org.testng.SuiteRunnerWorker.runSuite(SuiteRunnerWorker.java:52)
	at org.testng.SuiteRunnerWorker.run(SuiteRunnerWorker.java:84)
	at org.testng.TestNG.runSuitesSequentially(TestNG.java:1208)
	at org.testng.TestNG.runSuitesLocally(TestNG.java:1137)
	at org.testng.TestNG.runSuites(TestNG.java:1049)
	at org.testng.TestNG.run(TestNG.java:1017)
	at org.testng.remote.AbstractRemoteTestNG.run(AbstractRemoteTestNG.java:114)
	at org.testng.remote.RemoteTestNG.initAndRun(RemoteTestNG.java:251)
	at org.testng.remote.RemoteTestNG.main(RemoteTestNG.java:77)
</pre></div></td>
<td>168</td>
<td>com.viacom.ebook.VerifyReaderPreviewAndRead@1807f5a7</td></tr>
<tr>
<td title='com.viacom.parentzone.VerifyRecentActivityCardBehavior.VerifyRecentActivityCardBehavior()'><b>VerifyRecentActivityCardBehavior</b><br>Test class: com.viacom.parentzone.VerifyRecentActivityCardBehavior<br>Parameters: {Password=tanisha19, Runmode=Y, Email=8792396107}</td>
<td><div><pre>java.lang.AssertionError: Failed to click on Tab: Watch
	at com.viacom.pagesVersion2.BasePageV2.reportFail(BasePageV2.java:64)
	at com.viacom.pagesVersion2.HomePageV2.tabClick(HomePageV2.java:1415)
	at com.viacom.parentzone.VerifyRecentActivityCardBehavior.VerifyRecentActivityCardBehavior(VerifyRecentActivityCardBehavior.java:133)
... Removed 26 stack frames</pre></div><a href='#' onClick='toggleBox("stack-trace161989533", this, "Click to show all stack frames", "Click to hide stack frames")'>Click to show all stack frames</a>
<div class='stack-trace' id='stack-trace161989533'><pre>java.lang.AssertionError: Failed to click on Tab: Watch
	at org.testng.Assert.fail(Assert.java:96)
	at com.viacom.pagesVersion2.BasePageV2.reportFail(BasePageV2.java:64)
	at com.viacom.pagesVersion2.HomePageV2.tabClick(HomePageV2.java:1415)
	at com.viacom.parentzone.VerifyRecentActivityCardBehavior.VerifyRecentActivityCardBehavior(VerifyRecentActivityCardBehavior.java:133)
	at sun.reflect.NativeMethodAccessorImpl.invoke0(Native Method)
	at sun.reflect.NativeMethodAccessorImpl.invoke(Unknown Source)
	at sun.reflect.DelegatingMethodAccessorImpl.invoke(Unknown Source)
	at java.lang.reflect.Method.invoke(Unknown Source)
	at org.testng.internal.MethodInvocationHelper.invokeMethod(MethodInvocationHelper.java:124)
	at org.testng.internal.Invoker.invokeMethod(Invoker.java:580)
	at org.testng.internal.Invoker.invokeTestMethod(Invoker.java:716)
	at org.testng.internal.Invoker.invokeTestMethods(Invoker.java:988)
	at org.testng.internal.TestMethodWorker.invokeTestMethods(TestMethodWorker.java:125)
	at org.testng.internal.TestMethodWorker.run(TestMethodWorker.java:109)
	at org.testng.TestRunner.privateRun(TestRunner.java:648)
	at org.testng.TestRunner.run(TestRunner.java:505)
	at org.testng.SuiteRunner.runTest(SuiteRunner.java:455)
	at org.testng.SuiteRunner.runSequentially(SuiteRunner.java:450)
	at org.testng.SuiteRunner.privateRun(SuiteRunner.java:415)
	at org.testng.SuiteRunner.run(SuiteRunner.java:364)
	at org.testng.SuiteRunnerWorker.runSuite(SuiteRunnerWorker.java:52)
	at org.testng.SuiteRunnerWorker.run(SuiteRunnerWorker.java:84)
	at org.testng.TestNG.runSuitesSequentially(TestNG.java:1208)
	at org.testng.TestNG.runSuitesLocally(TestNG.java:1137)
	at org.testng.TestNG.runSuites(TestNG.java:1049)
	at org.testng.TestNG.run(TestNG.java:1017)
	at org.testng.remote.AbstractRemoteTestNG.run(AbstractRemoteTestNG.java:114)
	at org.testng.remote.RemoteTestNG.initAndRun(RemoteTestNG.java:251)
	at org.testng.remote.RemoteTestNG.main(RemoteTestNG.java:77)
</pre></div></td>
<td>73</td>
<td>com.viacom.parentzone.VerifyRecentActivityCardBehavior@126253fd</td></tr>
<tr>
<td title='com.viacom.vodplayer.VerifyVODContentConfigurableTrays.VerifyVODContentConfigurableTrays()'><b>VerifyVODContentConfigurableTrays</b><br>Test class: com.viacom.vodplayer.VerifyVODContentConfigurableTrays<br>Parameters: {Password=bhaskar, Runmode=Y, Email=9741039718}</td>
<td><div><pre>java.lang.IllegalArgumentException: Cannot get property &apos;items&apos; on null object
	at org.codehaus.groovy.runtime.callsite.ConstructorSite$ConstructorSiteNoUnwrapNoCoerce.callConstructor(ConstructorSite.java:105)
	at org.codehaus.groovy.runtime.callsite.CallSiteArray.defaultCallConstructor(CallSiteArray.java:60)
	at org.codehaus.groovy.runtime.callsite.AbstractCallSite.callConstructor(AbstractCallSite.java:235)
	at org.codehaus.groovy.runtime.callsite.AbstractCallSite.callConstructor(AbstractCallSite.java:255)
	at com.jayway.restassured.internal.path.json.JSONAssertion.getAsJsonObject(JSONAssertion.groovy:53)
	at com.jayway.restassured.internal.path.json.JSONAssertion$getAsJsonObject.callCurrent(Unknown Source)
	at com.jayway.restassured.internal.path.json.JSONAssertion.getResult(JSONAssertion.groovy:28)
	at com.jayway.restassured.path.json.JsonPath.get(JsonPath.java:202)
	at com.viacom.vodplayer.VerifyVODContentConfigurableTrays.VerifyVODContentConfigurableTrays(VerifyVODContentConfigurableTrays.java:456)
Caused by: java.lang.NullPointerException: Cannot get property &apos;items&apos; on null object
	at org.codehaus.groovy.runtime.NullObject.getProperty(NullObject.java:60)
	at org.codehaus.groovy.runtime.InvokerHelper.getProperty(InvokerHelper.java:172)
	at org.codehaus.groovy.runtime.callsite.NullCallSite.getProperty(NullCallSite.java:47)
	at org.codehaus.groovy.runtime.callsite.AbstractCallSite.callGetProperty(AbstractCallSite.java:296)
	at Script1.run(Script1.groovy:1)
	at groovy.lang.GroovyShell.evaluate(GroovyShell.java:591)
	at groovy.lang.GroovyShell.evaluate(GroovyShell.java:629)
	at groovy.lang.GroovyShell.evaluate(GroovyShell.java:600)
	at org.codehaus.groovy.runtime.callsite.PogoMetaMethodSite$PogoCachedMethodSiteNoUnwrap.invoke(PogoMetaMethodSite.java:190)
	at org.codehaus.groovy.runtime.callsite.PogoMetaMethodSite.call(PogoMetaMethodSite.java:71)
	at org.codehaus.groovy.runtime.callsite.AbstractCallSite.call(AbstractCallSite.java:125)
	at com.jayway.restassured.internal.path.json.JSONAssertion.eval(JSONAssertion.groovy:76)
	at org.codehaus.groovy.runtime.callsite.PogoMetaMethodSite$PogoCachedMethodSiteNoUnwrapNoCoerce.invoke(PogoMetaMethodSite.java:210)
	at org.codehaus.groovy.runtime.callsite.PogoMetaMethodSite.callCurrent(PogoMetaMethodSite.java:59)
	at org.codehaus.groovy.runtime.callsite.AbstractCallSite.callCurrent(AbstractCallSite.java:182)
	at com.jayway.restassured.internal.path.json.JSONAssertion.getAsJsonObject(JSONAssertion.groovy:46)
	... 29 more
... Removed 36 stack frames</pre></div><a href='#' onClick='toggleBox("stack-trace290956583", this, "Click to show all stack frames", "Click to hide stack frames")'>Click to show all stack frames</a>
<div class='stack-trace' id='stack-trace290956583'><pre>java.lang.IllegalArgumentException: Cannot get property &apos;items&apos; on null object
	at sun.reflect.NativeConstructorAccessorImpl.newInstance0(Native Method)
	at sun.reflect.NativeConstructorAccessorImpl.newInstance(Unknown Source)
	at sun.reflect.DelegatingConstructorAccessorImpl.newInstance(Unknown Source)
	at java.lang.reflect.Constructor.newInstance(Unknown Source)
	at org.codehaus.groovy.reflection.CachedConstructor.invoke(CachedConstructor.java:80)
	at org.codehaus.groovy.runtime.callsite.ConstructorSite$ConstructorSiteNoUnwrapNoCoerce.callConstructor(ConstructorSite.java:105)
	at org.codehaus.groovy.runtime.callsite.CallSiteArray.defaultCallConstructor(CallSiteArray.java:60)
	at org.codehaus.groovy.runtime.callsite.AbstractCallSite.callConstructor(AbstractCallSite.java:235)
	at org.codehaus.groovy.runtime.callsite.AbstractCallSite.callConstructor(AbstractCallSite.java:255)
	at com.jayway.restassured.internal.path.json.JSONAssertion.getAsJsonObject(JSONAssertion.groovy:53)
	at com.jayway.restassured.internal.path.json.JSONAssertion$getAsJsonObject.callCurrent(Unknown Source)
	at com.jayway.restassured.internal.path.json.JSONAssertion.getResult(JSONAssertion.groovy:28)
	at com.jayway.restassured.path.json.JsonPath.get(JsonPath.java:202)
	at com.viacom.vodplayer.VerifyVODContentConfigurableTrays.VerifyVODContentConfigurableTrays(VerifyVODContentConfigurableTrays.java:456)
	at sun.reflect.NativeMethodAccessorImpl.invoke0(Native Method)
	at sun.reflect.NativeMethodAccessorImpl.invoke(Unknown Source)
	at sun.reflect.DelegatingMethodAccessorImpl.invoke(Unknown Source)
	at java.lang.reflect.Method.invoke(Unknown Source)
	at org.testng.internal.MethodInvocationHelper.invokeMethod(MethodInvocationHelper.java:124)
	at org.testng.internal.Invoker.invokeMethod(Invoker.java:580)
	at org.testng.internal.Invoker.invokeTestMethod(Invoker.java:716)
	at org.testng.internal.Invoker.invokeTestMethods(Invoker.java:988)
	at org.testng.internal.TestMethodWorker.invokeTestMethods(TestMethodWorker.java:125)
	at org.testng.internal.TestMethodWorker.run(TestMethodWorker.java:109)
	at org.testng.TestRunner.privateRun(TestRunner.java:648)
	at org.testng.TestRunner.run(TestRunner.java:505)
	at org.testng.SuiteRunner.runTest(SuiteRunner.java:455)
	at org.testng.SuiteRunner.runSequentially(SuiteRunner.java:450)
	at org.testng.SuiteRunner.privateRun(SuiteRunner.java:415)
	at org.testng.SuiteRunner.run(SuiteRunner.java:364)
	at org.testng.SuiteRunnerWorker.runSuite(SuiteRunnerWorker.java:52)
	at org.testng.SuiteRunnerWorker.run(SuiteRunnerWorker.java:84)
	at org.testng.TestNG.runSuitesSequentially(TestNG.java:1208)
	at org.testng.TestNG.runSuitesLocally(TestNG.java:1137)
	at org.testng.TestNG.runSuites(TestNG.java:1049)
	at org.testng.TestNG.run(TestNG.java:1017)
	at org.testng.remote.AbstractRemoteTestNG.run(AbstractRemoteTestNG.java:114)
	at org.testng.remote.RemoteTestNG.initAndRun(RemoteTestNG.java:251)
	at org.testng.remote.RemoteTestNG.main(RemoteTestNG.java:77)
Caused by: java.lang.NullPointerException: Cannot get property &apos;items&apos; on null object
	at org.codehaus.groovy.runtime.NullObject.getProperty(NullObject.java:60)
	at org.codehaus.groovy.runtime.InvokerHelper.getProperty(InvokerHelper.java:172)
	at org.codehaus.groovy.runtime.callsite.NullCallSite.getProperty(NullCallSite.java:47)
	at org.codehaus.groovy.runtime.callsite.AbstractCallSite.callGetProperty(AbstractCallSite.java:296)
	at Script1.run(Script1.groovy:1)
	at groovy.lang.GroovyShell.evaluate(GroovyShell.java:591)
	at groovy.lang.GroovyShell.evaluate(GroovyShell.java:629)
	at groovy.lang.GroovyShell.evaluate(GroovyShell.java:600)
	at sun.reflect.GeneratedMethodAccessor48.invoke(Unknown Source)
	at sun.reflect.DelegatingMethodAccessorImpl.invoke(Unknown Source)
	at java.lang.reflect.Method.invoke(Unknown Source)
	at org.codehaus.groovy.runtime.callsite.PogoMetaMethodSite$PogoCachedMethodSiteNoUnwrap.invoke(PogoMetaMethodSite.java:190)
	at org.codehaus.groovy.runtime.callsite.PogoMetaMethodSite.call(PogoMetaMethodSite.java:71)
	at org.codehaus.groovy.runtime.callsite.AbstractCallSite.call(AbstractCallSite.java:125)
	at com.jayway.restassured.internal.path.json.JSONAssertion.eval(JSONAssertion.groovy:76)
	at sun.reflect.GeneratedMethodAccessor47.invoke(Unknown Source)
	at sun.reflect.DelegatingMethodAccessorImpl.invoke(Unknown Source)
	at java.lang.reflect.Method.invoke(Unknown Source)
	at org.codehaus.groovy.runtime.callsite.PogoMetaMethodSite$PogoCachedMethodSiteNoUnwrapNoCoerce.invoke(PogoMetaMethodSite.java:210)
	at org.codehaus.groovy.runtime.callsite.PogoMetaMethodSite.callCurrent(PogoMetaMethodSite.java:59)
	at org.codehaus.groovy.runtime.callsite.AbstractCallSite.callCurrent(AbstractCallSite.java:182)
	at com.jayway.restassured.internal.path.json.JSONAssertion.getAsJsonObject(JSONAssertion.groovy:46)
	... 29 more
</pre></div></td>
<td>412</td>
<td>com.viacom.vodplayer.VerifyVODContentConfigurableTrays@169bb4dd</td></tr>
<tr>
<td title='com.viacom.parentzone.VerifyStatsInParentZone.verifyStatsInParentZone()'><b>verifyStatsInParentZone</b><br>Test class: com.viacom.parentzone.VerifyStatsInParentZone<br>Parameters: {Password=tanisha19, Runmode=Y, Email=8792396107}</td>
<td><div><pre>java.lang.AssertionError: Login Failed
	at com.viacom.pagesVersion2.BasePageV2.reportFail(BasePageV2.java:64)
	at com.viacom.pagesVersion2.HomePageV2.login(HomePageV2.java:1833)
	at com.viacom.parentzone.VerifyStatsInParentZone.verifyStatsInParentZone(VerifyStatsInParentZone.java:70)
... Removed 26 stack frames</pre></div><a href='#' onClick='toggleBox("stack-trace1345680738", this, "Click to show all stack frames", "Click to hide stack frames")'>Click to show all stack frames</a>
<div class='stack-trace' id='stack-trace1345680738'><pre>java.lang.AssertionError: Login Failed
	at org.testng.Assert.fail(Assert.java:96)
	at com.viacom.pagesVersion2.BasePageV2.reportFail(BasePageV2.java:64)
	at com.viacom.pagesVersion2.HomePageV2.login(HomePageV2.java:1833)
	at com.viacom.parentzone.VerifyStatsInParentZone.verifyStatsInParentZone(VerifyStatsInParentZone.java:70)
	at sun.reflect.NativeMethodAccessorImpl.invoke0(Native Method)
	at sun.reflect.NativeMethodAccessorImpl.invoke(Unknown Source)
	at sun.reflect.DelegatingMethodAccessorImpl.invoke(Unknown Source)
	at java.lang.reflect.Method.invoke(Unknown Source)
	at org.testng.internal.MethodInvocationHelper.invokeMethod(MethodInvocationHelper.java:124)
	at org.testng.internal.Invoker.invokeMethod(Invoker.java:580)
	at org.testng.internal.Invoker.invokeTestMethod(Invoker.java:716)
	at org.testng.internal.Invoker.invokeTestMethods(Invoker.java:988)
	at org.testng.internal.TestMethodWorker.invokeTestMethods(TestMethodWorker.java:125)
	at org.testng.internal.TestMethodWorker.run(TestMethodWorker.java:109)
	at org.testng.TestRunner.privateRun(TestRunner.java:648)
	at org.testng.TestRunner.run(TestRunner.java:505)
	at org.testng.SuiteRunner.runTest(SuiteRunner.java:455)
	at org.testng.SuiteRunner.runSequentially(SuiteRunner.java:450)
	at org.testng.SuiteRunner.privateRun(SuiteRunner.java:415)
	at org.testng.SuiteRunner.run(SuiteRunner.java:364)
	at org.testng.SuiteRunnerWorker.runSuite(SuiteRunnerWorker.java:52)
	at org.testng.SuiteRunnerWorker.run(SuiteRunnerWorker.java:84)
	at org.testng.TestNG.runSuitesSequentially(TestNG.java:1208)
	at org.testng.TestNG.runSuitesLocally(TestNG.java:1137)
	at org.testng.TestNG.runSuites(TestNG.java:1049)
	at org.testng.TestNG.run(TestNG.java:1017)
	at org.testng.remote.AbstractRemoteTestNG.run(AbstractRemoteTestNG.java:114)
	at org.testng.remote.RemoteTestNG.initAndRun(RemoteTestNG.java:251)
	at org.testng.remote.RemoteTestNG.main(RemoteTestNG.java:77)
</pre></div></td>
<td>132</td>
<td>com.viacom.parentzone.VerifyStatsInParentZone@57db2b13</td></tr>
</table><p>
<table width='100%' border='1' class='invocation-passed'>
<tr><td colspan='4' align='center'><b>PASSED TESTS</b></td></tr>
<tr><td><b>Test method</b></td>
<td width="30%"><b>Exception</b></td>
<td width="10%"><b>Time (seconds)</b></td>
<td><b>Instance</b></td>
</tr>
<tr>
<td title='com.viacom.parentzone.VerifyActivitySegmentedTab.VerifyActivitySegmentedTab()'><b>VerifyActivitySegmentedTab</b><br>Test class: com.viacom.parentzone.VerifyActivitySegmentedTab<br>Parameters: {Password=bhaskar, Runmode=Y, Email=9741039718}</td>
<td></td>
<td>82</td>
<td>com.viacom.parentzone.VerifyActivitySegmentedTab@4f0f2942</td></tr>
<tr>
<td title='com.viacom.parentzone.VerifyBedTimeForProfiles.VerifyBedTimeForProfiles()'><b>VerifyBedTimeForProfiles</b><br>Test class: com.viacom.parentzone.VerifyBedTimeForProfiles<br>Parameters: {Password=tanisha19, Runmode=Y, Email=8.792396107E9}</td>
<td></td>
<td>142</td>
<td>com.viacom.parentzone.VerifyBedTimeForProfiles@2657d4dd</td></tr>
<tr>
<td title='com.viacom.lastviewed.VerifyLastViewedMoviesMetaData.VerifyLastViewedMoviesMetaData()'><b>VerifyLastViewedMoviesMetaData</b><br>Test class: com.viacom.lastviewed.VerifyLastViewedMoviesMetaData<br>Parameters: {Password=tanisha19, Runmode=Y, Email=8.792396107E9}</td>
<td></td>
<td>84</td>
<td>com.viacom.lastviewed.VerifyLastViewedMoviesMetaData@28cda624</td></tr>
<tr>
<td title='com.viacom.smoketestscripts.VerifyRewards.VerifyRewards()'><b>VerifyRewards</b><br>Test class: com.viacom.smoketestscripts.VerifyRewards<br>Parameters: {Password=tanisha19, Runmode=Y, Email=8792396107}</td>
<td></td>
<td>203</td>
<td>com.viacom.smoketestscripts.VerifyRewards@7fb4f2a9</td></tr>
</table><p>
<table width='100%' border='1' class='invocation-skipped'>
<tr><td colspan='4' align='center'><b>SKIPPED TESTS</b></td></tr>
<tr><td><b>Test method</b></td>
<td width="30%"><b>Exception</b></td>
<td width="10%"><b>Time (seconds)</b></td>
<td><b>Instance</b></td>
</tr>
<tr>
<td title='com.viacom.movies.VerifyMovies.VerifyMovies()'><b>VerifyMovies</b><br>Test class: com.viacom.movies.VerifyMovies<br>Parameters: {Password=tanisha19, Runmode=Y, Email=8.792396107E9}</td>
<td><div><pre>org.testng.SkipException: Skipping the test as Run Mode was: NO
	at com.viacom.movies.VerifyMovies.VerifyMovies(VerifyMovies.java:34)
... Removed 25 stack frames</pre></div><a href='#' onClick='toggleBox("stack-trace1027042715", this, "Click to show all stack frames", "Click to hide stack frames")'>Click to show all stack frames</a>
<div class='stack-trace' id='stack-trace1027042715'><pre>org.testng.SkipException: Skipping the test as Run Mode was: NO
	at com.viacom.movies.VerifyMovies.VerifyMovies(VerifyMovies.java:34)
	at sun.reflect.NativeMethodAccessorImpl.invoke0(Native Method)
	at sun.reflect.NativeMethodAccessorImpl.invoke(Unknown Source)
	at sun.reflect.DelegatingMethodAccessorImpl.invoke(Unknown Source)
	at java.lang.reflect.Method.invoke(Unknown Source)
	at org.testng.internal.MethodInvocationHelper.invokeMethod(MethodInvocationHelper.java:124)
	at org.testng.internal.Invoker.invokeMethod(Invoker.java:580)
	at org.testng.internal.Invoker.invokeTestMethod(Invoker.java:716)
	at org.testng.internal.Invoker.invokeTestMethods(Invoker.java:988)
	at org.testng.internal.TestMethodWorker.invokeTestMethods(TestMethodWorker.java:125)
	at org.testng.internal.TestMethodWorker.run(TestMethodWorker.java:109)
	at org.testng.TestRunner.privateRun(TestRunner.java:648)
	at org.testng.TestRunner.run(TestRunner.java:505)
	at org.testng.SuiteRunner.runTest(SuiteRunner.java:455)
	at org.testng.SuiteRunner.runSequentially(SuiteRunner.java:450)
	at org.testng.SuiteRunner.privateRun(SuiteRunner.java:415)
	at org.testng.SuiteRunner.run(SuiteRunner.java:364)
	at org.testng.SuiteRunnerWorker.runSuite(SuiteRunnerWorker.java:52)
	at org.testng.SuiteRunnerWorker.run(SuiteRunnerWorker.java:84)
	at org.testng.TestNG.runSuitesSequentially(TestNG.java:1208)
	at org.testng.TestNG.runSuitesLocally(TestNG.java:1137)
	at org.testng.TestNG.runSuites(TestNG.java:1049)
	at org.testng.TestNG.run(TestNG.java:1017)
	at org.testng.remote.AbstractRemoteTestNG.run(AbstractRemoteTestNG.java:114)
	at org.testng.remote.RemoteTestNG.initAndRun(RemoteTestNG.java:251)
	at org.testng.remote.RemoteTestNG.main(RemoteTestNG.java:77)
</pre></div></td>
<td>0</td>
<td>com.viacom.movies.VerifyMovies@1500b2f3</td></tr>
<tr>
<td title='com.viacom.movies.VerifyMoviePlayerFunctionalityTest.loginTest()'><b>loginTest</b><br>Test class: com.viacom.movies.VerifyMoviePlayerFunctionalityTest<br>Parameters: {Password=tanisha19, Runmode=Y, Email=8.792396107E9}</td>
<td><div><pre>org.testng.SkipException: Skipping the test as Run Mode was: NO
	at com.viacom.movies.VerifyMoviePlayerFunctionalityTest.loginTest(VerifyMoviePlayerFunctionalityTest.java:38)
... Removed 25 stack frames</pre></div><a href='#' onClick='toggleBox("stack-trace1853728244", this, "Click to show all stack frames", "Click to hide stack frames")'>Click to show all stack frames</a>
<div class='stack-trace' id='stack-trace1853728244'><pre>org.testng.SkipException: Skipping the test as Run Mode was: NO
	at com.viacom.movies.VerifyMoviePlayerFunctionalityTest.loginTest(VerifyMoviePlayerFunctionalityTest.java:38)
	at sun.reflect.NativeMethodAccessorImpl.invoke0(Native Method)
	at sun.reflect.NativeMethodAccessorImpl.invoke(Unknown Source)
	at sun.reflect.DelegatingMethodAccessorImpl.invoke(Unknown Source)
	at java.lang.reflect.Method.invoke(Unknown Source)
	at org.testng.internal.MethodInvocationHelper.invokeMethod(MethodInvocationHelper.java:124)
	at org.testng.internal.Invoker.invokeMethod(Invoker.java:580)
	at org.testng.internal.Invoker.invokeTestMethod(Invoker.java:716)
	at org.testng.internal.Invoker.invokeTestMethods(Invoker.java:988)
	at org.testng.internal.TestMethodWorker.invokeTestMethods(TestMethodWorker.java:125)
	at org.testng.internal.TestMethodWorker.run(TestMethodWorker.java:109)
	at org.testng.TestRunner.privateRun(TestRunner.java:648)
	at org.testng.TestRunner.run(TestRunner.java:505)
	at org.testng.SuiteRunner.runTest(SuiteRunner.java:455)
	at org.testng.SuiteRunner.runSequentially(SuiteRunner.java:450)
	at org.testng.SuiteRunner.privateRun(SuiteRunner.java:415)
	at org.testng.SuiteRunner.run(SuiteRunner.java:364)
	at org.testng.SuiteRunnerWorker.runSuite(SuiteRunnerWorker.java:52)
	at org.testng.SuiteRunnerWorker.run(SuiteRunnerWorker.java:84)
	at org.testng.TestNG.runSuitesSequentially(TestNG.java:1208)
	at org.testng.TestNG.runSuitesLocally(TestNG.java:1137)
	at org.testng.TestNG.runSuites(TestNG.java:1049)
	at org.testng.TestNG.run(TestNG.java:1017)
	at org.testng.remote.AbstractRemoteTestNG.run(AbstractRemoteTestNG.java:114)
	at org.testng.remote.RemoteTestNG.initAndRun(RemoteTestNG.java:251)
	at org.testng.remote.RemoteTestNG.main(RemoteTestNG.java:77)
</pre></div></td>
<td>0</td>
<td>com.viacom.movies.VerifyMoviePlayerFunctionalityTest@7eecb5b8</td></tr>
</table><p>
</body>
</html>