<?xml version="1.0" encoding="UTF-8"?>
<!-- Generated by org.testng.reporters.JUnitXMLReporter -->
<testsuite hostname="IFOCUSODC-PC30" ignored="94" name="Test" tests="48" failures="48" timestamp="15 Nov 2018 08:45:00 GMT" time="9840.323" errors="0">
  <testcase name="VerifyTraysinListentab" time="265.199" classname="com.viacom.smoketestscripts.ValidateListenTrays">
    <failure type="java.lang.AssertionError" message="Login Failed">
      <![CDATA[java.lang.AssertionError: Login Failed
at com.viacom.pagesVersion2.BasePageV2.reportFail(BasePageV2.java:64)
at com.viacom.pagesVersion2.HomePageV2.login(HomePageV2.java:1342)
at com.viacom.smoketestscripts.ValidateListenTrays.VerifyTraysinListentab(ValidateListenTrays.java:70)
... Removed 27 stack frames]]>
    </failure>
  </testcase> <!-- VerifyTraysinListentab -->
  <testcase name="VerifyDownloadsCountunderParentZone" time="309.497" classname="com.viacom.smoketestscripts.VerifyDownloadsCountunderParentZoneTest">
    <failure type="java.lang.AssertionError" message="Login Failed">
      <![CDATA[java.lang.AssertionError: Login Failed
at com.viacom.pagesVersion2.BasePageV2.reportFail(BasePageV2.java:64)
at com.viacom.pagesVersion2.HomePageV2.login(HomePageV2.java:1342)
at com.viacom.smoketestscripts.VerifyDownloadsCountunderParentZoneTest.VerifyDownloadsCountunderParentZone(VerifyDownloadsCountunderParentZoneTest.java:106)
... Removed 27 stack frames]]>
    </failure>
  </testcase> <!-- VerifyDownloadsCountunderParentZone -->
  <testcase name="videoPlayback" time="318.63" classname="com.viacom.smoketestscripts.vootkids">
    <failure type="java.lang.AssertionError" message="Login Failed">
      <![CDATA[java.lang.AssertionError: Login Failed
at com.viacom.pagesVersion2.BasePageV2.reportFail(BasePageV2.java:64)
at com.viacom.pagesVersion2.HomePageV2.login(HomePageV2.java:1342)
at com.viacom.smoketestscripts.vootkids.videoPlayback(vootkids.java:79)
... Removed 27 stack frames]]>
    </failure>
  </testcase> <!-- videoPlayback -->
  <testcase name="videoPlayback" time="261.456" classname="com.viacom.smoketestscripts.Verify_Watch_Channel_Info">
    <failure type="java.lang.AssertionError" message="Login Failed">
      <![CDATA[java.lang.AssertionError: Login Failed
at com.viacom.pagesVersion2.BasePageV2.reportFail(BasePageV2.java:64)
at com.viacom.pagesVersion2.HomePageV2.login(HomePageV2.java:1342)
at com.viacom.smoketestscripts.Verify_Watch_Channel_Info.videoPlayback(Verify_Watch_Channel_Info.java:68)
... Removed 27 stack frames]]>
    </failure>
  </testcase> <!-- videoPlayback -->
  <testcase name="videoPlayback" time="348.028" classname="com.viacom.smoketestscripts.Just_foryou">
    <failure type="java.lang.AssertionError" message="Login Failed">
      <![CDATA[java.lang.AssertionError: Login Failed
at com.viacom.pagesVersion2.BasePageV2.reportFail(BasePageV2.java:64)
at com.viacom.pagesVersion2.HomePageV2.login(HomePageV2.java:1342)
at com.viacom.smoketestscripts.Just_foryou.videoPlayback(Just_foryou.java:91)
... Removed 27 stack frames]]>
    </failure>
  </testcase> <!-- videoPlayback -->
  <testcase name="audioPlayerFunctionality" time="319.097" classname="com.viacom.smoketestscripts.audioPlayerFunctionalityTest">
    <failure type="java.lang.AssertionError" message="Login Failed">
      <![CDATA[java.lang.AssertionError: Login Failed
at com.viacom.pagesVersion2.BasePageV2.reportFail(BasePageV2.java:64)
at com.viacom.pagesVersion2.HomePageV2.login(HomePageV2.java:1342)
at com.viacom.smoketestscripts.audioPlayerFunctionalityTest.audioPlayerFunctionality(audioPlayerFunctionalityTest.java:108)
... Removed 27 stack frames]]>
    </failure>
  </testcase> <!-- audioPlayerFunctionality -->
  <testcase name="VerifyDownloadEpisodeFunctionality" time="260.243" classname="com.viacom.smoketestscripts.VerifyDownloadEpisodeFunctionalityTest">
    <failure type="java.lang.AssertionError" message="Login Failed">
      <![CDATA[java.lang.AssertionError: Login Failed
at com.viacom.pagesVersion2.BasePageV2.reportFail(BasePageV2.java:64)
at com.viacom.pagesVersion2.HomePageV2.login(HomePageV2.java:1342)
at com.viacom.smoketestscripts.VerifyDownloadEpisodeFunctionalityTest.VerifyDownloadEpisodeFunctionality(VerifyDownloadEpisodeFunctionalityTest.java:73)
... Removed 27 stack frames]]>
    </failure>
  </testcase> <!-- VerifyDownloadEpisodeFunctionality -->
  <testcase name="verifyWatchChannelsTabSection" time="271.705" classname="com.viacom.smoketestscripts.Verify_Watch_ChannelsTab_Section">
    <failure type="java.lang.AssertionError" message="Login Failed">
      <![CDATA[java.lang.AssertionError: Login Failed
at com.viacom.pagesVersion2.BasePageV2.reportFail(BasePageV2.java:64)
at com.viacom.pagesVersion2.HomePageV2.login(HomePageV2.java:1342)
at com.viacom.smoketestscripts.Verify_Watch_ChannelsTab_Section.verifyWatchChannelsTabSection(Verify_Watch_ChannelsTab_Section.java:66)
... Removed 27 stack frames]]>
    </failure>
  </testcase> <!-- verifyWatchChannelsTabSection -->
  <testcase name="searchFunctionality" time="301.341" classname="com.viacom.smoketestscripts.searchFunctionalityTest">
    <failure type="java.lang.AssertionError" message="Login Failed">
      <![CDATA[java.lang.AssertionError: Login Failed
at com.viacom.pagesVersion2.BasePageV2.reportFail(BasePageV2.java:64)
at com.viacom.pagesVersion2.HomePageV2.login(HomePageV2.java:1342)
at com.viacom.smoketestscripts.searchFunctionalityTest.searchFunctionality(searchFunctionalityTest.java:89)
... Removed 27 stack frames]]>
    </failure>
  </testcase> <!-- searchFunctionality -->
  <testcase name="audioBookUI" time="299.445" classname="com.viacom.smoketestscripts.AudioBookDetailUITest">
    <failure type="java.lang.AssertionError" message="Login Failed">
      <![CDATA[java.lang.AssertionError: Login Failed
at com.viacom.pagesVersion2.BasePageV2.reportFail(BasePageV2.java:64)
at com.viacom.pagesVersion2.HomePageV2.login(HomePageV2.java:1342)
at com.viacom.smoketestscripts.AudioBookDetailUITest.audioBookUI(AudioBookDetailUITest.java:89)
... Removed 27 stack frames]]>
    </failure>
  </testcase> <!-- audioBookUI -->
  <testcase name="EpisodesUIFunctionality" time="301.444" classname="com.viacom.smoketestscripts.VerifyEpisodesUIFunctionalityTest">
    <failure type="java.lang.AssertionError" message="Login Failed">
      <![CDATA[java.lang.AssertionError: Login Failed
at com.viacom.pagesVersion2.BasePageV2.reportFail(BasePageV2.java:64)
at com.viacom.pagesVersion2.HomePageV2.login(HomePageV2.java:1342)
at com.viacom.smoketestscripts.VerifyEpisodesUIFunctionalityTest.EpisodesUIFunctionality(VerifyEpisodesUIFunctionalityTest.java:87)
... Removed 27 stack frames]]>
    </failure>
  </testcase> <!-- EpisodesUIFunctionality -->
  <testcase name="inlineAudioFunction" time="321.664" classname="com.viacom.smoketestscripts.AudioPlayerUparrowfunctionalityTest">
    <failure type="java.lang.AssertionError" message="Login Failed">
      <![CDATA[java.lang.AssertionError: Login Failed
at com.viacom.pagesVersion2.BasePageV2.reportFail(BasePageV2.java:64)
at com.viacom.pagesVersion2.HomePageV2.login(HomePageV2.java:1342)
at com.viacom.smoketestscripts.AudioPlayerUparrowfunctionalityTest.inlineAudioFunction(AudioPlayerUparrowfunctionalityTest.java:103)
... Removed 27 stack frames]]>
    </failure>
  </testcase> <!-- inlineAudioFunction -->
  <testcase name="DownloadCancelFeature" time="303.545" classname="com.viacom.smoketestscripts.DownloadCancelFeatureTest">
    <failure type="java.lang.AssertionError" message="Login Failed">
      <![CDATA[java.lang.AssertionError: Login Failed
at com.viacom.pagesVersion2.BasePageV2.reportFail(BasePageV2.java:64)
at com.viacom.pagesVersion2.HomePageV2.login(HomePageV2.java:1342)
at com.viacom.smoketestscripts.DownloadCancelFeatureTest.DownloadCancelFeature(DownloadCancelFeatureTest.java:91)
... Removed 27 stack frames]]>
    </failure>
  </testcase> <!-- DownloadCancelFeature -->
  <testcase name="searchResults" time="271.736" classname="com.viacom.smoketestscripts.VerifySearchResultsTest">
    <failure type="java.lang.AssertionError" message="Login Failed">
      <![CDATA[java.lang.AssertionError: Login Failed
at com.viacom.pagesVersion2.BasePageV2.reportFail(BasePageV2.java:64)
at com.viacom.pagesVersion2.HomePageV2.login(HomePageV2.java:1342)
at com.viacom.smoketestscripts.VerifySearchResultsTest.searchResults(VerifySearchResultsTest.java:71)
... Removed 27 stack frames]]>
    </failure>
  </testcase> <!-- searchResults -->
  <testcase name="verifyChannelInfCharactersTab" time="317.997" classname="com.viacom.smoketestscripts.VerifyChannelInfCharactersTab">
    <failure type="java.lang.AssertionError" message="Login Failed">
      <![CDATA[java.lang.AssertionError: Login Failed
at com.viacom.pagesVersion2.BasePageV2.reportFail(BasePageV2.java:64)
at com.viacom.pagesVersion2.HomePageV2.login(HomePageV2.java:1342)
at com.viacom.smoketestscripts.VerifyChannelInfCharactersTab.verifyChannelInfCharactersTab(VerifyChannelInfCharactersTab.java:89)
... Removed 27 stack frames]]>
    </failure>
  </testcase> <!-- verifyChannelInfCharactersTab -->
  <testcase name="VerifyCharactersInCharactersTray" time="273.422" classname="com.viacom.smoketestscripts.VerifyEditProfileFavourites">
    <failure type="java.lang.AssertionError" message="Login Failed">
      <![CDATA[java.lang.AssertionError: Login Failed
at com.viacom.pagesVersion2.BasePageV2.reportFail(BasePageV2.java:64)
at com.viacom.pagesVersion2.HomePageV2.login(HomePageV2.java:1342)
at com.viacom.smoketestscripts.VerifyEditProfileFavourites.VerifyCharactersInCharactersTray(VerifyEditProfileFavourites.java:79)
... Removed 27 stack frames]]>
    </failure>
  </testcase> <!-- VerifyCharactersInCharactersTray -->
  <testcase name="loginTest" time="170.528" classname="com.viacom.smoketestscripts.VerifyVodPlayerFunctionalityTest">
    <failure type="java.lang.AssertionError" message="Duration watched is not displayed">
      <![CDATA[java.lang.AssertionError: Duration watched is not displayed
at com.viacom.pagesVersion2.BasePageV2.reportFail(BasePageV2.java:64)
at com.viacom.smoketestscripts.VerifyVodPlayerFunctionalityTest.loginTest(VerifyVodPlayerFunctionalityTest.java:227)
... Removed 27 stack frames]]>
    </failure>
  </testcase> <!-- loginTest -->
  <testcase name="loginTest" time="112.372" classname="com.viacom.smoketestscripts.VerifyForwardRewindButtonFunctionalityTest">
    <failure type="java.lang.AssertionError" message="Not able to click on watch tab">
      <![CDATA[java.lang.AssertionError: Not able to click on watch tab
at com.viacom.pagesVersion2.BasePageV2.reportFail(BasePageV2.java:64)
at com.viacom.smoketestscripts.VerifyForwardRewindButtonFunctionalityTest.loginTest(VerifyForwardRewindButtonFunctionalityTest.java:61)
... Removed 27 stack frames]]>
    </failure>
  </testcase> <!-- loginTest -->
  <testcase name="loginTest" time="164.661" classname="com.viacom.smoketestscripts.VerifyVodPlayerPlaylistUITest">
    <failure type="java.lang.AssertionError" message="Not able to click on watch tab">
      <![CDATA[java.lang.AssertionError: Not able to click on watch tab
at com.viacom.pagesVersion2.BasePageV2.reportFail(BasePageV2.java:64)
at com.viacom.smoketestscripts.VerifyVodPlayerPlaylistUITest.loginTest(VerifyVodPlayerPlaylistUITest.java:95)
... Removed 27 stack frames]]>
    </failure>
  </testcase> <!-- loginTest -->
  <testcase name="loginTest" time="114.154" classname="com.viacom.smoketestscripts.VerifyVodPlayerFavoritesRelatedFunctionality">
    <failure type="java.lang.AssertionError" message="Not able to click on watch tab">
      <![CDATA[java.lang.AssertionError: Not able to click on watch tab
at com.viacom.pagesVersion2.BasePageV2.reportFail(BasePageV2.java:64)
at com.viacom.smoketestscripts.VerifyVodPlayerFavoritesRelatedFunctionality.loginTest(VerifyVodPlayerFavoritesRelatedFunctionality.java:71)
... Removed 27 stack frames]]>
    </failure>
  </testcase> <!-- loginTest -->
  <testcase name="loginTest" time="114.741" classname="com.viacom.smoketestscripts.VerifyVodPlayerPlaylistForFavoritedEpisode">
    <failure type="java.lang.AssertionError" message="Not able to click on watch tab">
      <![CDATA[java.lang.AssertionError: Not able to click on watch tab
at com.viacom.pagesVersion2.BasePageV2.reportFail(BasePageV2.java:64)
at com.viacom.smoketestscripts.VerifyVodPlayerPlaylistForFavoritedEpisode.loginTest(VerifyVodPlayerPlaylistForFavoritedEpisode.java:73)
... Removed 27 stack frames]]>
    </failure>
  </testcase> <!-- loginTest -->
  <testcase name="loginTest" time="170.679" classname="com.viacom.smoketestscripts.VerifyCoachCardsFunctionality">
    <failure type="org.openqa.selenium.WebDriverException" message="An unknown server-side error occurred while processing the command. Original error: Error executing adbExec. Original error: &amp;apos;Command &amp;apos;C\:\\android-sdk-windows\\platform-tools\\adb.exe -P 5037 -s b953954 shell pm clear com.viacom18.vootkids&amp;apos; exited with code 1&amp;apos;; Stderr: &amp;apos;Error: java.lang.SecurityException: PID 16803 does not have permission android.permission.CLEAR_APP_USER_DATA to clear data of package com.viacom18.vootkids&amp;apos;; Code: &amp;apos;1&amp;apos;
Build info: version: &amp;apos;3.12.0&amp;apos;, revision: &amp;apos;7c6e0b3&amp;apos;, time: &amp;apos;2018-05-08T15:15:08.936Z&amp;apos;
System info: host: &amp;apos;IFOCUSODC-PC30&amp;apos;, ip: &amp;apos;192.168.1.146&amp;apos;, os.name: &amp;apos;Windows 8.1&amp;apos;, os.arch: &amp;apos;amd64&amp;apos;, os.version: &amp;apos;6.3&amp;apos;, java.version: &amp;apos;1.8.0_131&amp;apos;
Driver info: io.appium.java_client.android.AndroidDriver
Capabilities {BROWSER_NAME: Android, VERSION: 8.1.0, appActivity: com.tv.vootkids.ui.home.VKH..., appPackage: com.viacom18.vootkids, autoDismissAlerts: true, databaseEnabled: false, desired: {BROWSER_NAME: Android, VERSION: 8.1.0, appActivity: com.tv.vootkids.ui.home.VKH..., appPackage: com.viacom18.vootkids, autoDismissAlerts: true, deviceName: Oppo A3S, fullReset: false, newCommandTimeout: 300, noReset: true, platformName: android, udid: b953954, unlockKey: 1111, unlockType: pin}, deviceManufacturer: OPPO, deviceModel: CPH1803, deviceName: b953954, deviceScreenSize: 720x1520, deviceUDID: b953954, fullReset: false, javascriptEnabled: true, locationContextEnabled: false, networkConnectionEnabled: true, newCommandTimeout: 300, noReset: true, platform: LINUX, platformName: LINUX, platformVersion: 8.1.0, takesScreenshot: true, udid: b953954, unlockKey: 1111, unlockType: pin, warnings: {}, webStorageEnabled: false}
Session ID: 87fbf3d3-9186-4492-a485-93e58ac7e4e6">
      <![CDATA[org.openqa.selenium.WebDriverException: An unknown server-side error occurred while processing the command. Original error: Error executing adbExec. Original error: 'Command 'C\:\\android-sdk-windows\\platform-tools\\adb.exe -P 5037 -s b953954 shell pm clear com.viacom18.vootkids' exited with code 1'; Stderr: 'Error: java.lang.SecurityException: PID 16803 does not have permission android.permission.CLEAR_APP_USER_DATA to clear data of package com.viacom18.vootkids'; Code: '1'
Build info: version: '3.12.0', revision: '7c6e0b3', time: '2018-05-08T15:15:08.936Z'
System info: host: 'IFOCUSODC-PC30', ip: '192.168.1.146', os.name: 'Windows 8.1', os.arch: 'amd64', os.version: '6.3', java.version: '1.8.0_131'
Driver info: io.appium.java_client.android.AndroidDriver
Capabilities {BROWSER_NAME: Android, VERSION: 8.1.0, appActivity: com.tv.vootkids.ui.home.VKH..., appPackage: com.viacom18.vootkids, autoDismissAlerts: true, databaseEnabled: false, desired: {BROWSER_NAME: Android, VERSION: 8.1.0, appActivity: com.tv.vootkids.ui.home.VKH..., appPackage: com.viacom18.vootkids, autoDismissAlerts: true, deviceName: Oppo A3S, fullReset: false, newCommandTimeout: 300, noReset: true, platformName: android, udid: b953954, unlockKey: 1111, unlockType: pin}, deviceManufacturer: OPPO, deviceModel: CPH1803, deviceName: b953954, deviceScreenSize: 720x1520, deviceUDID: b953954, fullReset: false, javascriptEnabled: true, locationContextEnabled: false, networkConnectionEnabled: true, newCommandTimeout: 300, noReset: true, platform: LINUX, platformName: LINUX, platformVersion: 8.1.0, takesScreenshot: true, udid: b953954, unlockKey: 1111, unlockType: pin, warnings: {}, webStorageEnabled: false}
Session ID: 87fbf3d3-9186-4492-a485-93e58ac7e4e6
at org.openqa.selenium.remote.http.W3CHttpResponseCodec.createException(W3CHttpResponseCodec.java:187)
at org.openqa.selenium.remote.http.W3CHttpResponseCodec.decode(W3CHttpResponseCodec.java:122)
at org.openqa.selenium.remote.http.W3CHttpResponseCodec.decode(W3CHttpResponseCodec.java:49)
at org.openqa.selenium.remote.HttpCommandExecutor.execute(HttpCommandExecutor.java:158)
at io.appium.java_client.remote.AppiumCommandExecutor.execute(AppiumCommandExecutor.java:218)
at org.openqa.selenium.remote.RemoteWebDriver.execute(RemoteWebDriver.java:543)
at io.appium.java_client.DefaultGenericMobileDriver.execute(DefaultGenericMobileDriver.java:46)
at io.appium.java_client.AppiumDriver.execute(AppiumDriver.java:1)
at io.appium.java_client.android.AndroidDriver.execute(AndroidDriver.java:1)
at io.appium.java_client.InteractsWithApps.resetApp(InteractsWithApps.java:93)
at com.viacom.smoketestscripts.VerifyCoachCardsFunctionality.loginTest(VerifyCoachCardsFunctionality.java:113)
... Removed 30 stack frames]]>
    </failure>
  </testcase> <!-- loginTest -->
  <testcase name="loginTest" time="144.602" classname="com.viacom.smoketestscripts.VerifyShowDetailsPageFunctionalityTest">
    <failure type="java.lang.AssertionError" message="Not able to click on watch tab">
      <![CDATA[java.lang.AssertionError: Not able to click on watch tab
at com.viacom.pagesVersion2.BasePageV2.reportFail(BasePageV2.java:64)
at com.viacom.smoketestscripts.VerifyShowDetailsPageFunctionalityTest.loginTest(VerifyShowDetailsPageFunctionalityTest.java:84)
... Removed 27 stack frames]]>
    </failure>
  </testcase> <!-- loginTest -->
  <testcase name="loginTest" time="102.204" classname="com.viacom.smoketestscripts.VerifyShowDetailsPageEditorialSectionUITest">
    <failure type="java.lang.AssertionError" message="Not able to click on watch tab">
      <![CDATA[java.lang.AssertionError: Not able to click on watch tab
at com.viacom.pagesVersion2.BasePageV2.reportFail(BasePageV2.java:64)
at com.viacom.smoketestscripts.VerifyShowDetailsPageEditorialSectionUITest.loginTest(VerifyShowDetailsPageEditorialSectionUITest.java:69)
... Removed 27 stack frames]]>
    </failure>
  </testcase> <!-- loginTest -->
  <testcase name="loginTest" time="114.076" classname="com.viacom.smoketestscripts.VerifyBookDetailsPageFunctionalityTest">
    <failure type="java.lang.AssertionError" message="Not able to click on read tab">
      <![CDATA[java.lang.AssertionError: Not able to click on read tab
at com.viacom.pagesVersion2.BasePageV2.reportFail(BasePageV2.java:64)
at com.viacom.smoketestscripts.VerifyBookDetailsPageFunctionalityTest.loginTest(VerifyBookDetailsPageFunctionalityTest.java:76)
... Removed 27 stack frames]]>
    </failure>
  </testcase> <!-- loginTest -->
  <testcase name="verifyCardsMetaDataFavouritesSectionPage" time="283.104" classname="com.viacom.smoketestscripts.VerifyCardsMetaDataFavouritesSectionPage">
    <failure type="java.lang.AssertionError" message="Login Failed">
      <![CDATA[java.lang.AssertionError: Login Failed
at com.viacom.pagesVersion2.BasePageV2.reportFail(BasePageV2.java:64)
at com.viacom.pagesVersion2.HomePageV2.login(HomePageV2.java:1342)
at com.viacom.smoketestscripts.VerifyCardsMetaDataFavouritesSectionPage.verifyCardsMetaDataFavouritesSectionPage(VerifyCardsMetaDataFavouritesSectionPage.java:89)
... Removed 27 stack frames]]>
    </failure>
  </testcase> <!-- verifyCardsMetaDataFavouritesSectionPage -->
  <testcase name="loginTest" time="156.517" classname="com.viacom.smoketestscripts.VerifyAudioBooksDownloadsFunctionalityTest">
    <failure type="java.lang.AssertionError" message="User Profile icon is not displayed">
      <![CDATA[java.lang.AssertionError: User Profile icon is not displayed
at com.viacom.pagesVersion2.BasePageV2.reportFail(BasePageV2.java:64)
at com.viacom.pagesVersion2.DownloadsPageV2.setDeviceAudioDownloadQuality(DownloadsPageV2.java:251)
at com.viacom.smoketestscripts.VerifyAudioBooksDownloadsFunctionalityTest.loginTest(VerifyAudioBooksDownloadsFunctionalityTest.java:75)
... Removed 27 stack frames]]>
    </failure>
  </testcase> <!-- loginTest -->
  <testcase name="loginTest" time="134.894" classname="com.viacom.smoketestscripts.VerifyAudioDownloadsProgressFunctionalityTest">
    <failure type="java.lang.AssertionError" message="User Profile icon is not displayed">
      <![CDATA[java.lang.AssertionError: User Profile icon is not displayed
at com.viacom.pagesVersion2.BasePageV2.reportFail(BasePageV2.java:64)
at com.viacom.pagesVersion2.DownloadsPageV2.setDeviceDownloadQuality(DownloadsPageV2.java:332)
at com.viacom.smoketestscripts.VerifyAudioDownloadsProgressFunctionalityTest.loginTest(VerifyAudioDownloadsProgressFunctionalityTest.java:76)
... Removed 27 stack frames]]>
    </failure>
  </testcase> <!-- loginTest -->
  <testcase name="loginTest" time="194.081" classname="com.viacom.smoketestscripts.VerifyAudioBooksDownloadsInterruptionFunctionality">
    <failure type="java.lang.AssertionError" message="Failed to logout">
      <![CDATA[java.lang.AssertionError: Failed to logout
at com.viacom.pagesVersion2.BasePageV2.reportFail(BasePageV2.java:64)
at com.viacom.pagesVersion2.HomePageV2.logout(HomePageV2.java:1634)
at com.viacom.smoketestscripts.VerifyAudioBooksDownloadsInterruptionFunctionality.loginTest(VerifyAudioBooksDownloadsInterruptionFunctionality.java:60)
... Removed 27 stack frames]]>
    </failure>
  </testcase> <!-- loginTest -->
  <testcase name="loginTest" time="104.359" classname="com.viacom.smoketestscripts.VerifyAudioBooksDownloadsLockUnlockInterruptionFunctionality">
    <failure type="java.lang.AssertionError" message="User Profile icon is not displayed">
      <![CDATA[java.lang.AssertionError: User Profile icon is not displayed
at com.viacom.pagesVersion2.BasePageV2.reportFail(BasePageV2.java:64)
at com.viacom.pagesVersion2.DownloadsPageV2.setDeviceAudioDownloadQuality(DownloadsPageV2.java:251)
at com.viacom.smoketestscripts.VerifyAudioBooksDownloadsLockUnlockInterruptionFunctionality.loginTest(VerifyAudioBooksDownloadsLockUnlockInterruptionFunctionality.java:60)
... Removed 27 stack frames]]>
    </failure>
  </testcase> <!-- loginTest -->
  <testcase name="loginTest" time="104.263" classname="com.viacom.smoketestscripts.VerifyAudioBooksDownloadsKillAppInterruptionFunctionality">
    <failure type="java.lang.AssertionError" message="User Profile icon is not displayed">
      <![CDATA[java.lang.AssertionError: User Profile icon is not displayed
at com.viacom.pagesVersion2.BasePageV2.reportFail(BasePageV2.java:64)
at com.viacom.pagesVersion2.DownloadsPageV2.setDeviceAudioDownloadQuality(DownloadsPageV2.java:251)
at com.viacom.smoketestscripts.VerifyAudioBooksDownloadsKillAppInterruptionFunctionality.loginTest(VerifyAudioBooksDownloadsKillAppInterruptionFunctionality.java:59)
... Removed 27 stack frames]]>
    </failure>
  </testcase> <!-- loginTest -->
  <testcase name="loginTest" time="103.708" classname="com.viacom.smoketestscripts.VerifyAudioBooksDownloadsSwitchAppInterruptionFunctionality">
    <failure type="java.lang.AssertionError" message="User Profile icon is not displayed">
      <![CDATA[java.lang.AssertionError: User Profile icon is not displayed
at com.viacom.pagesVersion2.BasePageV2.reportFail(BasePageV2.java:64)
at com.viacom.pagesVersion2.DownloadsPageV2.setDeviceAudioDownloadQuality(DownloadsPageV2.java:251)
at com.viacom.smoketestscripts.VerifyAudioBooksDownloadsSwitchAppInterruptionFunctionality.loginTest(VerifyAudioBooksDownloadsSwitchAppInterruptionFunctionality.java:60)
... Removed 27 stack frames]]>
    </failure>
  </testcase> <!-- loginTest -->
  <testcase name="loginTest" time="123.691" classname="com.viacom.smoketestscripts.VerifyDownloadedAudioFunctionalityTest">
    <failure type="java.lang.AssertionError" message="User Profile icon is not displayed">
      <![CDATA[java.lang.AssertionError: User Profile icon is not displayed
at com.viacom.pagesVersion2.BasePageV2.reportFail(BasePageV2.java:64)
at com.viacom.pagesVersion2.DownloadsPageV2.setDeviceAudioDownloadQuality(DownloadsPageV2.java:251)
at com.viacom.smoketestscripts.VerifyDownloadedAudioFunctionalityTest.loginTest(VerifyDownloadedAudioFunctionalityTest.java:64)
... Removed 27 stack frames]]>
    </failure>
  </testcase> <!-- loginTest -->
  <testcase name="loginTest" time="353.688" classname="com.viacom.smoketestscripts.VerifyDownloadedAudioPlaybackTest">
    <failure type="java.lang.AssertionError" message="Failed to find Downloads Tab in My Stuff">
      <![CDATA[java.lang.AssertionError: Failed to find Downloads Tab in My Stuff
at com.viacom.pagesVersion2.BasePageV2.reportFail(BasePageV2.java:64)
at com.viacom.smoketestscripts.VerifyDownloadedAudioPlaybackTest.loginTest(VerifyDownloadedAudioPlaybackTest.java:73)
... Removed 27 stack frames]]>
    </failure>
  </testcase> <!-- loginTest -->
  <testcase name="loginTest" time="168.306" classname="com.viacom.smoketestscripts.VerifyBookReaderFunctionalityTest">
    <failure type="java.lang.AssertionError" message="Not able to click on read tab">
      <![CDATA[java.lang.AssertionError: Not able to click on read tab
at com.viacom.pagesVersion2.BasePageV2.reportFail(BasePageV2.java:64)
at com.viacom.smoketestscripts.VerifyBookReaderFunctionalityTest.loginTest(VerifyBookReaderFunctionalityTest.java:99)
... Removed 27 stack frames]]>
    </failure>
  </testcase> <!-- loginTest -->
  <testcase name="downloadTest" time="156.704" classname="com.viacom.smoketestscripts.VerifyEBooksDownloadsFunctionalityTest">
    <failure type="java.lang.AssertionError" message="User Profile icon is not displayed">
      <![CDATA[java.lang.AssertionError: User Profile icon is not displayed
at com.viacom.pagesVersion2.BasePageV2.reportFail(BasePageV2.java:64)
at com.viacom.pagesVersion2.DownloadsPageV2.setDeviceDownloadQuality(DownloadsPageV2.java:332)
at com.viacom.smoketestscripts.VerifyEBooksDownloadsFunctionalityTest.downloadTest(VerifyEBooksDownloadsFunctionalityTest.java:77)
... Removed 27 stack frames]]>
    </failure>
  </testcase> <!-- downloadTest -->
  <testcase name="loginTest" time="134.811" classname="com.viacom.smoketestscripts.VerifyEbookDownloadsProgressFunctionalityTest">
    <failure type="java.lang.AssertionError" message="User Profile icon is not displayed">
      <![CDATA[java.lang.AssertionError: User Profile icon is not displayed
at com.viacom.pagesVersion2.BasePageV2.reportFail(BasePageV2.java:64)
at com.viacom.pagesVersion2.DownloadsPageV2.setDeviceDownloadQuality(DownloadsPageV2.java:332)
at com.viacom.smoketestscripts.VerifyEbookDownloadsProgressFunctionalityTest.loginTest(VerifyEbookDownloadsProgressFunctionalityTest.java:68)
... Removed 27 stack frames]]>
    </failure>
  </testcase> <!-- loginTest -->
  <testcase name="loginTest" time="194.996" classname="com.viacom.smoketestscripts.VerifyEBooksDownloadsInterruptionFunctionality">
    <failure type="java.lang.AssertionError" message="Failed to logout">
      <![CDATA[java.lang.AssertionError: Failed to logout
at com.viacom.pagesVersion2.BasePageV2.reportFail(BasePageV2.java:64)
at com.viacom.pagesVersion2.HomePageV2.logout(HomePageV2.java:1634)
at com.viacom.smoketestscripts.VerifyEBooksDownloadsInterruptionFunctionality.loginTest(VerifyEBooksDownloadsInterruptionFunctionality.java:61)
... Removed 27 stack frames]]>
    </failure>
  </testcase> <!-- loginTest -->
  <testcase name="loginTest" time="105.409" classname="com.viacom.smoketestscripts.VerifyEBooksDownloadsLockUnlockInterruptionFunctionality">
    <failure type="java.lang.AssertionError" message="User Profile icon is not displayed">
      <![CDATA[java.lang.AssertionError: User Profile icon is not displayed
at com.viacom.pagesVersion2.BasePageV2.reportFail(BasePageV2.java:64)
at com.viacom.pagesVersion2.DownloadsPageV2.setDeviceDownloadQuality(DownloadsPageV2.java:332)
at com.viacom.smoketestscripts.VerifyEBooksDownloadsLockUnlockInterruptionFunctionality.loginTest(VerifyEBooksDownloadsLockUnlockInterruptionFunctionality.java:61)
... Removed 27 stack frames]]>
    </failure>
  </testcase> <!-- loginTest -->
  <testcase name="loginTest" time="104.457" classname="com.viacom.smoketestscripts.VerifyEBooksDownloadsKillAppInterruptionFunctionality">
    <failure type="java.lang.AssertionError" message="User Profile icon is not displayed">
      <![CDATA[java.lang.AssertionError: User Profile icon is not displayed
at com.viacom.pagesVersion2.BasePageV2.reportFail(BasePageV2.java:64)
at com.viacom.pagesVersion2.DownloadsPageV2.setDeviceDownloadQuality(DownloadsPageV2.java:332)
at com.viacom.smoketestscripts.VerifyEBooksDownloadsKillAppInterruptionFunctionality.loginTest(VerifyEBooksDownloadsKillAppInterruptionFunctionality.java:60)
... Removed 27 stack frames]]>
    </failure>
  </testcase> <!-- loginTest -->
  <testcase name="loginTest" time="104.947" classname="com.viacom.smoketestscripts.VerifyEBooksDownloadsSwitchAppInterruptionFunctionality">
    <failure type="java.lang.AssertionError" message="User Profile icon is not displayed">
      <![CDATA[java.lang.AssertionError: User Profile icon is not displayed
at com.viacom.pagesVersion2.BasePageV2.reportFail(BasePageV2.java:64)
at com.viacom.pagesVersion2.DownloadsPageV2.setDeviceDownloadQuality(DownloadsPageV2.java:332)
at com.viacom.smoketestscripts.VerifyEBooksDownloadsSwitchAppInterruptionFunctionality.loginTest(VerifyEBooksDownloadsSwitchAppInterruptionFunctionality.java:61)
... Removed 27 stack frames]]>
    </failure>
  </testcase> <!-- loginTest -->
  <testcase name="loginTest" time="192.726" classname="com.viacom.smoketestscripts.VerifyDownloadedBookFunctionalityTest">
    <failure type="java.lang.AssertionError" message="User Profile icon is not displayed">
      <![CDATA[java.lang.AssertionError: User Profile icon is not displayed
at com.viacom.pagesVersion2.BasePageV2.reportFail(BasePageV2.java:64)
at com.viacom.pagesVersion2.DownloadsPageV2.setDeviceDownloadQuality(DownloadsPageV2.java:332)
at com.viacom.smoketestscripts.VerifyDownloadedBookFunctionalityTest.loginTest(VerifyDownloadedBookFunctionalityTest.java:96)
... Removed 27 stack frames]]>
    </failure>
  </testcase> <!-- loginTest -->
  <testcase name="loginTest" time="104.069" classname="com.viacom.smoketestscripts.VerifyEpisodeDownloadsProgressFunctionalityTest">
    <failure type="java.lang.AssertionError" message="User Profile icon is not displayed">
      <![CDATA[java.lang.AssertionError: User Profile icon is not displayed
at com.viacom.pagesVersion2.BasePageV2.reportFail(BasePageV2.java:64)
at com.viacom.pagesVersion2.DownloadsPageV2.setDeviceDownloadQuality(DownloadsPageV2.java:332)
at com.viacom.smoketestscripts.VerifyEpisodeDownloadsProgressFunctionalityTest.loginTest(VerifyEpisodeDownloadsProgressFunctionalityTest.java:69)
... Removed 27 stack frames]]>
    </failure>
  </testcase> <!-- loginTest -->
  <testcase name="loginTest" time="114.041" classname="com.viacom.smoketestscripts.VerifyEpisodeDownloadsProgressInterruptionFunctionalityTest">
    <failure type="java.lang.AssertionError" message="User Profile icon is not displayed">
      <![CDATA[java.lang.AssertionError: User Profile icon is not displayed
at com.viacom.pagesVersion2.BasePageV2.reportFail(BasePageV2.java:64)
at com.viacom.pagesVersion2.DownloadsPageV2.setDeviceDownloadQuality(DownloadsPageV2.java:332)
at com.viacom.smoketestscripts.VerifyEpisodeDownloadsProgressInterruptionFunctionalityTest.loginTest(VerifyEpisodeDownloadsProgressInterruptionFunctionalityTest.java:73)
... Removed 27 stack frames]]>
    </failure>
  </testcase> <!-- loginTest -->
  <testcase name="loginTest" time="103.253" classname="com.viacom.smoketestscripts.VerifyLockUnlockInterruptionDuringDownloadFunctionalityTest">
    <failure type="java.lang.AssertionError" message="User Profile icon is not displayed">
      <![CDATA[java.lang.AssertionError: User Profile icon is not displayed
at com.viacom.pagesVersion2.BasePageV2.reportFail(BasePageV2.java:64)
at com.viacom.pagesVersion2.DownloadsPageV2.setDeviceDownloadQuality(DownloadsPageV2.java:332)
at com.viacom.smoketestscripts.VerifyLockUnlockInterruptionDuringDownloadFunctionalityTest.loginTest(VerifyLockUnlockInterruptionDuringDownloadFunctionalityTest.java:70)
... Removed 27 stack frames]]>
    </failure>
  </testcase> <!-- loginTest -->
  <testcase name="loginTest" time="105.01" classname="com.viacom.smoketestscripts.VerifyKillLaunchInterruptionDuringEpisodeDownloadFunctionalityTest">
    <failure type="java.lang.AssertionError" message="User Profile icon is not displayed">
      <![CDATA[java.lang.AssertionError: User Profile icon is not displayed
at com.viacom.pagesVersion2.BasePageV2.reportFail(BasePageV2.java:64)
at com.viacom.pagesVersion2.DownloadsPageV2.setDeviceDownloadQuality(DownloadsPageV2.java:332)
at com.viacom.smoketestscripts.VerifyKillLaunchInterruptionDuringEpisodeDownloadFunctionalityTest.loginTest(VerifyKillLaunchInterruptionDuringEpisodeDownloadFunctionalityTest.java:71)
... Removed 27 stack frames]]>
    </failure>
  </testcase> <!-- loginTest -->
  <testcase name="loginTest" time="104.748" classname="com.viacom.smoketestscripts.VerifySwitchAppInterruptionDuringEpisodeDownloadFunctionality">
    <failure type="java.lang.AssertionError" message="User Profile icon is not displayed">
      <![CDATA[java.lang.AssertionError: User Profile icon is not displayed
at com.viacom.pagesVersion2.BasePageV2.reportFail(BasePageV2.java:64)
at com.viacom.pagesVersion2.DownloadsPageV2.setDeviceDownloadQuality(DownloadsPageV2.java:332)
at com.viacom.smoketestscripts.VerifySwitchAppInterruptionDuringEpisodeDownloadFunctionality.loginTest(VerifySwitchAppInterruptionDuringEpisodeDownloadFunctionality.java:62)
... Removed 27 stack frames]]>
    </failure>
  </testcase> <!-- loginTest -->
  <testcase name="SearchFunctionalityTabHilighting" time="263.061" classname="com.viacom.smoketestscripts.SearchFunctionalityTabHilightingTest">
    <failure type="java.lang.AssertionError" message="Login Failed">
      <![CDATA[java.lang.AssertionError: Login Failed
at com.viacom.pagesVersion2.BasePageV2.reportFail(BasePageV2.java:64)
at com.viacom.pagesVersion2.HomePageV2.login(HomePageV2.java:1342)
at com.viacom.smoketestscripts.SearchFunctionalityTabHilightingTest.SearchFunctionalityTabHilighting(SearchFunctionalityTabHilightingTest.java:66)
... Removed 27 stack frames]]>
    </failure>
  </testcase> <!-- SearchFunctionalityTabHilighting -->
  <testcase name="@BeforeSuite suite" time="0.0" classname="com.viacom.smoketestscripts.BaseTestV2">
    <ignored/>
  </testcase> <!-- @BeforeSuite suite -->
  <testcase name="@BeforeSuite suite" time="0.0" classname="com.viacom.smoketestscripts.BaseTestV2">
    <ignored/>
  </testcase> <!-- @BeforeSuite suite -->
  <testcase name="@BeforeSuite suite" time="0.0" classname="com.viacom.smoketestscripts.BaseTestV2">
    <ignored/>
  </testcase> <!-- @BeforeSuite suite -->
  <testcase name="@BeforeSuite suite" time="0.0" classname="com.viacom.smoketestscripts.BaseTestV2">
    <ignored/>
  </testcase> <!-- @BeforeSuite suite -->
  <testcase name="@BeforeSuite suite" time="0.0" classname="com.viacom.smoketestscripts.BaseTestV2">
    <ignored/>
  </testcase> <!-- @BeforeSuite suite -->
  <testcase name="@BeforeSuite suite" time="0.0" classname="com.viacom.smoketestscripts.BaseTestV2">
    <ignored/>
  </testcase> <!-- @BeforeSuite suite -->
  <testcase name="@BeforeSuite suite" time="0.0" classname="com.viacom.smoketestscripts.BaseTestV2">
    <ignored/>
  </testcase> <!-- @BeforeSuite suite -->
  <testcase name="@BeforeSuite suite" time="0.0" classname="com.viacom.smoketestscripts.BaseTestV2">
    <ignored/>
  </testcase> <!-- @BeforeSuite suite -->
  <testcase name="@BeforeSuite suite" time="0.0" classname="com.viacom.smoketestscripts.BaseTestV2">
    <ignored/>
  </testcase> <!-- @BeforeSuite suite -->
  <testcase name="@BeforeSuite suite" time="0.0" classname="com.viacom.smoketestscripts.BaseTestV2">
    <ignored/>
  </testcase> <!-- @BeforeSuite suite -->
  <testcase name="@BeforeSuite suite" time="0.0" classname="com.viacom.smoketestscripts.BaseTestV2">
    <ignored/>
  </testcase> <!-- @BeforeSuite suite -->
  <testcase name="@BeforeSuite suite" time="0.0" classname="com.viacom.smoketestscripts.BaseTestV2">
    <ignored/>
  </testcase> <!-- @BeforeSuite suite -->
  <testcase name="@BeforeSuite suite" time="0.0" classname="com.viacom.smoketestscripts.BaseTestV2">
    <ignored/>
  </testcase> <!-- @BeforeSuite suite -->
  <testcase name="@BeforeSuite suite" time="0.0" classname="com.viacom.smoketestscripts.BaseTestV2">
    <ignored/>
  </testcase> <!-- @BeforeSuite suite -->
  <testcase name="@BeforeSuite suite" time="0.0" classname="com.viacom.smoketestscripts.BaseTestV2">
    <ignored/>
  </testcase> <!-- @BeforeSuite suite -->
  <testcase name="@BeforeSuite suite" time="0.0" classname="com.viacom.smoketestscripts.BaseTestV2">
    <ignored/>
  </testcase> <!-- @BeforeSuite suite -->
  <testcase name="@BeforeSuite suite" time="0.0" classname="com.viacom.smoketestscripts.BaseTestV2">
    <ignored/>
  </testcase> <!-- @BeforeSuite suite -->
  <testcase name="@BeforeSuite suite" time="0.0" classname="com.viacom.smoketestscripts.BaseTestV2">
    <ignored/>
  </testcase> <!-- @BeforeSuite suite -->
  <testcase name="@BeforeSuite suite" time="0.0" classname="com.viacom.smoketestscripts.BaseTestV2">
    <ignored/>
  </testcase> <!-- @BeforeSuite suite -->
  <testcase name="@BeforeSuite suite" time="0.0" classname="com.viacom.smoketestscripts.BaseTestV2">
    <ignored/>
  </testcase> <!-- @BeforeSuite suite -->
  <testcase name="@BeforeSuite suite" time="0.0" classname="com.viacom.smoketestscripts.BaseTestV2">
    <ignored/>
  </testcase> <!-- @BeforeSuite suite -->
  <testcase name="@BeforeSuite suite" time="0.0" classname="com.viacom.smoketestscripts.BaseTestV2">
    <ignored/>
  </testcase> <!-- @BeforeSuite suite -->
  <testcase name="@BeforeSuite suite" time="0.0" classname="com.viacom.smoketestscripts.BaseTestV2">
    <ignored/>
  </testcase> <!-- @BeforeSuite suite -->
  <testcase name="@BeforeSuite suite" time="0.0" classname="com.viacom.smoketestscripts.BaseTestV2">
    <ignored/>
  </testcase> <!-- @BeforeSuite suite -->
  <testcase name="@BeforeSuite suite" time="0.0" classname="com.viacom.smoketestscripts.BaseTestV2">
    <ignored/>
  </testcase> <!-- @BeforeSuite suite -->
  <testcase name="@BeforeSuite suite" time="0.0" classname="com.viacom.smoketestscripts.BaseTestV2">
    <ignored/>
  </testcase> <!-- @BeforeSuite suite -->
  <testcase name="@BeforeSuite suite" time="0.0" classname="com.viacom.smoketestscripts.BaseTestV2">
    <ignored/>
  </testcase> <!-- @BeforeSuite suite -->
  <testcase name="@BeforeSuite suite" time="0.0" classname="com.viacom.smoketestscripts.BaseTestV2">
    <ignored/>
  </testcase> <!-- @BeforeSuite suite -->
  <testcase name="@BeforeSuite suite" time="0.0" classname="com.viacom.smoketestscripts.BaseTestV2">
    <ignored/>
  </testcase> <!-- @BeforeSuite suite -->
  <testcase name="@BeforeSuite suite" time="0.0" classname="com.viacom.smoketestscripts.BaseTestV2">
    <ignored/>
  </testcase> <!-- @BeforeSuite suite -->
  <testcase name="@BeforeSuite suite" time="0.0" classname="com.viacom.smoketestscripts.BaseTestV2">
    <ignored/>
  </testcase> <!-- @BeforeSuite suite -->
  <testcase name="@BeforeSuite suite" time="0.0" classname="com.viacom.smoketestscripts.BaseTestV2">
    <ignored/>
  </testcase> <!-- @BeforeSuite suite -->
  <testcase name="@BeforeSuite suite" time="0.0" classname="com.viacom.smoketestscripts.BaseTestV2">
    <ignored/>
  </testcase> <!-- @BeforeSuite suite -->
  <testcase name="@BeforeSuite suite" time="0.0" classname="com.viacom.smoketestscripts.BaseTestV2">
    <ignored/>
  </testcase> <!-- @BeforeSuite suite -->
  <testcase name="@BeforeSuite suite" time="0.0" classname="com.viacom.smoketestscripts.BaseTestV2">
    <ignored/>
  </testcase> <!-- @BeforeSuite suite -->
  <testcase name="@BeforeSuite suite" time="0.0" classname="com.viacom.smoketestscripts.BaseTestV2">
    <ignored/>
  </testcase> <!-- @BeforeSuite suite -->
  <testcase name="@BeforeSuite suite" time="0.0" classname="com.viacom.smoketestscripts.BaseTestV2">
    <ignored/>
  </testcase> <!-- @BeforeSuite suite -->
  <testcase name="@BeforeSuite suite" time="0.0" classname="com.viacom.smoketestscripts.BaseTestV2">
    <ignored/>
  </testcase> <!-- @BeforeSuite suite -->
  <testcase name="@BeforeSuite suite" time="0.0" classname="com.viacom.smoketestscripts.BaseTestV2">
    <ignored/>
  </testcase> <!-- @BeforeSuite suite -->
  <testcase name="@BeforeSuite suite" time="0.0" classname="com.viacom.smoketestscripts.BaseTestV2">
    <ignored/>
  </testcase> <!-- @BeforeSuite suite -->
  <testcase name="@BeforeSuite suite" time="0.0" classname="com.viacom.smoketestscripts.BaseTestV2">
    <ignored/>
  </testcase> <!-- @BeforeSuite suite -->
  <testcase name="@BeforeSuite suite" time="0.0" classname="com.viacom.smoketestscripts.BaseTestV2">
    <ignored/>
  </testcase> <!-- @BeforeSuite suite -->
  <testcase name="@BeforeSuite suite" time="0.0" classname="com.viacom.smoketestscripts.BaseTestV2">
    <ignored/>
  </testcase> <!-- @BeforeSuite suite -->
  <testcase name="@BeforeSuite suite" time="0.0" classname="com.viacom.smoketestscripts.BaseTestV2">
    <ignored/>
  </testcase> <!-- @BeforeSuite suite -->
  <testcase name="@BeforeSuite suite" time="0.0" classname="com.viacom.smoketestscripts.BaseTestV2">
    <ignored/>
  </testcase> <!-- @BeforeSuite suite -->
  <testcase name="@BeforeSuite suite" time="0.0" classname="com.viacom.smoketestscripts.BaseTestV2">
    <ignored/>
  </testcase> <!-- @BeforeSuite suite -->
  <testcase name="@BeforeSuite suite" time="0.0" classname="com.viacom.smoketestscripts.BaseTestV2">
    <ignored/>
  </testcase> <!-- @BeforeSuite suite -->
  <testcase name="@AfterSuite close" time="0.0" classname="com.viacom.smoketestscripts.BaseTestV2">
    <ignored/>
  </testcase> <!-- @AfterSuite close -->
  <testcase name="@AfterSuite close" time="0.0" classname="com.viacom.smoketestscripts.BaseTestV2">
    <ignored/>
  </testcase> <!-- @AfterSuite close -->
  <testcase name="@AfterSuite close" time="0.0" classname="com.viacom.smoketestscripts.BaseTestV2">
    <ignored/>
  </testcase> <!-- @AfterSuite close -->
  <testcase name="@AfterSuite close" time="0.0" classname="com.viacom.smoketestscripts.BaseTestV2">
    <ignored/>
  </testcase> <!-- @AfterSuite close -->
  <testcase name="@AfterSuite close" time="0.0" classname="com.viacom.smoketestscripts.BaseTestV2">
    <ignored/>
  </testcase> <!-- @AfterSuite close -->
  <testcase name="@AfterSuite close" time="0.0" classname="com.viacom.smoketestscripts.BaseTestV2">
    <ignored/>
  </testcase> <!-- @AfterSuite close -->
  <testcase name="@AfterSuite close" time="0.0" classname="com.viacom.smoketestscripts.BaseTestV2">
    <ignored/>
  </testcase> <!-- @AfterSuite close -->
  <testcase name="@AfterSuite close" time="0.0" classname="com.viacom.smoketestscripts.BaseTestV2">
    <ignored/>
  </testcase> <!-- @AfterSuite close -->
  <testcase name="@AfterSuite close" time="0.0" classname="com.viacom.smoketestscripts.BaseTestV2">
    <ignored/>
  </testcase> <!-- @AfterSuite close -->
  <testcase name="@AfterSuite close" time="0.0" classname="com.viacom.smoketestscripts.BaseTestV2">
    <ignored/>
  </testcase> <!-- @AfterSuite close -->
  <testcase name="@AfterSuite close" time="0.0" classname="com.viacom.smoketestscripts.BaseTestV2">
    <ignored/>
  </testcase> <!-- @AfterSuite close -->
  <testcase name="@AfterSuite close" time="0.0" classname="com.viacom.smoketestscripts.BaseTestV2">
    <ignored/>
  </testcase> <!-- @AfterSuite close -->
  <testcase name="@AfterSuite close" time="0.0" classname="com.viacom.smoketestscripts.BaseTestV2">
    <ignored/>
  </testcase> <!-- @AfterSuite close -->
  <testcase name="@AfterSuite close" time="0.0" classname="com.viacom.smoketestscripts.BaseTestV2">
    <ignored/>
  </testcase> <!-- @AfterSuite close -->
  <testcase name="@AfterSuite close" time="0.0" classname="com.viacom.smoketestscripts.BaseTestV2">
    <ignored/>
  </testcase> <!-- @AfterSuite close -->
  <testcase name="@AfterSuite close" time="0.0" classname="com.viacom.smoketestscripts.BaseTestV2">
    <ignored/>
  </testcase> <!-- @AfterSuite close -->
  <testcase name="@AfterSuite close" time="0.0" classname="com.viacom.smoketestscripts.BaseTestV2">
    <ignored/>
  </testcase> <!-- @AfterSuite close -->
  <testcase name="@AfterSuite close" time="0.0" classname="com.viacom.smoketestscripts.BaseTestV2">
    <ignored/>
  </testcase> <!-- @AfterSuite close -->
  <testcase name="@AfterSuite close" time="0.0" classname="com.viacom.smoketestscripts.BaseTestV2">
    <ignored/>
  </testcase> <!-- @AfterSuite close -->
  <testcase name="@AfterSuite close" time="0.0" classname="com.viacom.smoketestscripts.BaseTestV2">
    <ignored/>
  </testcase> <!-- @AfterSuite close -->
  <testcase name="@AfterSuite close" time="0.0" classname="com.viacom.smoketestscripts.BaseTestV2">
    <ignored/>
  </testcase> <!-- @AfterSuite close -->
  <testcase name="@AfterSuite close" time="0.0" classname="com.viacom.smoketestscripts.BaseTestV2">
    <ignored/>
  </testcase> <!-- @AfterSuite close -->
  <testcase name="@AfterSuite close" time="0.0" classname="com.viacom.smoketestscripts.BaseTestV2">
    <ignored/>
  </testcase> <!-- @AfterSuite close -->
  <testcase name="@AfterSuite close" time="0.0" classname="com.viacom.smoketestscripts.BaseTestV2">
    <ignored/>
  </testcase> <!-- @AfterSuite close -->
  <testcase name="@AfterSuite close" time="0.0" classname="com.viacom.smoketestscripts.BaseTestV2">
    <ignored/>
  </testcase> <!-- @AfterSuite close -->
  <testcase name="@AfterSuite close" time="0.0" classname="com.viacom.smoketestscripts.BaseTestV2">
    <ignored/>
  </testcase> <!-- @AfterSuite close -->
  <testcase name="@AfterSuite close" time="0.0" classname="com.viacom.smoketestscripts.BaseTestV2">
    <ignored/>
  </testcase> <!-- @AfterSuite close -->
  <testcase name="@AfterSuite close" time="0.0" classname="com.viacom.smoketestscripts.BaseTestV2">
    <ignored/>
  </testcase> <!-- @AfterSuite close -->
  <testcase name="@AfterSuite close" time="0.0" classname="com.viacom.smoketestscripts.BaseTestV2">
    <ignored/>
  </testcase> <!-- @AfterSuite close -->
  <testcase name="@AfterSuite close" time="0.0" classname="com.viacom.smoketestscripts.BaseTestV2">
    <ignored/>
  </testcase> <!-- @AfterSuite close -->
  <testcase name="@AfterSuite close" time="0.0" classname="com.viacom.smoketestscripts.BaseTestV2">
    <ignored/>
  </testcase> <!-- @AfterSuite close -->
  <testcase name="@AfterSuite close" time="0.0" classname="com.viacom.smoketestscripts.BaseTestV2">
    <ignored/>
  </testcase> <!-- @AfterSuite close -->
  <testcase name="@AfterSuite close" time="0.0" classname="com.viacom.smoketestscripts.BaseTestV2">
    <ignored/>
  </testcase> <!-- @AfterSuite close -->
  <testcase name="@AfterSuite close" time="0.0" classname="com.viacom.smoketestscripts.BaseTestV2">
    <ignored/>
  </testcase> <!-- @AfterSuite close -->
  <testcase name="@AfterSuite close" time="0.0" classname="com.viacom.smoketestscripts.BaseTestV2">
    <ignored/>
  </testcase> <!-- @AfterSuite close -->
  <testcase name="@AfterSuite close" time="0.0" classname="com.viacom.smoketestscripts.BaseTestV2">
    <ignored/>
  </testcase> <!-- @AfterSuite close -->
  <testcase name="@AfterSuite close" time="0.0" classname="com.viacom.smoketestscripts.BaseTestV2">
    <ignored/>
  </testcase> <!-- @AfterSuite close -->
  <testcase name="@AfterSuite close" time="0.0" classname="com.viacom.smoketestscripts.BaseTestV2">
    <ignored/>
  </testcase> <!-- @AfterSuite close -->
  <testcase name="@AfterSuite close" time="0.0" classname="com.viacom.smoketestscripts.BaseTestV2">
    <ignored/>
  </testcase> <!-- @AfterSuite close -->
  <testcase name="@AfterSuite close" time="0.0" classname="com.viacom.smoketestscripts.BaseTestV2">
    <ignored/>
  </testcase> <!-- @AfterSuite close -->
  <testcase name="@AfterSuite close" time="0.0" classname="com.viacom.smoketestscripts.BaseTestV2">
    <ignored/>
  </testcase> <!-- @AfterSuite close -->
  <testcase name="@AfterSuite close" time="0.0" classname="com.viacom.smoketestscripts.BaseTestV2">
    <ignored/>
  </testcase> <!-- @AfterSuite close -->
  <testcase name="@AfterSuite close" time="0.0" classname="com.viacom.smoketestscripts.BaseTestV2">
    <ignored/>
  </testcase> <!-- @AfterSuite close -->
  <testcase name="@AfterSuite close" time="0.0" classname="com.viacom.smoketestscripts.BaseTestV2">
    <ignored/>
  </testcase> <!-- @AfterSuite close -->
  <testcase name="@AfterSuite close" time="0.0" classname="com.viacom.smoketestscripts.BaseTestV2">
    <ignored/>
  </testcase> <!-- @AfterSuite close -->
  <testcase name="@AfterSuite close" time="0.0" classname="com.viacom.smoketestscripts.BaseTestV2">
    <ignored/>
  </testcase> <!-- @AfterSuite close -->
  <testcase name="@AfterSuite close" time="0.0" classname="com.viacom.smoketestscripts.BaseTestV2">
    <ignored/>
  </testcase> <!-- @AfterSuite close -->
</testsuite> <!-- Test -->
