<?xml version="1.0" encoding="UTF-8"?>
<!-- Generated by org.testng.reporters.JUnitReportReporter -->
<testsuite skipped="0" hostname="IFOCUSODC-PC30" name="com.viacom.upgrade.UpGradeValidation2" tests="1" failures="0" timestamp="31 Jan 2019 10:29:37 GMT" time="113.934" errors="1">
  <testcase name="VerifyEbookDefaults" time="113.934" classname="com.viacom.upgrade.UpGradeValidation2">
    <error type="org.openqa.selenium.WebDriverException" message="An unknown server-side error occurred while processing the command. Original error: Error occured while starting App. Original error: Error executing adbExec. Original error: &#039;Command &#039;C\:\\android-sdk-windows\\platform-tools\\adb.exe -P 5037 -s ZY32279CMM shell am start -W -n com.viacom18.vootkids/com.tv.vootkids.ui.home.VKHomeActivity&#039; exited with code 1&#039;; Stderr: &#039;java.lang.SecurityException: Permission Denial: starting Intent { flg=0x10000000 cmp=com.viacom18.vootkids/com.tv.vootkids.ui.home.VKHomeActivity } from null (pid=8717, uid=2000) not exported from uid 10353
	at android.os.Parcel.readException(Parcel.java:1684)
	at android.os.Parcel.readException(Parcel.java:1637)
	at android.app.ActivityManagerProxy.startActivityAndWait(ActivityManagerNative.java:3282)
	at com.android.commands.am.Am.runStart(Am.java:634)
	at com.android.commands.am.Am.onRun(Am.java:390)
	at com.android.internal.os.BaseCommand.run(BaseCommand.java:51)
	at com.android.commands.am.Am.main(Am.java:122)
	at com.android.internal.os.RuntimeInit.nativeFinishInit(Native Method)
	at com.android.internal.os.RuntimeInit.main(RuntimeInit.java:262)&#039;; Code: &#039;1&#039;
Build info: version: &#039;3.12.0&#039;, revision: &#039;7c6e0b3&#039;, time: &#039;2018-05-08T15:15:08.936Z&#039;
System info: host: &#039;IFOCUSODC-PC30&#039;, ip: &#039;192.168.1.146&#039;, os.name: &#039;Windows 8.1&#039;, os.arch: &#039;amd64&#039;, os.version: &#039;6.3&#039;, java.version: &#039;1.8.0_131&#039;
Driver info: io.appium.java_client.android.AndroidDriver
Capabilities {BROWSER_NAME: Android, VERSION: 7.1.1, app: C:\Viacom_Kids(Lenovo)\Voot..., appActivity: com.tv.vootkids.ui.home.VKb..., appPackage: com.viacom18.vootkids, appWaitActivity: com.tv.vootkids.ui.home.VKb..., appWaitPackage: com.viacom18.vootkids, databaseEnabled: false, desired: {BROWSER_NAME: Android, VERSION: 7.1.1, app: C:\Viacom_Kids(Lenovo)\Voot..., deviceName: Moto, newCommandTimeout: 300, platformName: android, udid: ZY32279CMM, unlockKey: 1111, unlockType: pin}, deviceManufacturer: motorola, deviceModel: Moto G (5S) Plus, deviceName: ZY32279CMM, deviceScreenSize: 1080x1920, deviceUDID: ZY32279CMM, javascriptEnabled: true, locationContextEnabled: false, networkConnectionEnabled: true, newCommandTimeout: 300, platform: LINUX, platformName: LINUX, platformVersion: 7.1.1, takesScreenshot: true, udid: ZY32279CMM, unlockKey: 1111, unlockType: pin, warnings: {}, webStorageEnabled: false}
Session ID: 4f05e807-9853-4c69-9c3a-2153fe92e296">
      <![CDATA[org.openqa.selenium.WebDriverException: An unknown server-side error occurred while processing the command. Original error: Error occured while starting App. Original error: Error executing adbExec. Original error: 'Command 'C\:\\android-sdk-windows\\platform-tools\\adb.exe -P 5037 -s ZY32279CMM shell am start -W -n com.viacom18.vootkids/com.tv.vootkids.ui.home.VKHomeActivity' exited with code 1'; Stderr: 'java.lang.SecurityException: Permission Denial: starting Intent { flg=0x10000000 cmp=com.viacom18.vootkids/com.tv.vootkids.ui.home.VKHomeActivity } from null (pid=8717, uid=2000) not exported from uid 10353
at android.os.Parcel.readException(Parcel.java:1684)
at android.os.Parcel.readException(Parcel.java:1637)
at android.app.ActivityManagerProxy.startActivityAndWait(ActivityManagerNative.java:3282)
at com.android.commands.am.Am.runStart(Am.java:634)
at com.android.commands.am.Am.onRun(Am.java:390)
at com.android.internal.os.BaseCommand.run(BaseCommand.java:51)
at com.android.commands.am.Am.main(Am.java:122)
at com.android.internal.os.RuntimeInit.nativeFinishInit(Native Method)
at com.android.internal.os.RuntimeInit.main(RuntimeInit.java:262)'; Code: '1'
Build info: version: '3.12.0', revision: '7c6e0b3', time: '2018-05-08T15:15:08.936Z'
System info: host: 'IFOCUSODC-PC30', ip: '192.168.1.146', os.name: 'Windows 8.1', os.arch: 'amd64', os.version: '6.3', java.version: '1.8.0_131'
Driver info: io.appium.java_client.android.AndroidDriver
Capabilities {BROWSER_NAME: Android, VERSION: 7.1.1, app: C:\Viacom_Kids(Lenovo)\Voot..., appActivity: com.tv.vootkids.ui.home.VKb..., appPackage: com.viacom18.vootkids, appWaitActivity: com.tv.vootkids.ui.home.VKb..., appWaitPackage: com.viacom18.vootkids, databaseEnabled: false, desired: {BROWSER_NAME: Android, VERSION: 7.1.1, app: C:\Viacom_Kids(Lenovo)\Voot..., deviceName: Moto, newCommandTimeout: 300, platformName: android, udid: ZY32279CMM, unlockKey: 1111, unlockType: pin}, deviceManufacturer: motorola, deviceModel: Moto G (5S) Plus, deviceName: ZY32279CMM, deviceScreenSize: 1080x1920, deviceUDID: ZY32279CMM, javascriptEnabled: true, locationContextEnabled: false, networkConnectionEnabled: true, newCommandTimeout: 300, platform: LINUX, platformName: LINUX, platformVersion: 7.1.1, takesScreenshot: true, udid: ZY32279CMM, unlockKey: 1111, unlockType: pin, warnings: {}, webStorageEnabled: false}
Session ID: 4f05e807-9853-4c69-9c3a-2153fe92e296
at sun.reflect.NativeConstructorAccessorImpl.newInstance0(Native Method)
at sun.reflect.NativeConstructorAccessorImpl.newInstance(Unknown Source)
at sun.reflect.DelegatingConstructorAccessorImpl.newInstance(Unknown Source)
at java.lang.reflect.Constructor.newInstance(Unknown Source)
at org.openqa.selenium.remote.http.W3CHttpResponseCodec.createException(W3CHttpResponseCodec.java:187)
at org.openqa.selenium.remote.http.W3CHttpResponseCodec.decode(W3CHttpResponseCodec.java:122)
at org.openqa.selenium.remote.http.W3CHttpResponseCodec.decode(W3CHttpResponseCodec.java:49)
at org.openqa.selenium.remote.HttpCommandExecutor.execute(HttpCommandExecutor.java:158)
at io.appium.java_client.remote.AppiumCommandExecutor.execute(AppiumCommandExecutor.java:218)
at org.openqa.selenium.remote.RemoteWebDriver.execute(RemoteWebDriver.java:543)
at io.appium.java_client.DefaultGenericMobileDriver.execute(DefaultGenericMobileDriver.java:42)
at io.appium.java_client.AppiumDriver.execute(AppiumDriver.java:1)
at io.appium.java_client.android.AndroidDriver.execute(AndroidDriver.java:1)
at io.appium.java_client.InteractsWithApps.runAppInBackground(InteractsWithApps.java:104)
at com.viacom.pagesVersion2.HomePageV2.login(HomePageV2.java:1205)
at com.viacom.upgrade.UpGradeValidation2.VerifyEbookDefaults(UpGradeValidation2.java:67)
at sun.reflect.NativeMethodAccessorImpl.invoke0(Native Method)
at sun.reflect.NativeMethodAccessorImpl.invoke(Unknown Source)
at sun.reflect.DelegatingMethodAccessorImpl.invoke(Unknown Source)
at java.lang.reflect.Method.invoke(Unknown Source)
at org.testng.internal.MethodInvocationHelper.invokeMethod(MethodInvocationHelper.java:124)
at org.testng.internal.Invoker.invokeMethod(Invoker.java:580)
at org.testng.internal.Invoker.invokeTestMethod(Invoker.java:716)
at org.testng.internal.Invoker.invokeTestMethods(Invoker.java:988)
at org.testng.internal.TestMethodWorker.invokeTestMethods(TestMethodWorker.java:125)
at org.testng.internal.TestMethodWorker.run(TestMethodWorker.java:109)
at org.testng.TestRunner.privateRun(TestRunner.java:648)
at org.testng.TestRunner.run(TestRunner.java:505)
at org.testng.SuiteRunner.runTest(SuiteRunner.java:455)
at org.testng.SuiteRunner.runSequentially(SuiteRunner.java:450)
at org.testng.SuiteRunner.privateRun(SuiteRunner.java:415)
at org.testng.SuiteRunner.run(SuiteRunner.java:364)
at org.testng.SuiteRunnerWorker.runSuite(SuiteRunnerWorker.java:52)
at org.testng.SuiteRunnerWorker.run(SuiteRunnerWorker.java:84)
at org.testng.TestNG.runSuitesSequentially(TestNG.java:1208)
at org.testng.TestNG.runSuitesLocally(TestNG.java:1137)
at org.testng.TestNG.runSuites(TestNG.java:1049)
at org.testng.TestNG.run(TestNG.java:1017)
at org.testng.remote.AbstractRemoteTestNG.run(AbstractRemoteTestNG.java:114)
at org.testng.remote.RemoteTestNG.initAndRun(RemoteTestNG.java:251)
at org.testng.remote.RemoteTestNG.main(RemoteTestNG.java:77)
]]>
    </error>
  </testcase> <!-- VerifyEbookDefaults -->
</testsuite> <!-- com.viacom.upgrade.UpGradeValidation2 -->
